#
# A fatal error has been detected by the Java Runtime Environment:
#
#  EXCEPTION_ACCESS_VIOLATION (0xc0000005) at pc=0x000000006ebd4d48, pid=30896, tid=0x0000000000006390
#
# JRE version: OpenJDK Runtime Environment (8.0_212-b04) (build 1.8.0_212-b04)
# Java VM: OpenJDK 64-Bit Server VM (25.212-b04 mixed mode windows-amd64 compressed oops)
# Problematic frame:
# V  [jvm.dll+0x104d48]
#
# Failed to write core dump. Minidumps are not enabled by default on client versions of Windows
#
# If you would like to submit a bug report, please visit:
#   
#

---------------  T H R E A D  ---------------

Current thread (0x00000283b9bf1000):  JavaThread "*** Profiler Agent Communication Thread" daemon [_thread_in_vm, id=25488, stack(0x0000009421300000,0x0000009421400000)]

siginfo: ExceptionCode=0xc0000005, reading address 0xffffffffc5aa1ab8

Registers:
RAX=0x00000094213fec01, RBX=0x00000283b9bf1000, RCX=0xffffffffc5aa1ab8, RDX=0x0000000000000000
RSP=0x00000094213fec50, RBP=0xffffffffc5aa1ab8, RSI=0x00000283a1a43c20, RDI=0x00000094213fed70
R8 =0x00000283b9bf1000, R9 =0xffffffffc5aa1ab8, R10=0x0000000000000000, R11=0x00000094213fe801
R12=0x00000283bc4bf7a0, R13=0x0000000000000041, R14=0x00007ffb84f89c68, R15=0x00007ffb84f89a60
RIP=0x000000006ebd4d48, EFLAGS=0x0000000000010286

Top of Stack: (sp=0x00000094213fec50)
0x00000094213fec50:   0000000000000000 0000000000000000
0x00000094213fec60:   00000283b9bf1000 00000094213fee18
0x00000094213fec70:   00000283b9bf1000 000000006edbd64d
0x00000094213fec80:   0000000000000a28 00000283b7375a18
0x00000094213fec90:   00000283b9bf11e0 00007ffb8fab9d40
0x00000094213feca0:   00000283b9bf1000 0000000000000000
0x00000094213fecb0:   0000009400000000 0000000000000000
0x00000094213fecc0:   ffffffffc5aa1ab8 00007ffb84f834da
0x00000094213fecd0:   0000000000000000 00000283b9bf11e0
0x00000094213fece0:   00000283b7375a18 000000006eb66365
0x00000094213fecf0:   00000283bc4bf7a0 00000283b9c05ee0
0x00000094213fed00:   00000000000003d8 00000283b9c05ef0
0x00000094213fed10:   00000283b74fb5d8 00000283b9bf1000
0x00000094213fed20:   00000283b74fb5d8 00000283b9bf1000
0x00000094213fed30:   00000283b9bf1000 00000283b74fb5d8
0x00000094213fed40:   0000000000000000 0000000000000108 

Instructions: (pc=0x000000006ebd4d48)
0x000000006ebd4d28:   cc cc cc cc cc cc cc cc 48 83 ec 28 4c 8b c9 48
0x000000006ebd4d38:   85 c9 75 07 33 c0 48 83 c4 28 c3 48 89 5c 24 20
0x000000006ebd4d48:   48 8b 19 48 85 db 74 3f 48 8b 43 08 48 8b 48 08
0x000000006ebd4d58:   48 8b 41 18 48 85 c0 74 2e 48 8b 80 90 00 00 00 


Register to memory mapping:

RAX=0x00000094213fec01 is pointing into the stack for thread: 0x00000283b9bf1000
RBX=0x00000283b9bf1000 is a thread
RCX=0xffffffffc5aa1ab8 is an unknown value
RDX=0x0000000000000000 is an unknown value
RSP=0x00000094213fec50 is pointing into the stack for thread: 0x00000283b9bf1000
RBP=0xffffffffc5aa1ab8 is an unknown value
RSI=0x00000283a1a43c20 is an unknown value
RDI=0x00000094213fed70 is pointing into the stack for thread: 0x00000283b9bf1000
R8 =0x00000283b9bf1000 is a thread
R9 =0xffffffffc5aa1ab8 is an unknown value
R10=0x0000000000000000 is an unknown value
R11=0x00000094213fe801 is pointing into the stack for thread: 0x00000283b9bf1000
R12=0x00000283bc4bf7a0 is an unknown value
R13=0x0000000000000041 is an unknown value
R14=0x00007ffb84f89c68 is an unknown value
R15=0x00007ffb84f89a60 is an unknown value


Stack: [0x0000009421300000,0x0000009421400000],  sp=0x00000094213fec50,  free space=1019k
Native frames: (J=compiled Java code, j=interpreted, Vv=VM code, C=native code)
V  [jvm.dll+0x104d48]
V  [jvm.dll+0x2ed64d]
C  [profilerinterface.dll+0x34da]
C  0x00000283a32c9c6e

Java frames: (J=compiled Java code, j=interpreted, Vv=VM code)
j  org.netbeans.lib.profiler.server.system.Stacks.getMethodNamesForJMethodIds(I[I[I)[B+0
j  org.netbeans.lib.profiler.server.ProfilerInterface.getMethodNamesForJMethodIds([I)Lorg/netbeans/lib/profiler/wireprotocol/MethodNamesResponse;+20
j  org.netbeans.lib.profiler.server.ProfilerServer.handleClientCommand(Lorg/netbeans/lib/profiler/wireprotocol/Command;)V+691
j  org.netbeans.lib.profiler.server.ProfilerServer.listenToClient()V+48
j  org.netbeans.lib.profiler.server.ProfilerServer.run()V+22
v  ~StubRoutines::call_stub

---------------  P R O C E S S  ---------------

Java Threads: ( => current thread )
  0x00000283c5842800 JavaThread "*** Profiler Agent Special Execution Thread 10" daemon [_thread_blocked, id=33272, stack(0x0000009422000000,0x0000009422100000)]
  0x00000283c5844000 JavaThread "LWJGL Timer" daemon [_thread_blocked, id=18364, stack(0x0000009421d00000,0x0000009421e00000)]
  0x00000283bd905000 JavaThread "jME3 Audio Decoder" daemon [_thread_blocked, id=9648, stack(0x0000009422800000,0x0000009422900000)]
  0x00000283a1a4a000 JavaThread "DestroyJavaVM" [_thread_blocked, id=31376, stack(0x0000009420500000,0x0000009420600000)]
  0x00000283baf51000 JavaThread "jME3 Main" [_thread_blocked, id=2504, stack(0x0000009422200000,0x0000009422300000)]
  0x00000283bad16800 JavaThread "TimerQueue" daemon [_thread_blocked, id=2444, stack(0x0000009422100000,0x0000009422200000)]
  0x00000283ba938800 JavaThread "AWT-Windows" daemon [_thread_in_native, id=29360, stack(0x0000009421e00000,0x0000009421f00000)]
  0x00000283ba933000 JavaThread "Java2D Disposer" daemon [_thread_blocked, id=25088, stack(0x0000009421c00000,0x0000009421d00000)]
  0x00000283b9d7e800 JavaThread "Service Thread" daemon [_thread_blocked, id=16400, stack(0x0000009421a00000,0x0000009421b00000)]
  0x00000283b9dc3800 JavaThread "C1 CompilerThread3" daemon [_thread_blocked, id=7464, stack(0x0000009421900000,0x0000009421a00000)]
  0x00000283b9dc2800 JavaThread "C2 CompilerThread2" daemon [_thread_blocked, id=23944, stack(0x0000009421800000,0x0000009421900000)]
  0x00000283b9dc0000 JavaThread "C2 CompilerThread1" daemon [_thread_blocked, id=24368, stack(0x0000009421700000,0x0000009421800000)]
  0x00000283b9dbf000 JavaThread "C2 CompilerThread0" daemon [_thread_blocked, id=8332, stack(0x0000009421600000,0x0000009421700000)]
  0x00000283b9cc6800 JavaThread "*** Profiler Agent Special Execution Thread 6" daemon [_thread_blocked, id=23676, stack(0x0000009421500000,0x0000009421600000)]
  0x00000283b9cc5800 JavaThread "*** JFluid Monitor thread ***" daemon [_thread_blocked, id=5112, stack(0x0000009421400000,0x0000009421500000)]
=>0x00000283b9bf1000 JavaThread "*** Profiler Agent Communication Thread" daemon [_thread_in_vm, id=25488, stack(0x0000009421300000,0x0000009421400000)]
  0x00000283b847f000 JavaThread "Attach Listener" daemon [_thread_blocked, id=26536, stack(0x0000009421200000,0x0000009421300000)]
  0x00000283b847e000 JavaThread "Signal Dispatcher" daemon [_thread_blocked, id=13384, stack(0x0000009421100000,0x0000009421200000)]
  0x00000283b8450000 JavaThread "Finalizer" daemon [_thread_blocked, id=31132, stack(0x0000009421000000,0x0000009421100000)]
  0x00000283b844d800 JavaThread "Reference Handler" daemon [_thread_blocked, id=32472, stack(0x0000009420f00000,0x0000009421000000)]

Other Threads:
  0x00000283b8424800 VMThread [stack: 0x0000009420e00000,0x0000009420f00000] [id=1156]
  0x00000283b9e18000 WatcherThread [stack: 0x0000009421b00000,0x0000009421c00000] [id=15572]

VM state:synchronizing (normal execution)

VM Mutex/Monitor currently owned by a thread:  ([mutex/lock_event])
[0x00000283a1a481e0] Threads_lock - owner thread: 0x00000283b8424800

heap address: 0x0000000083a00000, size: 1990 MB, Compressed Oops mode: 32-bit
Narrow klass base: 0x0000000000000000, Narrow klass shift: 3
Compressed class space size: 1073741824 Address: 0x0000000100000000

Heap:
 PSYoungGen      total 31232K, used 15870K [0x00000000d6900000, 0x00000000d9b00000, 0x0000000100000000)
  eden space 30720K, 50% used [0x00000000d6900000,0x00000000d7837890,0x00000000d8700000)
  from space 512K, 56% used [0x00000000d9a80000,0x00000000d9ac8000,0x00000000d9b00000)
  to   space 10240K, 0% used [0x00000000d8700000,0x00000000d8700000,0x00000000d9100000)
 ParOldGen       total 86016K, used 17894K [0x0000000083a00000, 0x0000000088e00000, 0x00000000d6900000)
  object space 86016K, 20% used [0x0000000083a00000,0x0000000084b79838,0x0000000088e00000)
 Metaspace       used 24870K, capacity 25281K, committed 25472K, reserved 1071104K
  class space    used 2743K, capacity 2850K, committed 2944K, reserved 1048576K

Card table byte_map: [0x00000283b2670000,0x00000283b2a60000] byte_map_base: 0x00000283b2253000

Marking Bits: (ParMarkBitMap*) 0x000000006f251f50
 Begin Bits: [0x00000283b2d00000, 0x00000283b4c18000)
 End Bits:   [0x00000283b4c18000, 0x00000283b6b30000)

Polling page: 0x00000283a19d0000

CodeCache: size=245760Kb used=12738Kb max_used=12749Kb free=233021Kb
 bounds [0x00000283a32b0000, 0x00000283a3f40000, 0x00000283b22b0000]
 total_blobs=4543 nmethods=3816 adapters=639
 compilation: enabled

Compilation events (10 events):
Event: 30.548 Thread 0x00000283b9dc3800 3819       3       java.lang.Thread::getId (5 bytes)
Event: 30.549 Thread 0x00000283b9dc3800 nmethod 3819 0x00000283a3f1f310 code [0x00000283a3f1f460, 0x00000283a3f1f5b8]
Event: 30.657 Thread 0x00000283b9dc3800 3820       3       java.util.Arrays::equals (54 bytes)
Event: 30.657 Thread 0x00000283b9dc3800 nmethod 3820 0x00000283a3f1ed10 code [0x00000283a3f1ee80, 0x00000283a3f1f1f8]
Event: 30.679 Thread 0x00000283b9dc3800 3821       3       org.netbeans.lib.profiler.server.ProfilerRuntimeSampler$Sampling::writeThreadInfoNoChange (86 bytes)
Event: 30.679 Thread 0x00000283b9dc3800 nmethod 3821 0x00000283a3f22e90 code [0x00000283a3f23020, 0x00000283a3f233f0]
Event: 30.733 Thread 0x00000283b9dc0000 3822       4       java.lang.Integer::<init> (10 bytes)
Event: 30.734 Thread 0x00000283b9dc0000 nmethod 3822 0x00000283a3ee9690 code [0x00000283a3ee97c0, 0x00000283a3ee9818]
Event: 31.129 Thread 0x00000283b9dc2800 3823       4       java.nio.DirectIntBufferU::put (18 bytes)
Event: 31.130 Thread 0x00000283b9dc2800 nmethod 3823 0x00000283a3eedbd0 code [0x00000283a3eedd00, 0x00000283a3eeddb8]

GC Heap History (10 events):
Event: 10.293 GC heap before
{Heap before GC invocations=8 (full 2):
 PSYoungGen      total 37888K, used 37863K [0x00000000d6900000, 0x00000000db300000, 0x0000000100000000)
  eden space 32768K, 100% used [0x00000000d6900000,0x00000000d8900000,0x00000000d8900000)
  from space 5120K, 99% used [0x00000000d8900000,0x00000000d8df9cb0,0x00000000d8e00000)
  to   space 5120K, 0% used [0x00000000dae00000,0x00000000dae00000,0x00000000db300000)
 ParOldGen       total 86016K, used 11129K [0x0000000083a00000, 0x0000000088e00000, 0x00000000d6900000)
  object space 86016K, 12% used [0x0000000083a00000,0x00000000844de6e0,0x0000000088e00000)
 Metaspace       used 24506K, capacity 24885K, committed 25216K, reserved 1071104K
  class space    used 2737K, capacity 2848K, committed 2944K, reserved 1048576K
Event: 10.300 GC heap after
Heap after GC invocations=8 (full 2):
 PSYoungGen      total 37888K, used 5108K [0x00000000d6900000, 0x00000000db300000, 0x0000000100000000)
  eden space 32768K, 0% used [0x00000000d6900000,0x00000000d6900000,0x00000000d8900000)
  from space 5120K, 99% used [0x00000000dae00000,0x00000000db2fd180,0x00000000db300000)
  to   space 5120K, 0% used [0x00000000d8900000,0x00000000d8900000,0x00000000d8e00000)
 ParOldGen       total 86016K, used 12790K [0x0000000083a00000, 0x0000000088e00000, 0x00000000d6900000)
  object space 86016K, 14% used [0x0000000083a00000,0x000000008467da78,0x0000000088e00000)
 Metaspace       used 24506K, capacity 24885K, committed 25216K, reserved 1071104K
  class space    used 2737K, capacity 2848K, committed 2944K, reserved 1048576K
}
Event: 18.642 GC heap before
{Heap before GC invocations=9 (full 2):
 PSYoungGen      total 37888K, used 37876K [0x00000000d6900000, 0x00000000db300000, 0x0000000100000000)
  eden space 32768K, 100% used [0x00000000d6900000,0x00000000d8900000,0x00000000d8900000)
  from space 5120K, 99% used [0x00000000dae00000,0x00000000db2fd180,0x00000000db300000)
  to   space 5120K, 0% used [0x00000000d8900000,0x00000000d8900000,0x00000000d8e00000)
 ParOldGen       total 86016K, used 12790K [0x0000000083a00000, 0x0000000088e00000, 0x00000000d6900000)
  object space 86016K, 14% used [0x0000000083a00000,0x000000008467da78,0x0000000088e00000)
 Metaspace       used 24639K, capacity 25013K, committed 25216K, reserved 1071104K
  class space    used 2737K, capacity 2848K, committed 2944K, reserved 1048576K
Event: 18.647 GC heap after
Heap after GC invocations=9 (full 2):
 PSYoungGen      total 37376K, used 5104K [0x00000000d6900000, 0x00000000dae80000, 0x0000000100000000)
  eden space 32256K, 0% used [0x00000000d6900000,0x00000000d6900000,0x00000000d8880000)
  from space 5120K, 99% used [0x00000000d8900000,0x00000000d8dfc170,0x00000000d8e00000)
  to   space 10752K, 0% used [0x00000000da400000,0x00000000da400000,0x00000000dae80000)
 ParOldGen       total 86016K, used 12862K [0x0000000083a00000, 0x0000000088e00000, 0x00000000d6900000)
  object space 86016K, 14% used [0x0000000083a00000,0x000000008468fa78,0x0000000088e00000)
 Metaspace       used 24639K, capacity 25013K, committed 25216K, reserved 1071104K
  class space    used 2737K, capacity 2848K, committed 2944K, reserved 1048576K
}
Event: 22.813 GC heap before
{Heap before GC invocations=10 (full 2):
 PSYoungGen      total 37376K, used 37360K [0x00000000d6900000, 0x00000000dae80000, 0x0000000100000000)
  eden space 32256K, 100% used [0x00000000d6900000,0x00000000d8880000,0x00000000d8880000)
  from space 5120K, 99% used [0x00000000d8900000,0x00000000d8dfc170,0x00000000d8e00000)
  to   space 10752K, 0% used [0x00000000da400000,0x00000000da400000,0x00000000dae80000)
 ParOldGen       total 86016K, used 12862K [0x0000000083a00000, 0x0000000088e00000, 0x00000000d6900000)
  object space 86016K, 14% used [0x0000000083a00000,0x000000008468fa78,0x0000000088e00000)
 Metaspace       used 24674K, capacity 25019K, committed 25216K, reserved 1071104K
  class space    used 2737K, capacity 2849K, committed 2944K, reserved 1048576K
Event: 22.818 GC heap after
Heap after GC invocations=10 (full 2):
 PSYoungGen      total 37376K, used 5183K [0x00000000d6900000, 0x00000000da980000, 0x0000000100000000)
  eden space 31744K, 0% used [0x00000000d6900000,0x00000000d6900000,0x00000000d8800000)
  from space 5632K, 92% used [0x00000000da400000,0x00000000da90fca8,0x00000000da980000)
  to   space 10240K, 0% used [0x00000000d9580000,0x00000000d9580000,0x00000000d9f80000)
 ParOldGen       total 86016K, used 12870K [0x0000000083a00000, 0x0000000088e00000, 0x00000000d6900000)
  object space 86016K, 14% used [0x0000000083a00000,0x0000000084691a78,0x0000000088e00000)
 Metaspace       used 24674K, capacity 25019K, committed 25216K, reserved 1071104K
  class space    used 2737K, capacity 2849K, committed 2944K, reserved 1048576K
}
Event: 23.407 GC heap before
{Heap before GC invocations=11 (full 2):
 PSYoungGen      total 37376K, used 36927K [0x00000000d6900000, 0x00000000da980000, 0x0000000100000000)
  eden space 31744K, 100% used [0x00000000d6900000,0x00000000d8800000,0x00000000d8800000)
  from space 5632K, 92% used [0x00000000da400000,0x00000000da90fca8,0x00000000da980000)
  to   space 10240K, 0% used [0x00000000d9580000,0x00000000d9580000,0x00000000d9f80000)
 ParOldGen       total 86016K, used 12870K [0x0000000083a00000, 0x0000000088e00000, 0x00000000d6900000)
  object space 86016K, 14% used [0x0000000083a00000,0x0000000084691a78,0x0000000088e00000)
 Metaspace       used 24767K, capacity 25147K, committed 25472K, reserved 1071104K
  class space    used 2737K, capacity 2849K, committed 2944K, reserved 1048576K
Event: 23.412 GC heap after
Heap after GC invocations=11 (full 2):
 PSYoungGen      total 35328K, used 3641K [0x00000000d6900000, 0x00000000da480000, 0x0000000100000000)
  eden space 31232K, 0% used [0x00000000d6900000,0x00000000d6900000,0x00000000d8780000)
  from space 4096K, 88% used [0x00000000d9580000,0x00000000d990e798,0x00000000d9980000)
  to   space 10240K, 0% used [0x00000000d9a80000,0x00000000d9a80000,0x00000000da480000)
 ParOldGen       total 86016K, used 14446K [0x0000000083a00000, 0x0000000088e00000, 0x00000000d6900000)
  object space 86016K, 16% used [0x0000000083a00000,0x000000008481b9f0,0x0000000088e00000)
 Metaspace       used 24767K, capacity 25147K, committed 25472K, reserved 1071104K
  class space    used 2737K, capacity 2849K, committed 2944K, reserved 1048576K
}
Event: 27.531 GC heap before
{Heap before GC invocations=12 (full 2):
 PSYoungGen      total 35328K, used 34873K [0x00000000d6900000, 0x00000000da480000, 0x0000000100000000)
  eden space 31232K, 100% used [0x00000000d6900000,0x00000000d8780000,0x00000000d8780000)
  from space 4096K, 88% used [0x00000000d9580000,0x00000000d990e798,0x00000000d9980000)
  to   space 10240K, 0% used [0x00000000d9a80000,0x00000000d9a80000,0x00000000da480000)
 ParOldGen       total 86016K, used 14446K [0x0000000083a00000, 0x0000000088e00000, 0x00000000d6900000)
  object space 86016K, 16% used [0x0000000083a00000,0x000000008481b9f0,0x0000000088e00000)
 Metaspace       used 24836K, capacity 25281K, committed 25472K, reserved 1071104K
  class space    used 2738K, capacity 2850K, committed 2944K, reserved 1048576K
Event: 27.536 GC heap after
Heap after GC invocations=12 (full 2):
 PSYoungGen      total 31232K, used 288K [0x00000000d6900000, 0x00000000d9b00000, 0x0000000100000000)
  eden space 30720K, 0% used [0x00000000d6900000,0x00000000d6900000,0x00000000d8700000)
  from space 512K, 56% used [0x00000000d9a80000,0x00000000d9ac8000,0x00000000d9b00000)
  to   space 10240K, 0% used [0x00000000d8700000,0x00000000d8700000,0x00000000d9100000)
 ParOldGen       total 86016K, used 17894K [0x0000000083a00000, 0x0000000088e00000, 0x00000000d6900000)
  object space 86016K, 20% used [0x0000000083a00000,0x0000000084b79838,0x0000000088e00000)
 Metaspace       used 24836K, capacity 25281K, committed 25472K, reserved 1071104K
  class space    used 2738K, capacity 2850K, committed 2944K, reserved 1048576K
}

Deoptimization events (10 events):
Event: 22.710 Thread 0x00000283baf51000 Uncommon trap: reason=array_check action=maybe_recompile pc=0x00000283a3e58b94 method=com.jme3.util.ListSort.binaryInsertionSort([Ljava/lang/Object;IIILjava/util/Comparator;)V @ 123
Event: 22.713 Thread 0x00000283baf51000 Uncommon trap: reason=array_check action=maybe_recompile pc=0x00000283a3e58b94 method=com.jme3.util.ListSort.binaryInsertionSort([Ljava/lang/Object;IIILjava/util/Comparator;)V @ 123
Event: 22.715 Thread 0x00000283baf51000 Uncommon trap: reason=array_check action=maybe_recompile pc=0x00000283a3e58b94 method=com.jme3.util.ListSort.binaryInsertionSort([Ljava/lang/Object;IIILjava/util/Comparator;)V @ 123
Event: 22.715 Thread 0x00000283baf51000 Uncommon trap: reason=array_check action=maybe_recompile pc=0x00000283a3e444e4 method=com.jme3.util.ListSort.binaryInsertionSort([Ljava/lang/Object;IIILjava/util/Comparator;)V @ 155
Event: 22.723 Thread 0x00000283baf51000 Uncommon trap: reason=array_check action=maybe_recompile pc=0x00000283a3e600a4 method=com.jme3.util.ListSort.binaryInsertionSort([Ljava/lang/Object;IIILjava/util/Comparator;)V @ 133
Event: 22.726 Thread 0x00000283baf51000 Uncommon trap: reason=array_check action=maybe_recompile pc=0x00000283a3e600a4 method=com.jme3.util.ListSort.binaryInsertionSort([Ljava/lang/Object;IIILjava/util/Comparator;)V @ 133
Event: 23.068 Thread 0x00000283baf51000 Uncommon trap: reason=unstable_if action=reinterpret pc=0x00000283a3e3eaa4 method=java.lang.Math.max(FF)F @ 37
Event: 23.069 Thread 0x00000283baf51000 Uncommon trap: reason=unstable_if action=reinterpret pc=0x00000283a3d3cbe4 method=com.jme3.math.Ray.intersects(Lcom/jme3/math/Vector3f;Lcom/jme3/math/Vector3f;Lcom/jme3/math/Vector3f;)F @ 186
Event: 23.071 Thread 0x00000283baf51000 Uncommon trap: reason=unstable_if action=reinterpret pc=0x00000283a3c7f61c method=com.jme3.shader.Uniform.setValue(Lcom/jme3/shader/VarType;Ljava/lang/Object;)V @ 196
Event: 23.083 Thread 0x00000283baf51000 Uncommon trap: reason=unstable_if action=reinterpret pc=0x00000283a3ddb640 method=com.jme3.math.Quaternion.getRotationColumn(ILcom/jme3/math/Vector3f;)Lcom/jme3/math/Vector3f; @ 20

Classes redefined (0 events):
No events

Internal exceptions (10 events):
Event: 2.926 Thread 0x00000283baf51000 Exception <a 'java/security/PrivilegedActionException'> (0x00000000d74a6450) thrown at [C:\cygwin64\tmp\openjdk-jdk8u-windows-x64-hotspot\workspace\build\src\hotspot\src\share\vm\prims\jvm.cpp, line 1502]
Event: 2.927 Thread 0x00000283baf51000 Exception <a 'java/security/PrivilegedActionException'> (0x00000000d74a7e20) thrown at [C:\cygwin64\tmp\openjdk-jdk8u-windows-x64-hotspot\workspace\build\src\hotspot\src\share\vm\prims\jvm.cpp, line 1502]
Event: 2.927 Thread 0x00000283baf51000 Exception <a 'java/security/PrivilegedActionException'> (0x00000000d74a8f40) thrown at [C:\cygwin64\tmp\openjdk-jdk8u-windows-x64-hotspot\workspace\build\src\hotspot\src\share\vm\prims\jvm.cpp, line 1502]
Event: 2.927 Thread 0x00000283baf51000 Exception <a 'java/security/PrivilegedActionException'> (0x00000000d74a9e60) thrown at [C:\cygwin64\tmp\openjdk-jdk8u-windows-x64-hotspot\workspace\build\src\hotspot\src\share\vm\prims\jvm.cpp, line 1502]
Event: 2.927 Thread 0x00000283baf51000 Exception <a 'java/security/PrivilegedActionException'> (0x00000000d74aaab8) thrown at [C:\cygwin64\tmp\openjdk-jdk8u-windows-x64-hotspot\workspace\build\src\hotspot\src\share\vm\prims\jvm.cpp, line 1502]
Event: 2.927 Thread 0x00000283baf51000 Exception <a 'java/security/PrivilegedActionException'> (0x00000000d74ab6e0) thrown at [C:\cygwin64\tmp\openjdk-jdk8u-windows-x64-hotspot\workspace\build\src\hotspot\src\share\vm\prims\jvm.cpp, line 1502]
Event: 3.445 Thread 0x00000283baf51000 Implicit null exception at 0x00000283a381b173 to 0x00000283a381b809
Event: 3.528 Thread 0x00000283baf51000 Implicit null exception at 0x00000283a3869ce4 to 0x00000283a386a2cd
Event: 3.528 Thread 0x00000283baf51000 Implicit null exception at 0x00000283a38347d4 to 0x00000283a3834d9d
Event: 4.064 Thread 0x00000283baf51000 Implicit null exception at 0x00000283a38d45ef to 0x00000283a38d4681

Events (10 events):
Event: 31.302 Executing VM operation: GetAllStackTraces
Event: 31.302 Executing VM operation: GetAllStackTraces done
Event: 31.307 loading class org/netbeans/lib/profiler/wireprotocol/EventBufferDumpedCommand
Event: 31.307 loading class org/netbeans/lib/profiler/wireprotocol/EventBufferDumpedCommand done
Event: 31.313 Executing VM operation: GetAllStackTraces
Event: 31.313 Executing VM operation: GetAllStackTraces done
Event: 31.327 loading class org/netbeans/lib/profiler/wireprotocol/DumpResultsResponse
Event: 31.327 loading class org/netbeans/lib/profiler/wireprotocol/DumpResultsResponse done
Event: 31.332 loading class org/netbeans/lib/profiler/wireprotocol/GetMethodNamesForJMethodIdsCommand
Event: 31.333 loading class org/netbeans/lib/profiler/wireprotocol/GetMethodNamesForJMethodIdsCommand done


Dynamic libraries:
0x00007ff6d0e70000 - 0x00007ff6d0eaa000 	C:\Program Files\jmonkeyplatform\jdk\bin\java.exe
0x00007ffb8ff70000 - 0x00007ffb90168000 	C:\windows\SYSTEM32\ntdll.dll
0x00007ffb8fb40000 - 0x00007ffb8fbff000 	C:\windows\System32\KERNEL32.DLL
0x00007ffb8d8f0000 - 0x00007ffb8dbc2000 	C:\windows\System32\KERNELBASE.dll
0x00007ffb8ec10000 - 0x00007ffb8ecbe000 	C:\windows\System32\ADVAPI32.dll
0x00007ffb8faa0000 - 0x00007ffb8fb3e000 	C:\windows\System32\msvcrt.dll
0x00007ffb8e380000 - 0x00007ffb8e41c000 	C:\windows\System32\sechost.dll
0x00007ffb8ed20000 - 0x00007ffb8ee45000 	C:\windows\System32\RPCRT4.dll
0x00007ffb8fd30000 - 0x00007ffb8fecd000 	C:\windows\System32\USER32.dll
0x00007ffb8d8c0000 - 0x00007ffb8d8e2000 	C:\windows\System32\win32u.dll
0x00007ffb8e230000 - 0x00007ffb8e25b000 	C:\windows\System32\GDI32.dll
0x00007ffb8dd30000 - 0x00007ffb8de3f000 	C:\windows\System32\gdi32full.dll
0x00007ffb8d670000 - 0x00007ffb8d70d000 	C:\windows\System32\msvcp_win.dll
0x00007ffb8d710000 - 0x00007ffb8d810000 	C:\windows\System32\ucrtbase.dll
0x00007ffb7e090000 - 0x00007ffb7e32a000 	C:\windows\WinSxS\amd64_microsoft.windows.common-controls_6595b64144ccf1df_6.0.19041.1110_none_60b5254171f9507e\COMCTL32.dll
0x00007ffb8fc00000 - 0x00007ffb8fc32000 	C:\windows\System32\IMM32.DLL
0x00007ffb3a550000 - 0x00007ffb3a63f000 	C:\Program Files\jmonkeyplatform\jdk\jre\bin\msvcr120.dll
0x00007ffb3e450000 - 0x00007ffb3e4f6000 	C:\Program Files\jmonkeyplatform\jdk\jre\bin\msvcp120.dll
0x000000006ead0000 - 0x000000006f2cb000 	C:\Program Files\jmonkeyplatform\jdk\jre\bin\server\jvm.dll
0x00007ffb8f050000 - 0x00007ffb8f058000 	C:\windows\System32\PSAPI.DLL
0x00007ffb84fa0000 - 0x00007ffb84fa9000 	C:\windows\SYSTEM32\WSOCK32.dll
0x00007ffb8efe0000 - 0x00007ffb8f04b000 	C:\windows\System32\WS2_32.dll
0x00007ffb80770000 - 0x00007ffb8077a000 	C:\windows\SYSTEM32\VERSION.dll
0x00007ffb6ad40000 - 0x00007ffb6ad67000 	C:\windows\SYSTEM32\WINMM.dll
0x00007ffb83150000 - 0x00007ffb8315f000 	C:\Program Files\jmonkeyplatform\jdk\jre\bin\verify.dll
0x00007ffb72060000 - 0x00007ffb72088000 	C:\Program Files\jmonkeyplatform\jdk\jre\bin\java.dll
0x00007ffb84f80000 - 0x00007ffb84f8f000 	C:\Users\48793\AppData\Roaming\.jmonkeyplatform\v3.2.4-stable-sdk1\lib\deployed\jdk16\windows-amd64\profilerinterface.dll
0x00007ffb81340000 - 0x00007ffb81356000 	C:\Program Files\jmonkeyplatform\jdk\jre\bin\zip.dll
0x00007ffb8e4c0000 - 0x00007ffb8ec03000 	C:\windows\System32\SHELL32.dll
0x00007ffb8b270000 - 0x00007ffb8ba02000 	C:\windows\SYSTEM32\windows.storage.dll
0x00007ffb8f060000 - 0x00007ffb8f3b4000 	C:\windows\System32\combase.dll
0x00007ffb8d0d0000 - 0x00007ffb8d100000 	C:\windows\SYSTEM32\Wldp.dll
0x00007ffb8ee50000 - 0x00007ffb8eefd000 	C:\windows\System32\SHCORE.dll
0x00007ffb8ecc0000 - 0x00007ffb8ed15000 	C:\windows\System32\shlwapi.dll
0x00007ffb8d5b0000 - 0x00007ffb8d5cf000 	C:\windows\SYSTEM32\profapi.dll
0x00007ffb7b080000 - 0x00007ffb7b09a000 	C:\Program Files\jmonkeyplatform\jdk\jre\bin\net.dll
0x00007ffb736c0000 - 0x00007ffb738ad000 	C:\windows\SYSTEM32\urlmon.dll
0x00007ffb8cbe0000 - 0x00007ffb8cbec000 	C:\windows\SYSTEM32\netutils.dll
0x00007ffb73400000 - 0x00007ffb736b1000 	C:\windows\SYSTEM32\iertutil.dll
0x00007ffb74250000 - 0x00007ffb74278000 	C:\windows\SYSTEM32\srvcli.dll
0x00007ffb8ce30000 - 0x00007ffb8ce9a000 	C:\windows\system32\mswsock.dll
0x00007ffb82f80000 - 0x00007ffb82f8d000 	C:\Program Files\jmonkeyplatform\jdk\jre\bin\management.dll
0x00007ffb74b50000 - 0x00007ffb74b62000 	C:\Program Files\jmonkeyplatform\jdk\jre\bin\nio.dll
0x00007ffb8d030000 - 0x00007ffb8d048000 	C:\windows\SYSTEM32\CRYPTSP.dll
0x00007ffb8c6e0000 - 0x00007ffb8c714000 	C:\windows\system32\rsaenh.dll
0x00007ffb8df40000 - 0x00007ffb8df67000 	C:\windows\System32\bcrypt.dll
0x00007ffb8d570000 - 0x00007ffb8d59e000 	C:\windows\SYSTEM32\USERENV.dll
0x00007ffb8de40000 - 0x00007ffb8dec2000 	C:\windows\System32\bcryptprimitives.dll
0x00007ffb8d020000 - 0x00007ffb8d02c000 	C:\windows\SYSTEM32\CRYPTBASE.dll
0x00007ffb8cad0000 - 0x00007ffb8cb0b000 	C:\windows\SYSTEM32\IPHLPAPI.DLL
0x00007ffb8f620000 - 0x00007ffb8f628000 	C:\windows\System32\NSI.dll
0x00007ffb80430000 - 0x00007ffb80447000 	C:\windows\SYSTEM32\dhcpcsvc6.DLL
0x00007ffb80750000 - 0x00007ffb8076d000 	C:\windows\SYSTEM32\dhcpcsvc.DLL
0x00007ffb8cb10000 - 0x00007ffb8cbda000 	C:\windows\SYSTEM32\DNSAPI.dll
0x00007ffb6a540000 - 0x00007ffb6a557000 	C:\windows\system32\napinsp.dll
0x00007ffb6a520000 - 0x00007ffb6a53b000 	C:\windows\system32\pnrpnsp.dll
0x00007ffb84a70000 - 0x00007ffb84a85000 	C:\windows\system32\wshbth.dll
0x00007ffb84d50000 - 0x00007ffb84d6d000 	C:\windows\system32\NLAapi.dll
0x00007ffb6a4e0000 - 0x00007ffb6a4f2000 	C:\windows\System32\winrnr.dll
0x00007ffb80420000 - 0x00007ffb8042a000 	C:\Windows\System32\rasadhlp.dll
0x00007ffb7de50000 - 0x00007ffb7ded0000 	C:\windows\System32\fwpuclnt.dll
0x00007ffb3dcf0000 - 0x00007ffb3de85000 	C:\Program Files\jmonkeyplatform\jdk\jre\bin\awt.dll
0x00007ffb8dfd0000 - 0x00007ffb8e09d000 	C:\windows\System32\OLEAUT32.dll
0x00007ffb8a810000 - 0x00007ffb8a8a1000 	C:\windows\SYSTEM32\apphelp.dll
0x00007ffb8a9b0000 - 0x00007ffb8aa4e000 	C:\windows\system32\uxtheme.dll
0x00007ffb8e260000 - 0x00007ffb8e375000 	C:\windows\System32\MSCTF.dll
0x00007ffb8e0a0000 - 0x00007ffb8e1ca000 	C:\windows\System32\ole32.dll
0x00007ffb8c000000 - 0x00007ffb8c012000 	C:\windows\SYSTEM32\kernel.appcore.dll
0x00007ffb8abe0000 - 0x00007ffb8ac0f000 	C:\windows\system32\DWMAPI.DLL
0x00007ffb6ba00000 - 0x00007ffb6bb25000 	C:\windows\system32\opengl32.dll
0x00007ffb81460000 - 0x00007ffb8148c000 	C:\windows\SYSTEM32\GLU32.dll
0x00007ffb3f970000 - 0x00007ffb3fa03000 	C:\Program Files\jmonkeyplatform\jdk\jre\bin\freetype.dll
0x00007ffb3da60000 - 0x00007ffb3db1c000 	C:\Program Files\jmonkeyplatform\jdk\jre\bin\fontmanager.dll
0x00007ffb6b1a0000 - 0x00007ffb6b299000 	C:\windows\SYSTEM32\textinputframework.dll
0x00007ffb86e20000 - 0x00007ffb86f12000 	C:\windows\System32\CoreMessaging.dll
0x00007ffb86ac0000 - 0x00007ffb86e1e000 	C:\windows\System32\CoreUIComponents.dll
0x00007ffb8c800000 - 0x00007ffb8c833000 	C:\windows\SYSTEM32\ntmarta.dll
0x00007ffb86310000 - 0x00007ffb86464000 	C:\windows\SYSTEM32\wintypes.dll
0x00007ffb836f0000 - 0x00007ffb836f9000 	C:\Program Files\jmonkeyplatform\jdk\jre\bin\attach.dll
0x00007ffb373b0000 - 0x00007ffb37582000 	C:\Users\48793\Documents\BulletHeavenFPS\bulletjme.dll
0x0000000180000000 - 0x0000000180064000 	C:\Users\48793\Documents\BulletHeavenFPS\OpenAL64.dll
0x00000283be3c0000 - 0x00000283be413000 	C:\Users\48793\Documents\BulletHeavenFPS\lwjgl64.dll
0x00007ffb83800000 - 0x00007ffb838ae000 	C:\windows\SYSTEM32\mscms.dll
0x00007ffb837e0000 - 0x00007ffb837f1000 	C:\windows\SYSTEM32\ColorAdapterClient.dll
0x00007ffb8f3c0000 - 0x00007ffb8f46f000 	C:\windows\System32\clbcatq.dll
0x00007ffb81170000 - 0x00007ffb811b3000 	C:\Windows\System32\Windows.Internal.Graphics.Display.DisplayColorManagement.dll
0x00007ffb8df70000 - 0x00007ffb8dfbe000 	C:\windows\System32\cfgmgr32.dll
0x00007ffb80840000 - 0x00007ffb80937000 	C:\Windows\System32\AppXDeploymentClient.dll
0x00007ffb302d0000 - 0x00007ffb3129b000 	C:\windows\System32\DriverStore\FileRepository\iigd_dch.inf_amd64_5d4f0988fea137a7\igxelpicd64.dll
0x00007ffb8bf00000 - 0x00007ffb8bff3000 	C:\windows\system32\dxgi.dll
0x00007ffb35fa0000 - 0x00007ffb36427000 	C:\windows\System32\DriverStore\FileRepository\iigd_dch.inf_amd64_5d4f0988fea137a7\igdml64.dll
0x00007ffb7c200000 - 0x00007ffb7c5cd000 	C:\windows\System32\DriverStore\FileRepository\iigd_dch.inf_amd64_5d4f0988fea137a7\igdgmm64.dll
0x00007ffb697e0000 - 0x00007ffb69823000 	C:\windows\SYSTEM32\icm32.dll
0x00007ffb77540000 - 0x00007ffb7a287000 	C:\windows\System32\DriverStore\FileRepository\iigd_dch.inf_amd64_5d4f0988fea137a7\igc64.dll
0x00007ffb8cc40000 - 0x00007ffb8cc8b000 	C:\windows\SYSTEM32\powrprof.dll
0x00007ffb8cab0000 - 0x00007ffb8cac2000 	C:\windows\SYSTEM32\UMPDC.dll
0x00007ffb7b810000 - 0x00007ffb7b895000 	C:\windows\System32\MMDevApi.dll
0x00007ffb8d420000 - 0x00007ffb8d44c000 	C:\windows\System32\DEVOBJ.dll
0x00007ffb3dc50000 - 0x00007ffb3dcec000 	C:\windows\SYSTEM32\dsound.dll
0x00007ffb67b80000 - 0x00007ffb67ba6000 	C:\windows\SYSTEM32\winmmbase.dll
0x00007ffb7b8a0000 - 0x00007ffb7ba22000 	C:\windows\SYSTEM32\AUDIOSES.DLL
0x00007ffb8aae0000 - 0x00007ffb8aaf4000 	C:\windows\SYSTEM32\resourcepolicyclient.dll
0x00007ffb6c0c0000 - 0x00007ffb6c0ea000 	C:\Program Files\jmonkeyplatform\jdk\jre\bin\jpeg.dll
0x00007ffb8ba10000 - 0x00007ffb8bbf4000 	C:\windows\SYSTEM32\dbghelp.dll

VM Arguments:
jvm_args: -Dfile.encoding=UTF-8 -agentpath:C:/Users/48793/AppData/Roaming/.jmonkeyplatform/v3.2.4-stable-sdk1/lib/deployed/jdk16/windows-amd64/profilerinterface.dll=C:\Users\48793\AppData\Roaming\.jmonkeyplatform\v3.2.4-stable-sdk1\lib,5140,10 -XX:+HeapDumpOnOutOfMemoryError -XX:HeapDumpPath=C:\Users\48793\Documents\BulletHeavenFPS\nbproject\private\profiler 
java_command: mygame.Main
java_class_path (initial): C:\Program Files\jmonkeyplatform\jmonkeyplatform\libs\jme3-jogg-3.2.4-stable.jar;C:\Program Files\jmonkeyplatform\jmonkeyplatform\libs\j-ogg-all-1.0.0.jar;C:\Program Files\jmonkeyplatform\jmonkeyplatform\libs\jme3-networking-3.2.4-stable.jar;C:\Program Files\jmonkeyplatform\jmonkeyplatform\libs\jme3-plugins-3.2.4-stable.jar;C:\Program Files\jmonkeyplatform\jmonkeyplatform\libs\gson-2.8.1.jar;C:\Program Files\jmonkeyplatform\jmonkeyplatform\libs\jme3-core-3.2.4-stable.jar;C:\Program Files\jmonkeyplatform\jmonkeyplatform\libs\jme3-desktop-3.2.4-stable.jar;C:\Program Files\jmonkeyplatform\jmonkeyplatform\libs\jme3-lwjgl-3.2.4-stable.jar;C:\Program Files\jmonkeyplatform\jmonkeyplatform\libs\lwjgl-2.9.3.jar;C:\Program Files\jmonkeyplatform\jmonkeyplatform\libs\jinput-2.0.5.jar;C:\Program Files\jmonkeyplatform\jmonkeyplatform\libs\jinput-platform-2.0.5-natives-linux.jar;C:\Program Files\jmonkeyplatform\jmonkeyplatform\libs\jinput-platform-2.0.5-natives-windows.jar;C:\Program Files\jmonkeyplatform\jmonkeyplatform\libs\jinput-platform-2.0.5-natives-osx.jar;C:\Program Files\jmonkeyplatform\jmonkeyplatform\libs\jutils-1.0.0.jar;C:\Program Files\jmonkeyplatform\jmonkeyplatform\libs\lwjgl-platform-2.9.3-natives-windows.jar;C:\Program Files\jmonkeyplatform\jmonkeyplatform\libs\lwjgl-platform-2.9.3-natives-linux.jar;C:\Program Files\jmonkeyplatform\jmonkeyplatform\libs\lwjgl-platform-2.9.3-natives-osx.jar;C:\Program Files\jmonkeyplatform\jmonkeyplatform\libs\jme3-effects-3.2.4-stable.jar;C:\Program Files\jmonkeyplatform\jmonkeyplatform\libs\jme3-terrain-3.2.4-stable.jar;C:\Program Files\jmonkeyplatform\jmonkeyplatform\libs\jme3-bullet-3.2.4-stable.jar;C:\Program Files\jmonkeyplatform\jmonkeyplatform\libs\jme3-bullet-native-3.2.4-stable.jar;C:\Program Files\jmonkeyplatform\jmonkeyplatform\libs\jme3-niftygui-3.2.4-stable.jar;C:\Program Files\jmonkeyplatform\jmonkeyplatform\libs\nifty-style-black-1.4.3.jar;C:\Program Files\jmonkeyplatform\jmonkeyplatform
Launcher Type: SUN_STANDARD

Environment Variables:
PATH=C:\Program Files (x86)\Common Files\Oracle\Java\javapath;C:\windows\system32;C:\windows;C:\windows\System32\Wbem;C:\windows\System32\WindowsPowerShell\v1.0\;C:\windows\System32\OpenSSH\;C:\Program Files\MATLAB\R2021b\bin;C:\Program Files\dotnet\;C:\Program Files\Git\cmd;C:\Program Files (x86)\Microsoft SQL Server\150\DTS\Binn\;C:\Program Files\Azure Data Studio\bin;C:\Program Files\Microsoft SQL Server\Client SDK\ODBC\170\Tools\Binn\;C:\Program Files (x86)\Microsoft SQL Server\150\Tools\Binn\;C:\Program Files\Microsoft SQL Server\150\Tools\Binn\;C:\Program Files\Microsoft SQL Server\150\DTS\Binn\;C:\Program Files\MySQL\MySQL Shell 8.0\bin\;C:\Users\48793\AppData\Local\Programs\Python\Python310\Scripts\;C:\Users\48793\AppData\Local\Programs\Python\Python310\;C:\Users\48793\AppData\Local\Microsoft\WindowsApps;;C:\Users\48793\AppData\Local\Programs\Microsoft VS Code\bin;C:\Users\48793\.dotnet\tools;C:\Program Files\Azure Data Studio\bin
USERNAME=48793
OS=Windows_NT
PROCESSOR_IDENTIFIER=Intel64 Family 6 Model 140 Stepping 1, GenuineIntel



---------------  S Y S T E M  ---------------

OS: Windows 10.0 , 64 bit Build 19041 (10.0.19041.2251)

CPU:total 8 (initial active 8) (4 cores per cpu, 2 threads per core) family 6 model 140 stepping 1, cmov, cx8, fxsr, mmx, sse, sse2, sse3, ssse3, sse4.1, sse4.2, popcnt, avx, avx2, aes, clmul, erms, 3dnowpref, lzcnt, ht, tsc, tscinvbit, bmi1, bmi2, adx

Memory: 4k page, physical 8148984k(1935244k free), swap 15655180k(4982232k free)

vm_info: OpenJDK 64-Bit Server VM (25.212-b04) for windows-amd64 JRE (1.8.0_212-b04), built on Jun  3 2019 21:11:11 by "jenkins" with MS VC++ 12.0 (VS2013)

time: Mon Dec 05 15:29:02 2022
timezone: ?rodkowoeuropejski czas stand.
elapsed time: 31 seconds (0d 0h 0m 31s)

