#
# A fatal error has been detected by the Java Runtime Environment:
#
#  EXCEPTION_ACCESS_VIOLATION (0xc0000005) at pc=0x0000000180011066, pid=6316, tid=0x000000000000055c
#
# JRE version: OpenJDK Runtime Environment (8.0_212-b04) (build 1.8.0_212-b04)
# Java VM: OpenJDK 64-Bit Server VM (25.212-b04 mixed mode windows-amd64 compressed oops)
# Problematic frame:
# C  [OpenAL64.dll+0x11066]
#
# Failed to write core dump. Minidumps are not enabled by default on client versions of Windows
#
# If you would like to submit a bug report, please visit:
#   
# The crash happened outside the Java Virtual Machine in native code.
# See problematic frame for where to report the bug.
#

---------------  T H R E A D  ---------------

Current thread (0x00000287068fe800):  JavaThread "jME3 Main" [_thread_in_native, id=1372, stack(0x000000e640d00000,0x000000e640e00000)]

siginfo: ExceptionCode=0xc0000005, reading address 0x000002870dc6c004

Registers:
RAX=0x0000000000000004, RBX=0x000002870f6c0090, RCX=0x000002870dc6c008, RDX=0x000002870dc6c004
RSP=0x000000e640dfef00, RBP=0x00000000000000ff, RSI=0x000002870dc6bdec, RDI=0x0000000000000000
R8 =0x0000000000000086, R9 =0x000002870dc6bdec, R10=0x000002876f8f9c42, R11=0x000000006e0611b0
R12=0x0000000000000001, R13=0x000002870f4f9fc8, R14=0x000000e640dff0a0, R15=0x00000287068fe800
RIP=0x0000000180011066, EFLAGS=0x0000000000010202

Top of Stack: (sp=0x000000e640dfef00)
0x000000e640dfef00:   0000000000000000 0000000000000000
0x000000e640dfef10:   0000000000000000 00000287068fe800
0x000000e640dfef20:   000000e640dff0a0 000002870f4f9fc8
0x000000e640dfef30:   00000287068fe800 0000028706917bb0
0x000000e640dfef40:   000002870f4f9fc8 0000000000000000
0x000000e640dfef50:   00000287069022a0 000000006df06365
0x000000e640dfef60:   000000e640dff870 0000028704bc0130
0x000000e640dfef70:   00000287068fe800 000000e640dff0a0
0x000000e640dfef80:   000002870f4f9fc8 0000000000000000
0x000000e640dfef90:   000002870dc6bdec 0000000083a03ab0
0x000000e640dfefa0:   000000e640dff068 000000018001248f
0x000000e640dfefb0:   000002870f6c0090 000002870f6c0090
0x000000e640dfefc0:   000000000000ac44 0000028700000004
0x000000e640dfefd0:   0000000000000010 000002876f8f9c6e
0x000000e640dfefe0:   000002870f4f9fc8 000000e640dfefe8
0x000000e640dfeff0:   0000000000000010 000002876f8f997b 

Instructions: (pc=0x0000000180011066)
0x0000000180011046:   41 2b ec 81 3a 03 00 02 00 75 09 8b 01 89 84 24
0x0000000180011056:   c8 00 00 00 49 83 c0 02 48 83 c1 08 4a 8d 14 86
0x0000000180011066:   39 3a 75 af 4c 8d 84 24 c0 00 00 00 48 8d 15 d7
0x0000000180011076:   2b 03 00 33 c9 e8 58 5f 00 00 b8 40 1f 00 00 4c 


Register to memory mapping:

RAX=0x0000000000000004 is an unknown value
RBX=0x000002870f6c0090 is an unknown value
RCX=0x000002870dc6c008 is an unknown value
RDX=0x000002870dc6c004 is an unknown value
RSP=0x000000e640dfef00 is pointing into the stack for thread: 0x00000287068fe800
RBP=0x00000000000000ff is an unknown value
RSI=0x000002870dc6bdec is an unknown value
RDI=0x0000000000000000 is an unknown value
R8 =0x0000000000000086 is an unknown value
R9 =0x000002870dc6bdec is an unknown value
R10=0x000002876f8f9c42 is at code_begin+962 in an Interpreter codelet
method entry point (kind = native)  [0x000002876f8f9880, 0x000002876f8fa320]  2720 bytes
R11=0x000000006e0611b0 is an unknown value
R12=0x0000000000000001 is an unknown value
R13={method} {0x000002870f4f9fd0} 'nalcCreateContext' '(JJ)J' in 'org/lwjgl/openal/ALC10'
R14=0x000000e640dff0a0 is pointing into the stack for thread: 0x00000287068fe800
R15=0x00000287068fe800 is a thread


Stack: [0x000000e640d00000,0x000000e640e00000],  sp=0x000000e640dfef00,  free space=1019k
Native frames: (J=compiled Java code, j=interpreted, Vv=VM code, C=native code)
C  [OpenAL64.dll+0x11066]
C  [OpenAL64.dll+0x1248f]
C  0x000002876f8f9c6e

Java frames: (J=compiled Java code, j=interpreted, Vv=VM code)
j  org.lwjgl.openal.ALC10.nalcCreateContext(JJ)J+0
j  org.lwjgl.openal.ALC10.alcCreateContext(Lorg/lwjgl/openal/ALCdevice;Ljava/nio/IntBuffer;)Lorg/lwjgl/openal/ALCcontext;+8
j  org.lwjgl.openal.AL.init(Ljava/lang/String;IIZZ)V+69
j  org.lwjgl.openal.AL.create(Ljava/lang/String;IIZZ)V+246
j  org.lwjgl.openal.AL.create(Ljava/lang/String;IIZ)V+5
j  org.lwjgl.openal.AL.create()V+6
j  com.jme3.audio.lwjgl.LwjglALC.createALC()V+0
j  com.jme3.audio.openal.ALAudioRenderer.initOpenAL()V+16
j  com.jme3.audio.openal.ALAudioRenderer.initialize()V+21
j  com.jme3.app.LegacyApplication.initAudio()V+40
j  com.jme3.app.LegacyApplication.initialize()V+31
j  com.jme3.app.SimpleApplication.initialize()V+1
j  com.jme3.system.lwjgl.LwjglAbstractDisplay.initInThread()Z+90
j  com.jme3.system.lwjgl.LwjglAbstractDisplay.run()V+36
j  java.lang.Thread.run()V+11
v  ~StubRoutines::call_stub

---------------  P R O C E S S  ---------------

Java Threads: ( => current thread )
  0x000002876df5a800 JavaThread "DestroyJavaVM" [_thread_blocked, id=28496, stack(0x000000e63f300000,0x000000e63f400000)]
=>0x00000287068fe800 JavaThread "jME3 Main" [_thread_in_native, id=1372, stack(0x000000e640d00000,0x000000e640e00000)]
  0x000002870681d800 JavaThread "TimerQueue" daemon [_thread_blocked, id=29180, stack(0x000000e640c00000,0x000000e640d00000)]
  0x0000028706671800 JavaThread "Image Fetcher 0" daemon [_thread_blocked, id=12280, stack(0x000000e640b00000,0x000000e640c00000)]
  0x00000287065a4800 JavaThread "AWT-EventQueue-0" [_thread_blocked, id=8952, stack(0x000000e640a00000,0x000000e640b00000)]
  0x0000028706608800 JavaThread "AWT-Windows" daemon [_thread_in_native, id=8196, stack(0x000000e640900000,0x000000e640a00000)]
  0x000002870658f800 JavaThread "AWT-Shutdown" [_thread_blocked, id=22024, stack(0x000000e640800000,0x000000e640900000)]
  0x000002870658e800 JavaThread "Java2D Disposer" daemon [_thread_blocked, id=26688, stack(0x000000e640700000,0x000000e640800000)]
  0x0000028705f50800 JavaThread "Service Thread" daemon [_thread_blocked, id=20308, stack(0x000000e640500000,0x000000e640600000)]
  0x0000028704b6e800 JavaThread "C1 CompilerThread3" daemon [_thread_blocked, id=14148, stack(0x000000e640400000,0x000000e640500000)]
  0x0000028704b62800 JavaThread "C2 CompilerThread2" daemon [_thread_blocked, id=27508, stack(0x000000e640300000,0x000000e640400000)]
  0x0000028704b62000 JavaThread "C2 CompilerThread1" daemon [_thread_blocked, id=17960, stack(0x000000e640200000,0x000000e640300000)]
  0x0000028704b60000 JavaThread "C2 CompilerThread0" daemon [_thread_blocked, id=15272, stack(0x000000e640100000,0x000000e640200000)]
  0x0000028704b5e800 JavaThread "Attach Listener" daemon [_thread_blocked, id=20876, stack(0x000000e640000000,0x000000e640100000)]
  0x0000028704b5d800 JavaThread "Signal Dispatcher" daemon [_thread_blocked, id=22444, stack(0x000000e63ff00000,0x000000e640000000)]
  0x0000028704b2e800 JavaThread "Finalizer" daemon [_thread_blocked, id=19500, stack(0x000000e63fe00000,0x000000e63ff00000)]
  0x0000028703f2d000 JavaThread "Reference Handler" daemon [_thread_blocked, id=22168, stack(0x000000e63fd00000,0x000000e63fe00000)]

Other Threads:
  0x0000028704b03800 VMThread [stack: 0x000000e63fc00000,0x000000e63fd00000] [id=28976]
  0x0000028704bdd800 WatcherThread [stack: 0x000000e640600000,0x000000e640700000] [id=26724]

VM state:not at safepoint (normal execution)

VM Mutex/Monitor currently owned by a thread: None

heap address: 0x0000000083a00000, size: 1990 MB, Compressed Oops mode: 32-bit
Narrow klass base: 0x0000000000000000, Narrow klass shift: 3
Compressed class space size: 1073741824 Address: 0x0000000100000000

Heap:
 PSYoungGen      total 37888K, used 12643K [0x00000000d6900000, 0x00000000d9300000, 0x0000000100000000)
  eden space 32768K, 38% used [0x00000000d6900000,0x00000000d7558d20,0x00000000d8900000)
  from space 5120K, 0% used [0x00000000d8e00000,0x00000000d8e00000,0x00000000d9300000)
  to   space 5120K, 0% used [0x00000000d8900000,0x00000000d8900000,0x00000000d8e00000)
 ParOldGen       total 86016K, used 4767K [0x0000000083a00000, 0x0000000088e00000, 0x00000000d6900000)
  object space 86016K, 5% used [0x0000000083a00000,0x0000000083ea7f98,0x0000000088e00000)
 Metaspace       used 16361K, capacity 16597K, committed 16896K, reserved 1064960K
  class space    used 1887K, capacity 1978K, committed 2048K, reserved 1048576K

Card table byte_map: [0x000002877eca0000,0x000002877f090000] byte_map_base: 0x000002877e883000

Marking Bits: (ParMarkBitMap*) 0x000000006e5f1f50
 Begin Bits: [0x0000028700000000, 0x0000028701f18000)
 End Bits:   [0x0000028701f18000, 0x0000028703e30000)

Polling page: 0x000002876e0b0000

CodeCache: size=245760Kb used=3750Kb max_used=3750Kb free=242009Kb
 bounds [0x000002876f8e0000, 0x000002876fc90000, 0x000002877e8e0000]
 total_blobs=1677 nmethods=1075 adapters=515
 compilation: enabled

Compilation events (10 events):
Event: 1.788 Thread 0x0000028704b6e800 1071       3       java.util.zip.ZipFile$ZipFileInputStream::<init> (41 bytes)
Event: 1.788 Thread 0x0000028704b6e800 nmethod 1071 0x000002876fc864d0 code [0x000002876fc86660, 0x000002876fc86a00]
Event: 1.788 Thread 0x0000028704b6e800 1072       3       java.util.zip.ZipFile::access$1100 (5 bytes)
Event: 1.788 Thread 0x0000028704b6e800 nmethod 1072 0x000002876fc86150 code [0x000002876fc862c0, 0x000002876fc86430]
Event: 1.788 Thread 0x0000028704b6e800 1073       3       java.util.zip.ZipFile::access$1200 (5 bytes)
Event: 1.788 Thread 0x0000028704b6e800 nmethod 1073 0x000002876fc85dd0 code [0x000002876fc85f40, 0x000002876fc860b0]
Event: 1.788 Thread 0x0000028704b6e800 1074   !   3       java.util.zip.ZipFile::getInflater (56 bytes)
Event: 1.789 Thread 0x0000028704b6e800 nmethod 1074 0x000002876fc894d0 code [0x000002876fc896c0, 0x000002876fc8a2a0]
Event: 1.789 Thread 0x0000028704b6e800 1075       3       java.util.ArrayDeque::poll (5 bytes)
Event: 1.789 Thread 0x0000028704b6e800 nmethod 1075 0x000002876fc8a8d0 code [0x000002876fc8aa40, 0x000002876fc8abf0]

GC Heap History (8 events):
Event: 1.306 GC heap before
{Heap before GC invocations=1 (full 0):
 PSYoungGen      total 37888K, used 13437K [0x00000000d6900000, 0x00000000d9300000, 0x0000000100000000)
  eden space 32768K, 41% used [0x00000000d6900000,0x00000000d761f5e0,0x00000000d8900000)
  from space 5120K, 0% used [0x00000000d8e00000,0x00000000d8e00000,0x00000000d9300000)
  to   space 5120K, 0% used [0x00000000d8900000,0x00000000d8900000,0x00000000d8e00000)
 ParOldGen       total 86016K, used 0K [0x0000000083a00000, 0x0000000088e00000, 0x00000000d6900000)
  object space 86016K, 0% used [0x0000000083a00000,0x0000000083a00000,0x0000000088e00000)
 Metaspace       used 12735K, capacity 12934K, committed 13312K, reserved 1060864K
  class space    used 1616K, capacity 1686K, committed 1792K, reserved 1048576K
Event: 1.311 GC heap after
Heap after GC invocations=1 (full 0):
 PSYoungGen      total 37888K, used 4954K [0x00000000d6900000, 0x00000000d9300000, 0x0000000100000000)
  eden space 32768K, 0% used [0x00000000d6900000,0x00000000d6900000,0x00000000d8900000)
  from space 5120K, 96% used [0x00000000d8900000,0x00000000d8dd69f8,0x00000000d8e00000)
  to   space 5120K, 0% used [0x00000000d8e00000,0x00000000d8e00000,0x00000000d9300000)
 ParOldGen       total 86016K, used 2552K [0x0000000083a00000, 0x0000000088e00000, 0x00000000d6900000)
  object space 86016K, 2% used [0x0000000083a00000,0x0000000083c7e020,0x0000000088e00000)
 Metaspace       used 12735K, capacity 12934K, committed 13312K, reserved 1060864K
  class space    used 1616K, capacity 1686K, committed 1792K, reserved 1048576K
}
Event: 1.311 GC heap before
{Heap before GC invocations=2 (full 1):
 PSYoungGen      total 37888K, used 4954K [0x00000000d6900000, 0x00000000d9300000, 0x0000000100000000)
  eden space 32768K, 0% used [0x00000000d6900000,0x00000000d6900000,0x00000000d8900000)
  from space 5120K, 96% used [0x00000000d8900000,0x00000000d8dd69f8,0x00000000d8e00000)
  to   space 5120K, 0% used [0x00000000d8e00000,0x00000000d8e00000,0x00000000d9300000)
 ParOldGen       total 86016K, used 2552K [0x0000000083a00000, 0x0000000088e00000, 0x00000000d6900000)
  object space 86016K, 2% used [0x0000000083a00000,0x0000000083c7e020,0x0000000088e00000)
 Metaspace       used 12735K, capacity 12934K, committed 13312K, reserved 1060864K
  class space    used 1616K, capacity 1686K, committed 1792K, reserved 1048576K
Event: 1.325 GC heap after
Heap after GC invocations=2 (full 1):
 PSYoungGen      total 37888K, used 0K [0x00000000d6900000, 0x00000000d9300000, 0x0000000100000000)
  eden space 32768K, 0% used [0x00000000d6900000,0x00000000d6900000,0x00000000d8900000)
  from space 5120K, 0% used [0x00000000d8900000,0x00000000d8900000,0x00000000d8e00000)
  to   space 5120K, 0% used [0x00000000d8e00000,0x00000000d8e00000,0x00000000d9300000)
 ParOldGen       total 86016K, used 4767K [0x0000000083a00000, 0x0000000088e00000, 0x00000000d6900000)
  object space 86016K, 5% used [0x0000000083a00000,0x0000000083ea7f98,0x0000000088e00000)
 Metaspace       used 12735K, capacity 12934K, committed 13312K, reserved 1060864K
  class space    used 1616K, capacity 1686K, committed 1792K, reserved 1048576K
}
Event: 1.325 GC heap before
{Heap before GC invocations=3 (full 1):
 PSYoungGen      total 37888K, used 0K [0x00000000d6900000, 0x00000000d9300000, 0x0000000100000000)
  eden space 32768K, 0% used [0x00000000d6900000,0x00000000d6900000,0x00000000d8900000)
  from space 5120K, 0% used [0x00000000d8900000,0x00000000d8900000,0x00000000d8e00000)
  to   space 5120K, 0% used [0x00000000d8e00000,0x00000000d8e00000,0x00000000d9300000)
 ParOldGen       total 86016K, used 4767K [0x0000000083a00000, 0x0000000088e00000, 0x00000000d6900000)
  object space 86016K, 5% used [0x0000000083a00000,0x0000000083ea7f98,0x0000000088e00000)
 Metaspace       used 12735K, capacity 12934K, committed 13312K, reserved 1060864K
  class space    used 1616K, capacity 1686K, committed 1792K, reserved 1048576K
Event: 1.326 GC heap after
Heap after GC invocations=3 (full 1):
 PSYoungGen      total 37888K, used 0K [0x00000000d6900000, 0x00000000d9300000, 0x0000000100000000)
  eden space 32768K, 0% used [0x00000000d6900000,0x00000000d6900000,0x00000000d8900000)
  from space 5120K, 0% used [0x00000000d8e00000,0x00000000d8e00000,0x00000000d9300000)
  to   space 5120K, 0% used [0x00000000d8900000,0x00000000d8900000,0x00000000d8e00000)
 ParOldGen       total 86016K, used 4767K [0x0000000083a00000, 0x0000000088e00000, 0x00000000d6900000)
  object space 86016K, 5% used [0x0000000083a00000,0x0000000083ea7f98,0x0000000088e00000)
 Metaspace       used 12735K, capacity 12934K, committed 13312K, reserved 1060864K
  class space    used 1616K, capacity 1686K, committed 1792K, reserved 1048576K
}
Event: 1.326 GC heap before
{Heap before GC invocations=4 (full 2):
 PSYoungGen      total 37888K, used 0K [0x00000000d6900000, 0x00000000d9300000, 0x0000000100000000)
  eden space 32768K, 0% used [0x00000000d6900000,0x00000000d6900000,0x00000000d8900000)
  from space 5120K, 0% used [0x00000000d8e00000,0x00000000d8e00000,0x00000000d9300000)
  to   space 5120K, 0% used [0x00000000d8900000,0x00000000d8900000,0x00000000d8e00000)
 ParOldGen       total 86016K, used 4767K [0x0000000083a00000, 0x0000000088e00000, 0x00000000d6900000)
  object space 86016K, 5% used [0x0000000083a00000,0x0000000083ea7f98,0x0000000088e00000)
 Metaspace       used 12735K, capacity 12934K, committed 13312K, reserved 1060864K
  class space    used 1616K, capacity 1686K, committed 1792K, reserved 1048576K
Event: 1.333 GC heap after
Heap after GC invocations=4 (full 2):
 PSYoungGen      total 37888K, used 0K [0x00000000d6900000, 0x00000000d9300000, 0x0000000100000000)
  eden space 32768K, 0% used [0x00000000d6900000,0x00000000d6900000,0x00000000d8900000)
  from space 5120K, 0% used [0x00000000d8e00000,0x00000000d8e00000,0x00000000d9300000)
  to   space 5120K, 0% used [0x00000000d8900000,0x00000000d8900000,0x00000000d8e00000)
 ParOldGen       total 86016K, used 4767K [0x0000000083a00000, 0x0000000088e00000, 0x00000000d6900000)
  object space 86016K, 5% used [0x0000000083a00000,0x0000000083ea7f98,0x0000000088e00000)
 Metaspace       used 12735K, capacity 12934K, committed 13312K, reserved 1060864K
  class space    used 1616K, capacity 1686K, committed 1792K, reserved 1048576K
}

Deoptimization events (4 events):
Event: 0.455 Thread 0x00000287065a4800 Uncommon trap: reason=class_check action=maybe_recompile pc=0x000002876fa745a0 method=java.lang.String.equals(Ljava/lang/Object;)Z @ 8
Event: 0.455 Thread 0x00000287065a4800 Uncommon trap: reason=class_check action=maybe_recompile pc=0x000002876fa745a0 method=java.lang.String.equals(Ljava/lang/Object;)Z @ 8
Event: 0.455 Thread 0x00000287065a4800 Uncommon trap: reason=class_check action=maybe_recompile pc=0x000002876fa745a0 method=java.lang.String.equals(Ljava/lang/Object;)Z @ 8
Event: 0.456 Thread 0x00000287065a4800 Uncommon trap: reason=class_check action=maybe_recompile pc=0x000002876fa745a0 method=java.lang.String.equals(Ljava/lang/Object;)Z @ 8

Classes redefined (0 events):
No events

Internal exceptions (10 events):
Event: 0.168 Thread 0x000002876df5a800 Exception <a 'java/lang/NoSuchFieldError': method resolution failed> (0x00000000d6cfa460) thrown at [C:\cygwin64\tmp\openjdk-jdk8u-windows-x64-hotspot\workspace\build\src\hotspot\src\share\vm\prims\methodHandles.cpp, line 1167]
Event: 0.188 Thread 0x000002876df5a800 Exception <a 'java/lang/ClassNotFoundException': sun/dc/DuctusRenderingEngine> (0x00000000d6d82b68) thrown at [C:\cygwin64\tmp\openjdk-jdk8u-windows-x64-hotspot\workspace\build\src\hotspot\src\share\vm\classfile\systemDictionary.cpp, line 210]
Event: 0.221 Thread 0x00000287065a4800 Exception <a 'java/io/FileNotFoundException'> (0x00000000d6ef1008) thrown at [C:\cygwin64\tmp\openjdk-jdk8u-windows-x64-hotspot\workspace\build\src\hotspot\src\share\vm\prims\jni.cpp, line 710]
Event: 0.253 Thread 0x00000287065a4800 Exception <a 'java/lang/NoClassDefFoundError'> (0x00000000d6f8f6a0) thrown at [C:\cygwin64\tmp\openjdk-jdk8u-windows-x64-hotspot\workspace\build\src\hotspot\src\share\vm\prims\jvm.cpp, line 1506]
Event: 1.789 Thread 0x00000287068fe800 Exception <a 'java/security/PrivilegedActionException'> (0x00000000d751b4a8) thrown at [C:\cygwin64\tmp\openjdk-jdk8u-windows-x64-hotspot\workspace\build\src\hotspot\src\share\vm\prims\jvm.cpp, line 1502]
Event: 1.789 Thread 0x00000287068fe800 Exception <a 'java/security/PrivilegedActionException'> (0x00000000d751d018) thrown at [C:\cygwin64\tmp\openjdk-jdk8u-windows-x64-hotspot\workspace\build\src\hotspot\src\share\vm\prims\jvm.cpp, line 1502]
Event: 1.789 Thread 0x00000287068fe800 Exception <a 'java/security/PrivilegedActionException'> (0x00000000d751e138) thrown at [C:\cygwin64\tmp\openjdk-jdk8u-windows-x64-hotspot\workspace\build\src\hotspot\src\share\vm\prims\jvm.cpp, line 1502]
Event: 1.790 Thread 0x00000287068fe800 Exception <a 'java/security/PrivilegedActionException'> (0x00000000d7523258) thrown at [C:\cygwin64\tmp\openjdk-jdk8u-windows-x64-hotspot\workspace\build\src\hotspot\src\share\vm\prims\jvm.cpp, line 1502]
Event: 1.790 Thread 0x00000287068fe800 Exception <a 'java/security/PrivilegedActionException'> (0x00000000d7523eb0) thrown at [C:\cygwin64\tmp\openjdk-jdk8u-windows-x64-hotspot\workspace\build\src\hotspot\src\share\vm\prims\jvm.cpp, line 1502]
Event: 1.790 Thread 0x00000287068fe800 Exception <a 'java/security/PrivilegedActionException'> (0x00000000d7524ad8) thrown at [C:\cygwin64\tmp\openjdk-jdk8u-windows-x64-hotspot\workspace\build\src\hotspot\src\share\vm\prims\jvm.cpp, line 1502]

Events (10 events):
Event: 1.790 loading class org/lwjgl/openal/ALC10
Event: 1.790 loading class org/lwjgl/openal/ALC10 done
Event: 1.798 loading class org/lwjgl/openal/ALCdevice
Event: 1.798 loading class org/lwjgl/openal/ALCdevice done
Event: 1.799 loading class org/lwjgl/openal/ALCcontext
Event: 1.799 loading class org/lwjgl/openal/ALCcontext done
Event: 1.799 loading class org/lwjgl/openal/Util
Event: 1.799 loading class org/lwjgl/openal/Util done
Event: 1.799 loading class org/lwjgl/openal/OpenALException
Event: 1.799 loading class org/lwjgl/openal/OpenALException done


Dynamic libraries:
0x00007ff613490000 - 0x00007ff6134ca000 	C:\Program Files\jmonkeyplatform\jdk\bin\java.exe
0x00007ffffdbf0000 - 0x00007ffffdde8000 	C:\windows\SYSTEM32\ntdll.dll
0x00007ffffd890000 - 0x00007ffffd94f000 	C:\windows\System32\KERNEL32.DLL
0x00007ffffb7d0000 - 0x00007ffffbaa2000 	C:\windows\System32\KERNELBASE.dll
0x00007ffffbd90000 - 0x00007ffffbe3e000 	C:\windows\System32\ADVAPI32.dll
0x00007ffffc610000 - 0x00007ffffc6ae000 	C:\windows\System32\msvcrt.dll
0x00007ffffbe40000 - 0x00007ffffbedc000 	C:\windows\System32\sechost.dll
0x00007ffffce00000 - 0x00007ffffcf25000 	C:\windows\System32\RPCRT4.dll
0x00007ffffc120000 - 0x00007ffffc2c1000 	C:\windows\System32\USER32.dll
0x00007ffffbbb0000 - 0x00007ffffbbd2000 	C:\windows\System32\win32u.dll
0x00007ffffbee0000 - 0x00007ffffbf0b000 	C:\windows\System32\GDI32.dll
0x00007ffffb2e0000 - 0x00007ffffb3ef000 	C:\windows\System32\gdi32full.dll
0x00007ffffb3f0000 - 0x00007ffffb48d000 	C:\windows\System32\msvcp_win.dll
0x00007ffffb6a0000 - 0x00007ffffb7a0000 	C:\windows\System32\ucrtbase.dll
0x00007fffe5b40000 - 0x00007fffe5dda000 	C:\windows\WinSxS\amd64_microsoft.windows.common-controls_6595b64144ccf1df_6.0.19041.1110_none_60b5254171f9507e\COMCTL32.dll
0x00007ffffbd50000 - 0x00007ffffbd82000 	C:\windows\System32\IMM32.DLL
0x00007fffb5190000 - 0x00007fffb527f000 	C:\Program Files\jmonkeyplatform\jdk\jre\bin\msvcr120.dll
0x00007fffae510000 - 0x00007fffae5b6000 	C:\Program Files\jmonkeyplatform\jdk\jre\bin\msvcp120.dll
0x000000006de70000 - 0x000000006e66b000 	C:\Program Files\jmonkeyplatform\jdk\jre\bin\server\jvm.dll
0x00007ffffbd40000 - 0x00007ffffbd48000 	C:\windows\System32\PSAPI.DLL
0x00007ffff0bc0000 - 0x00007ffff0bc9000 	C:\windows\SYSTEM32\WSOCK32.dll
0x00007fffef560000 - 0x00007fffef56a000 	C:\windows\SYSTEM32\VERSION.dll
0x00007fffd9060000 - 0x00007fffd9087000 	C:\windows\SYSTEM32\WINMM.dll
0x00007ffffc3f0000 - 0x00007ffffc45b000 	C:\windows\System32\WS2_32.dll
0x00007ffff0bb0000 - 0x00007ffff0bbf000 	C:\Program Files\jmonkeyplatform\jdk\jre\bin\verify.dll
0x00007fffef670000 - 0x00007fffef698000 	C:\Program Files\jmonkeyplatform\jdk\jre\bin\java.dll
0x00007fffef650000 - 0x00007fffef666000 	C:\Program Files\jmonkeyplatform\jdk\jre\bin\zip.dll
0x00007ffffc6b0000 - 0x00007ffffcdf4000 	C:\windows\System32\SHELL32.dll
0x00007ffff90d0000 - 0x00007ffff9862000 	C:\windows\SYSTEM32\windows.storage.dll
0x00007ffffd0c0000 - 0x00007ffffd415000 	C:\windows\System32\combase.dll
0x00007ffffad40000 - 0x00007ffffad70000 	C:\windows\SYSTEM32\Wldp.dll
0x00007ffffdb00000 - 0x00007ffffdbad000 	C:\windows\System32\SHCORE.dll
0x00007ffffcf30000 - 0x00007ffffcf85000 	C:\windows\System32\shlwapi.dll
0x00007ffffb220000 - 0x00007ffffb23f000 	C:\windows\SYSTEM32\profapi.dll
0x00007fffac270000 - 0x00007fffac405000 	C:\Program Files\jmonkeyplatform\jdk\jre\bin\awt.dll
0x00007ffffda30000 - 0x00007ffffdafd000 	C:\windows\System32\OLEAUT32.dll
0x00007ffff8480000 - 0x00007ffff8511000 	C:\windows\SYSTEM32\apphelp.dll
0x00007ffff8670000 - 0x00007ffff870e000 	C:\windows\system32\uxtheme.dll
0x00007ffffc2d0000 - 0x00007ffffc3e5000 	C:\windows\System32\MSCTF.dll
0x00007ffffbf10000 - 0x00007ffffc03a000 	C:\windows\System32\ole32.dll
0x00007ffff9b30000 - 0x00007ffff9b42000 	C:\windows\SYSTEM32\kernel.appcore.dll
0x00007ffffbab0000 - 0x00007ffffbb32000 	C:\windows\System32\bcryptPrimitives.dll
0x00007ffff8750000 - 0x00007ffff877f000 	C:\windows\system32\DWMAPI.DLL
0x00007fffd7cb0000 - 0x00007fffd7dd5000 	C:\windows\system32\opengl32.dll
0x00007fffef5c0000 - 0x00007fffef5ec000 	C:\windows\SYSTEM32\GLU32.dll
0x00007fffae3d0000 - 0x00007fffae463000 	C:\Program Files\jmonkeyplatform\jdk\jre\bin\freetype.dll
0x00007fffac990000 - 0x00007fffaca4c000 	C:\Program Files\jmonkeyplatform\jdk\jre\bin\fontmanager.dll
0x00007fffe9870000 - 0x00007fffe988a000 	C:\Program Files\jmonkeyplatform\jdk\jre\bin\net.dll
0x00007fffdfdd0000 - 0x00007fffdffbd000 	C:\windows\SYSTEM32\urlmon.dll
0x00007fffdfae0000 - 0x00007fffdfb08000 	C:\windows\SYSTEM32\srvcli.dll
0x00007ffffa780000 - 0x00007ffffa78c000 	C:\windows\SYSTEM32\netutils.dll
0x00007fffdfb10000 - 0x00007fffdfdc1000 	C:\windows\SYSTEM32\iertutil.dll
0x00007ffffaaa0000 - 0x00007ffffab0a000 	C:\windows\system32\mswsock.dll
0x00007fffe96f0000 - 0x00007fffe9702000 	C:\Program Files\jmonkeyplatform\jdk\jre\bin\nio.dll
0x00007fffd88a0000 - 0x00007fffd8999000 	C:\windows\SYSTEM32\textinputframework.dll
0x00007ffff7b70000 - 0x00007ffff7ece000 	C:\windows\System32\CoreUIComponents.dll
0x00007ffff8250000 - 0x00007ffff8342000 	C:\windows\System32\CoreMessaging.dll
0x00007ffffa470000 - 0x00007ffffa4a3000 	C:\windows\SYSTEM32\ntmarta.dll
0x00007ffff6ab0000 - 0x00007ffff6c04000 	C:\windows\SYSTEM32\wintypes.dll
0x00007fffabed0000 - 0x00007fffac0a2000 	C:\Users\48793\Documents\BulletHeavenFPS\bulletjme.dll
0x0000000180000000 - 0x0000000180064000 	C:\Users\48793\Documents\BulletHeavenFPS\OpenAL64.dll
0x00000287087d0000 - 0x0000028708823000 	C:\Users\48793\Documents\BulletHeavenFPS\lwjgl64.dll
0x00007ffff1700000 - 0x00007ffff17ae000 	C:\windows\SYSTEM32\mscms.dll
0x00007ffffb1e0000 - 0x00007ffffb20e000 	C:\windows\SYSTEM32\USERENV.dll
0x00007ffff16e0000 - 0x00007ffff16f1000 	C:\windows\SYSTEM32\ColorAdapterClient.dll
0x00007ffffcf90000 - 0x00007ffffd03f000 	C:\windows\System32\clbcatq.dll
0x00007fffef570000 - 0x00007fffef5b3000 	C:\Windows\System32\Windows.Internal.Graphics.Display.DisplayColorManagement.dll
0x00007ffffbbe0000 - 0x00007ffffbc2e000 	C:\windows\System32\cfgmgr32.dll
0x00007fffee3a0000 - 0x00007fffee497000 	C:\Windows\System32\AppXDeploymentClient.dll
0x00007fff4aa60000 - 0x00007fff4ba2b000 	C:\windows\System32\DriverStore\FileRepository\iigd_dch.inf_amd64_5d4f0988fea137a7\igxelpicd64.dll
0x00007ffff9ba0000 - 0x00007ffff9c93000 	C:\windows\system32\dxgi.dll
0x00007fffa61e0000 - 0x00007fffa6667000 	C:\windows\System32\DriverStore\FileRepository\iigd_dch.inf_amd64_5d4f0988fea137a7\igdml64.dll
0x00007fffec590000 - 0x00007fffec95d000 	C:\windows\System32\DriverStore\FileRepository\iigd_dch.inf_amd64_5d4f0988fea137a7\igdgmm64.dll
0x00007fffabe80000 - 0x00007fffabec3000 	C:\windows\SYSTEM32\icm32.dll
0x00007fffe6070000 - 0x00007fffe8db7000 	C:\windows\System32\DriverStore\FileRepository\iigd_dch.inf_amd64_5d4f0988fea137a7\igc64.dll
0x00007ffffa8b0000 - 0x00007ffffa8fb000 	C:\windows\SYSTEM32\powrprof.dll
0x00007ffffa720000 - 0x00007ffffa732000 	C:\windows\SYSTEM32\UMPDC.dll
0x00007fffe43b0000 - 0x00007fffe4435000 	C:\windows\System32\MMDevApi.dll
0x00007ffffb090000 - 0x00007ffffb0bc000 	C:\windows\System32\DEVOBJ.dll
0x00007fffb1540000 - 0x00007fffb15dc000 	C:\windows\SYSTEM32\dsound.dll
0x00007fffd0500000 - 0x00007fffd0526000 	C:\windows\SYSTEM32\winmmbase.dll
0x00007fffe4570000 - 0x00007fffe46f2000 	C:\windows\SYSTEM32\AUDIOSES.DLL
0x00007ffff8ee0000 - 0x00007ffff90c4000 	C:\windows\SYSTEM32\dbghelp.dll

VM Arguments:
jvm_args: -Dfile.encoding=UTF-8 
java_command: mygame.Main
java_class_path (initial): C:\Program Files\jmonkeyplatform\jmonkeyplatform\libs\jme3-jogg-3.2.4-stable.jar;C:\Program Files\jmonkeyplatform\jmonkeyplatform\libs\j-ogg-all-1.0.0.jar;C:\Program Files\jmonkeyplatform\jmonkeyplatform\libs\jme3-networking-3.2.4-stable.jar;C:\Program Files\jmonkeyplatform\jmonkeyplatform\libs\jme3-plugins-3.2.4-stable.jar;C:\Program Files\jmonkeyplatform\jmonkeyplatform\libs\gson-2.8.1.jar;C:\Program Files\jmonkeyplatform\jmonkeyplatform\libs\jme3-core-3.2.4-stable.jar;C:\Program Files\jmonkeyplatform\jmonkeyplatform\libs\jme3-desktop-3.2.4-stable.jar;C:\Program Files\jmonkeyplatform\jmonkeyplatform\libs\jme3-lwjgl-3.2.4-stable.jar;C:\Program Files\jmonkeyplatform\jmonkeyplatform\libs\lwjgl-2.9.3.jar;C:\Program Files\jmonkeyplatform\jmonkeyplatform\libs\jinput-2.0.5.jar;C:\Program Files\jmonkeyplatform\jmonkeyplatform\libs\jinput-platform-2.0.5-natives-linux.jar;C:\Program Files\jmonkeyplatform\jmonkeyplatform\libs\jinput-platform-2.0.5-natives-windows.jar;C:\Program Files\jmonkeyplatform\jmonkeyplatform\libs\jinput-platform-2.0.5-natives-osx.jar;C:\Program Files\jmonkeyplatform\jmonkeyplatform\libs\jutils-1.0.0.jar;C:\Program Files\jmonkeyplatform\jmonkeyplatform\libs\lwjgl-platform-2.9.3-natives-windows.jar;C:\Program Files\jmonkeyplatform\jmonkeyplatform\libs\lwjgl-platform-2.9.3-natives-linux.jar;C:\Program Files\jmonkeyplatform\jmonkeyplatform\libs\lwjgl-platform-2.9.3-natives-osx.jar;C:\Program Files\jmonkeyplatform\jmonkeyplatform\libs\jme3-effects-3.2.4-stable.jar;C:\Program Files\jmonkeyplatform\jmonkeyplatform\libs\jme3-terrain-3.2.4-stable.jar;C:\Program Files\jmonkeyplatform\jmonkeyplatform\libs\jme3-bullet-3.2.4-stable.jar;C:\Program Files\jmonkeyplatform\jmonkeyplatform\libs\jme3-bullet-native-3.2.4-stable.jar;C:\Program Files\jmonkeyplatform\jmonkeyplatform\libs\jme3-niftygui-3.2.4-stable.jar;C:\Program Files\jmonkeyplatform\jmonkeyplatform\libs\nifty-style-black-1.4.3.jar;C:\Program Files\jmonkeyplatform\jmonkeyplatform
Launcher Type: SUN_STANDARD

Environment Variables:
PATH=C:\Program Files (x86)\Common Files\Oracle\Java\javapath;C:\windows\system32;C:\windows;C:\windows\System32\Wbem;C:\windows\System32\WindowsPowerShell\v1.0\;C:\windows\System32\OpenSSH\;C:\Program Files\MATLAB\R2021b\bin;C:\Program Files\dotnet\;C:\Program Files\Git\cmd;C:\Program Files (x86)\Microsoft SQL Server\150\DTS\Binn\;C:\Program Files\Azure Data Studio\bin;C:\Program Files\Microsoft SQL Server\Client SDK\ODBC\170\Tools\Binn\;C:\Program Files (x86)\Microsoft SQL Server\150\Tools\Binn\;C:\Program Files\Microsoft SQL Server\150\Tools\Binn\;C:\Program Files\Microsoft SQL Server\150\DTS\Binn\;C:\Program Files\MySQL\MySQL Shell 8.0\bin\;C:\Users\48793\AppData\Local\Programs\Python\Python310\Scripts\;C:\Users\48793\AppData\Local\Programs\Python\Python310\;C:\Users\48793\AppData\Local\Microsoft\WindowsApps;;C:\Users\48793\AppData\Local\Programs\Microsoft VS Code\bin;C:\Users\48793\.dotnet\tools;C:\Program Files\Azure Data Studio\bin
USERNAME=48793
OS=Windows_NT
PROCESSOR_IDENTIFIER=Intel64 Family 6 Model 140 Stepping 1, GenuineIntel



---------------  S Y S T E M  ---------------

OS: Windows 10.0 , 64 bit Build 19041 (10.0.19041.2364)

CPU:total 8 (initial active 8) (4 cores per cpu, 2 threads per core) family 6 model 140 stepping 1, cmov, cx8, fxsr, mmx, sse, sse2, sse3, ssse3, sse4.1, sse4.2, popcnt, avx, avx2, aes, clmul, erms, 3dnowpref, lzcnt, ht, tsc, tscinvbit, bmi1, bmi2, adx

Memory: 4k page, physical 8148984k(1744372k free), swap 15827604k(4556824k free)

vm_info: OpenJDK 64-Bit Server VM (25.212-b04) for windows-amd64 JRE (1.8.0_212-b04), built on Jun  3 2019 21:11:11 by "jenkins" with MS VC++ 12.0 (VS2013)

time: Thu Jan 12 20:25:06 2023
timezone: ?rodkowoeuropejski czas stand.
elapsed time: 1 seconds (0d 0h 0m 1s)

