#
# A fatal error has been detected by the Java Runtime Environment:
#
#  EXCEPTION_ACCESS_VIOLATION (0xc0000005) at pc=0x000000006ebd4d48, pid=25112, tid=0x000000000000624c
#
# JRE version: OpenJDK Runtime Environment (8.0_212-b04) (build 1.8.0_212-b04)
# Java VM: OpenJDK 64-Bit Server VM (25.212-b04 mixed mode windows-amd64 compressed oops)
# Problematic frame:
# V  [jvm.dll+0x104d48]
#
# Failed to write core dump. Minidumps are not enabled by default on client versions of Windows
#
# If you would like to submit a bug report, please visit:
#   
#

---------------  T H R E A D  ---------------

Current thread (0x000001ec1e2d3800):  JavaThread "*** Profiler Agent Communication Thread" daemon [_thread_in_vm, id=25164, stack(0x00000070d2600000,0x00000070d2700000)]

siginfo: ExceptionCode=0xc0000005, reading address 0x000000001eeaa908

Registers:
RAX=0x00000070d26fec01, RBX=0x000001ec1e2d3800, RCX=0x000000001eeaa908, RDX=0x0000000000000000
RSP=0x00000070d26feca0, RBP=0x000000001eeaa908, RSI=0x000001ec05f83750, RDI=0x00000070d26fedc0
R8 =0x000001ec1e2d3800, R9 =0x000000001eeaa908, R10=0x0000000000000000, R11=0x00000070d26fe801
R12=0x000001ec217011f0, R13=0x0000000000000190, R14=0x00007ffb84f89c68, R15=0x00007ffb84f89a60
RIP=0x000000006ebd4d48, EFLAGS=0x0000000000010202

Top of Stack: (sp=0x00000070d26feca0)
0x00000070d26feca0:   0000000000000000 0000000000000000
0x00000070d26fecb0:   000001ec1e2d3800 00000070d26fee68
0x00000070d26fecc0:   000001ec1e2d3800 000000006edbd64d
0x00000070d26fecd0:   0000000000003e80 000001ec1ba25a18
0x00000070d26fece0:   000001ec1e2d39e0 00007ffb8fab9d40
0x00000070d26fecf0:   000001ec1e2d3800 0000000000000000
0x00000070d26fed00:   0000007000000000 0000000000000000
0x00000070d26fed10:   000000001eeaa908 00007ffb84f834da
0x00000070d26fed20:   0000000000000000 000001ec1e2d39e0
0x00000070d26fed30:   000001ec1ba25a18 000000006eb66365
0x00000070d26fed40:   000001ec217011f0 000001ec1e2caaf0
0x00000070d26fed50:   00000000000003d8 000001ec1e2cab00
0x00000070d26fed60:   000001ec1bbab5d8 000001ec1e2d3800
0x00000070d26fed70:   000001ec1bbab5d8 000001ec1e2d3800
0x00000070d26fed80:   000001ec1e2d3800 000001ec1bbab5d8
0x00000070d26fed90:   0000000000000000 000001ec07997b00 

Instructions: (pc=0x000000006ebd4d48)
0x000000006ebd4d28:   cc cc cc cc cc cc cc cc 48 83 ec 28 4c 8b c9 48
0x000000006ebd4d38:   85 c9 75 07 33 c0 48 83 c4 28 c3 48 89 5c 24 20
0x000000006ebd4d48:   48 8b 19 48 85 db 74 3f 48 8b 43 08 48 8b 48 08
0x000000006ebd4d58:   48 8b 41 18 48 85 c0 74 2e 48 8b 80 90 00 00 00 


Register to memory mapping:

RAX=0x00000070d26fec01 is pointing into the stack for thread: 0x000001ec1e2d3800
RBX=0x000001ec1e2d3800 is a thread
RCX=0x000000001eeaa908 is an unknown value
RDX=0x0000000000000000 is an unknown value
RSP=0x00000070d26feca0 is pointing into the stack for thread: 0x000001ec1e2d3800
RBP=0x000000001eeaa908 is an unknown value
RSI=0x000001ec05f83750 is an unknown value
RDI=0x00000070d26fedc0 is pointing into the stack for thread: 0x000001ec1e2d3800
R8 =0x000001ec1e2d3800 is a thread
R9 =0x000000001eeaa908 is an unknown value
R10=0x0000000000000000 is an unknown value
R11=0x00000070d26fe801 is pointing into the stack for thread: 0x000001ec1e2d3800
R12=0x000001ec217011f0 is an unknown value
R13=0x0000000000000190 is an unknown value
R14=0x00007ffb84f89c68 is an unknown value
R15=0x00007ffb84f89a60 is an unknown value


Stack: [0x00000070d2600000,0x00000070d2700000],  sp=0x00000070d26feca0,  free space=1019k
Native frames: (J=compiled Java code, j=interpreted, Vv=VM code, C=native code)
V  [jvm.dll+0x104d48]
V  [jvm.dll+0x2ed64d]
C  [profilerinterface.dll+0x34da]
C  0x000001ec079a9c6e

Java frames: (J=compiled Java code, j=interpreted, Vv=VM code)
j  org.netbeans.lib.profiler.server.system.Stacks.getMethodNamesForJMethodIds(I[I[I)[B+0
j  org.netbeans.lib.profiler.server.ProfilerInterface.getMethodNamesForJMethodIds([I)Lorg/netbeans/lib/profiler/wireprotocol/MethodNamesResponse;+20
j  org.netbeans.lib.profiler.server.ProfilerServer.handleClientCommand(Lorg/netbeans/lib/profiler/wireprotocol/Command;)V+691
j  org.netbeans.lib.profiler.server.ProfilerServer.listenToClient()V+48
j  org.netbeans.lib.profiler.server.ProfilerServer.run()V+22
v  ~StubRoutines::call_stub

---------------  P R O C E S S  ---------------

Java Threads: ( => current thread )
  0x000001ec1f66b800 JavaThread "TimerQueue" daemon [_thread_blocked, id=21256, stack(0x00000070d3500000,0x00000070d3600000)]
  0x000001ec1f09d000 JavaThread "Image Fetcher 0" daemon [_thread_blocked, id=30908, stack(0x00000070d3400000,0x00000070d3500000)]
  0x000001ec1f013000 JavaThread "AWT-EventQueue-0" [_thread_blocked, id=17352, stack(0x00000070d3300000,0x00000070d3400000)]
  0x000001ec1f009800 JavaThread "AWT-Windows" daemon [_thread_in_native, id=28676, stack(0x00000070d3200000,0x00000070d3300000)]
  0x000001ec1f015000 JavaThread "AWT-Shutdown" [_thread_blocked, id=8692, stack(0x00000070d3100000,0x00000070d3200000)]
  0x000001ec1f014800 JavaThread "Java2D Disposer" daemon [_thread_blocked, id=1124, stack(0x00000070d3000000,0x00000070d3100000)]
  0x000001ec1e452800 JavaThread "Service Thread" daemon [_thread_blocked, id=30080, stack(0x00000070d2e00000,0x00000070d2f00000)]
  0x000001ec1e45e000 JavaThread "C1 CompilerThread3" daemon [_thread_blocked, id=20316, stack(0x00000070d2d00000,0x00000070d2e00000)]
  0x000001ec1e46f000 JavaThread "C2 CompilerThread2" daemon [_thread_blocked, id=31312, stack(0x00000070d2c00000,0x00000070d2d00000)]
  0x000001ec1e46e000 JavaThread "C2 CompilerThread1" daemon [_thread_blocked, id=33404, stack(0x00000070d2b00000,0x00000070d2c00000)]
  0x000001ec1e5ee000 JavaThread "C2 CompilerThread0" daemon [_thread_blocked, id=8616, stack(0x00000070d2900000,0x00000070d2a00000)]
  0x000001ec1e46b800 JavaThread "*** Profiler Agent Special Execution Thread 10" daemon [_thread_blocked, id=30508, stack(0x00000070d2a00000,0x00000070d2b00000)]
  0x000001ec1e357800 JavaThread "*** Profiler Agent Special Execution Thread 6" daemon [_thread_blocked, id=13920, stack(0x00000070d2800000,0x00000070d2900000)]
  0x000001ec1e356800 JavaThread "*** JFluid Monitor thread ***" daemon [_thread_blocked, id=25564, stack(0x00000070d2700000,0x00000070d2800000)]
=>0x000001ec1e2d3800 JavaThread "*** Profiler Agent Communication Thread" daemon [_thread_in_vm, id=25164, stack(0x00000070d2600000,0x00000070d2700000)]
  0x000001ec1cb21800 JavaThread "Attach Listener" daemon [_thread_blocked, id=29472, stack(0x00000070d2500000,0x00000070d2600000)]
  0x000001ec1cb20800 JavaThread "Signal Dispatcher" daemon [_thread_blocked, id=10372, stack(0x00000070d2400000,0x00000070d2500000)]
  0x000001ec1caf3000 JavaThread "Finalizer" daemon [_thread_blocked, id=31284, stack(0x00000070d2300000,0x00000070d2400000)]
  0x000001ec1caf0800 JavaThread "Reference Handler" daemon [_thread_blocked, id=29412, stack(0x00000070d2200000,0x00000070d2300000)]
  0x000001ec05f8a800 JavaThread "main" [_thread_blocked, id=31268, stack(0x00000070d1800000,0x00000070d1900000)]

Other Threads:
  0x000001ec1cac2800 VMThread [stack: 0x00000070d2100000,0x00000070d2200000] [id=24892]
  0x000001ec1e454800 WatcherThread [stack: 0x00000070d2f00000,0x00000070d3000000] [id=29280]

VM state:synchronizing (normal execution)

VM Mutex/Monitor currently owned by a thread:  ([mutex/lock_event])
[0x000001ec05f87bc0] Threads_lock - owner thread: 0x000001ec1cac2800

heap address: 0x0000000083a00000, size: 1990 MB, Compressed Oops mode: 32-bit
Narrow klass base: 0x0000000000000000, Narrow klass shift: 3
Compressed class space size: 1073741824 Address: 0x0000000100000000

Heap:
 PSYoungGen      total 37888K, used 20544K [0x00000000d6900000, 0x00000000d9300000, 0x0000000100000000)
  eden space 32768K, 62% used [0x00000000d6900000,0x00000000d7d10160,0x00000000d8900000)
  from space 5120K, 0% used [0x00000000d8e00000,0x00000000d8e00000,0x00000000d9300000)
  to   space 5120K, 0% used [0x00000000d8900000,0x00000000d8900000,0x00000000d8e00000)
 ParOldGen       total 86016K, used 0K [0x0000000083a00000, 0x0000000088e00000, 0x00000000d6900000)
  object space 86016K, 0% used [0x0000000083a00000,0x0000000083a00000,0x0000000088e00000)
 Metaspace       used 15288K, capacity 15468K, committed 15872K, reserved 1062912K
  class space    used 1903K, capacity 1977K, committed 2048K, reserved 1048576K

Card table byte_map: [0x000001ec16d50000,0x000001ec17140000] byte_map_base: 0x000001ec16933000

Marking Bits: (ParMarkBitMap*) 0x000000006f251f50
 Begin Bits: [0x000001ec173e0000, 0x000001ec192f8000)
 End Bits:   [0x000001ec192f8000, 0x000001ec1b210000)

Polling page: 0x000001ec06170000

CodeCache: size=245760Kb used=2677Kb max_used=2677Kb free=243082Kb
 bounds [0x000001ec07990000, 0x000001ec07c30000, 0x000001ec16990000]
 total_blobs=1240 nmethods=705 adapters=449
 compilation: enabled

Compilation events (10 events):
Event: 2.012 Thread 0x000001ec1e45e000 nmethod 698 0x000001ec07c2c710 code [0x000001ec07c2c860, 0x000001ec07c2c978]
Event: 2.012 Thread 0x000001ec1e45e000  699       1       javax.swing.JLabel::getIconTextGap (5 bytes)
Event: 2.012 Thread 0x000001ec1e45e000 nmethod 699 0x000001ec07c2c9d0 code [0x000001ec07c2cb20, 0x000001ec07c2cc38]
Event: 2.012 Thread 0x000001ec1e45e000  700       1       javax.swing.RepaintManager::isDoubleBufferingEnabled (5 bytes)
Event: 2.012 Thread 0x000001ec1e45e000 nmethod 700 0x000001ec07c2cc90 code [0x000001ec07c2cde0, 0x000001ec07c2cef8]
Event: 2.056 Thread 0x000001ec1e45e000  702       3       sun.java2d.pipe.Region::dimAdd (20 bytes)
Event: 2.057 Thread 0x000001ec1e45e000 nmethod 702 0x000001ec07c2cf50 code [0x000001ec07c2d0a0, 0x000001ec07c2d278]
Event: 2.057 Thread 0x000001ec1e45e000  701       3       javax.swing.SwingUtilities::computeIntersection (189 bytes)
Event: 2.057 Thread 0x000001ec1e45e000 nmethod 701 0x000001ec07c2d310 code [0x000001ec07c2d480, 0x000001ec07c2d7b8]
Event: 2.128 Thread 0x000001ec1e45e000  703       3       java.io.Bits::getInt (43 bytes)

GC Heap History (0 events):
No events

Deoptimization events (10 events):
Event: 1.668 Thread 0x000001ec1f013000 Uncommon trap: reason=unstable_if action=reinterpret pc=0x000001ec07b351e8 method=java.util.HashMap.hash(Ljava/lang/Object;)I @ 1
Event: 1.708 Thread 0x000001ec1f009800 Uncommon trap: reason=class_check action=maybe_recompile pc=0x000001ec07bc93ec method=java.util.HashMap.putVal(ILjava/lang/Object;Ljava/lang/Object;ZZ)Ljava/lang/Object; @ 203
Event: 1.708 Thread 0x000001ec1f009800 Uncommon trap: reason=bimorphic action=maybe_recompile pc=0x000001ec07bc9438 method=java.util.HashMap.putVal(ILjava/lang/Object;Ljava/lang/Object;ZZ)Ljava/lang/Object; @ 91
Event: 1.708 Thread 0x000001ec1f009800 Uncommon trap: reason=class_check action=maybe_recompile pc=0x000001ec07bc93ec method=java.util.HashMap.putVal(ILjava/lang/Object;Ljava/lang/Object;ZZ)Ljava/lang/Object; @ 203
Event: 1.708 Thread 0x000001ec1f009800 Uncommon trap: reason=class_check action=maybe_recompile pc=0x000001ec07bc93ec method=java.util.HashMap.putVal(ILjava/lang/Object;Ljava/lang/Object;ZZ)Ljava/lang/Object; @ 203
Event: 1.708 Thread 0x000001ec1f009800 Uncommon trap: reason=bimorphic action=maybe_recompile pc=0x000001ec07bc9438 method=java.util.HashMap.putVal(ILjava/lang/Object;Ljava/lang/Object;ZZ)Ljava/lang/Object; @ 91
Event: 1.779 Thread 0x000001ec1f013000 Uncommon trap: reason=class_check action=maybe_recompile pc=0x000001ec07ab8754 method=java.lang.String.equals(Ljava/lang/Object;)Z @ 8
Event: 1.779 Thread 0x000001ec1f013000 Uncommon trap: reason=class_check action=maybe_recompile pc=0x000001ec07ab8754 method=java.lang.String.equals(Ljava/lang/Object;)Z @ 8
Event: 1.779 Thread 0x000001ec1f013000 Uncommon trap: reason=class_check action=maybe_recompile pc=0x000001ec07ab8754 method=java.lang.String.equals(Ljava/lang/Object;)Z @ 8
Event: 1.780 Thread 0x000001ec1f013000 Uncommon trap: reason=class_check action=maybe_recompile pc=0x000001ec07ab8754 method=java.lang.String.equals(Ljava/lang/Object;)Z @ 8

Classes redefined (0 events):
No events

Internal exceptions (10 events):
Event: 0.667 Thread 0x000001ec05f8a800 Exception <a 'java/lang/ArrayIndexOutOfBoundsException': 22> (0x00000000d6d7b748) thrown at [C:\cygwin64\tmp\openjdk-jdk8u-windows-x64-hotspot\workspace\build\src\hotspot\src\share\vm\interpreter\interpreterRuntime.cpp, line 368]
Event: 0.667 Thread 0x000001ec05f8a800 Exception <a 'java/lang/ArrayIndexOutOfBoundsException': 22> (0x00000000d6d7cea8) thrown at [C:\cygwin64\tmp\openjdk-jdk8u-windows-x64-hotspot\workspace\build\src\hotspot\src\share\vm\interpreter\interpreterRuntime.cpp, line 368]
Event: 0.667 Thread 0x000001ec05f8a800 Exception <a 'java/lang/ArrayIndexOutOfBoundsException': 22> (0x00000000d6d7f608) thrown at [C:\cygwin64\tmp\openjdk-jdk8u-windows-x64-hotspot\workspace\build\src\hotspot\src\share\vm\interpreter\interpreterRuntime.cpp, line 368]
Event: 1.473 Thread 0x000001ec05f8a800 Exception <a 'java/io/FileNotFoundException'> (0x00000000d737f5c0) thrown at [C:\cygwin64\tmp\openjdk-jdk8u-windows-x64-hotspot\workspace\build\src\hotspot\src\share\vm\prims\jni.cpp, line 710]
Event: 1.484 Thread 0x000001ec05f8a800 Exception <a 'java/lang/ClassNotFoundException': sun/dc/DuctusRenderingEngine> (0x00000000d73953f8) thrown at [C:\cygwin64\tmp\openjdk-jdk8u-windows-x64-hotspot\workspace\build\src\hotspot\src\share\vm\classfile\systemDictionary.cpp, line 210]
Event: 1.529 Thread 0x000001ec1f013000 Exception <a 'java/io/FileNotFoundException'> (0x00000000d753bee0) thrown at [C:\cygwin64\tmp\openjdk-jdk8u-windows-x64-hotspot\workspace\build\src\hotspot\src\share\vm\prims\jni.cpp, line 710]
Event: 1.556 Thread 0x000001ec1f013000 Implicit null exception at 0x000001ec07b37f96 to 0x000001ec07b38345
Event: 1.557 Thread 0x000001ec1f013000 Implicit null exception at 0x000001ec07b1cf96 to 0x000001ec07b1d341
Event: 1.561 Thread 0x000001ec1f013000 Exception <a 'java/lang/NoClassDefFoundError'> (0x00000000d75cf0f0) thrown at [C:\cygwin64\tmp\openjdk-jdk8u-windows-x64-hotspot\workspace\build\src\hotspot\src\share\vm\prims\jvm.cpp, line 1506]
Event: 1.668 Thread 0x000001ec1f013000 Implicit null exception at 0x000001ec07b3516f to 0x000001ec07b351d9

Events (10 events):
Event: 2.103 Executing VM operation: GetAllStackTraces
Event: 2.103 Executing VM operation: GetAllStackTraces done
Event: 2.109 loading class org/netbeans/lib/profiler/wireprotocol/EventBufferDumpedCommand
Event: 2.109 loading class org/netbeans/lib/profiler/wireprotocol/EventBufferDumpedCommand done
Event: 2.118 Executing VM operation: GetAllStackTraces
Event: 2.118 Executing VM operation: GetAllStackTraces done
Event: 2.124 loading class org/netbeans/lib/profiler/wireprotocol/DumpResultsResponse
Event: 2.124 loading class org/netbeans/lib/profiler/wireprotocol/DumpResultsResponse done
Event: 2.127 loading class org/netbeans/lib/profiler/wireprotocol/GetMethodNamesForJMethodIdsCommand
Event: 2.127 loading class org/netbeans/lib/profiler/wireprotocol/GetMethodNamesForJMethodIdsCommand done


Dynamic libraries:
0x00007ff6d0e70000 - 0x00007ff6d0eaa000 	C:\Program Files\jmonkeyplatform\jdk\bin\java.exe
0x00007ffb8ff70000 - 0x00007ffb90168000 	C:\windows\SYSTEM32\ntdll.dll
0x00007ffb8fb40000 - 0x00007ffb8fbff000 	C:\windows\System32\KERNEL32.DLL
0x00007ffb8d8f0000 - 0x00007ffb8dbc2000 	C:\windows\System32\KERNELBASE.dll
0x00007ffb8ec10000 - 0x00007ffb8ecbe000 	C:\windows\System32\ADVAPI32.dll
0x00007ffb8faa0000 - 0x00007ffb8fb3e000 	C:\windows\System32\msvcrt.dll
0x00007ffb8e380000 - 0x00007ffb8e41c000 	C:\windows\System32\sechost.dll
0x00007ffb8ed20000 - 0x00007ffb8ee45000 	C:\windows\System32\RPCRT4.dll
0x00007ffb8fd30000 - 0x00007ffb8fecd000 	C:\windows\System32\USER32.dll
0x00007ffb8d8c0000 - 0x00007ffb8d8e2000 	C:\windows\System32\win32u.dll
0x00007ffb8e230000 - 0x00007ffb8e25b000 	C:\windows\System32\GDI32.dll
0x00007ffb8dd30000 - 0x00007ffb8de3f000 	C:\windows\System32\gdi32full.dll
0x00007ffb8d670000 - 0x00007ffb8d70d000 	C:\windows\System32\msvcp_win.dll
0x00007ffb8d710000 - 0x00007ffb8d810000 	C:\windows\System32\ucrtbase.dll
0x00007ffb7e090000 - 0x00007ffb7e32a000 	C:\windows\WinSxS\amd64_microsoft.windows.common-controls_6595b64144ccf1df_6.0.19041.1110_none_60b5254171f9507e\COMCTL32.dll
0x00007ffb8fc00000 - 0x00007ffb8fc32000 	C:\windows\System32\IMM32.DLL
0x00007ffb3a550000 - 0x00007ffb3a63f000 	C:\Program Files\jmonkeyplatform\jdk\jre\bin\msvcr120.dll
0x00007ffb3e450000 - 0x00007ffb3e4f6000 	C:\Program Files\jmonkeyplatform\jdk\jre\bin\msvcp120.dll
0x000000006ead0000 - 0x000000006f2cb000 	C:\Program Files\jmonkeyplatform\jdk\jre\bin\server\jvm.dll
0x00007ffb8f050000 - 0x00007ffb8f058000 	C:\windows\System32\PSAPI.DLL
0x00007ffb84fa0000 - 0x00007ffb84fa9000 	C:\windows\SYSTEM32\WSOCK32.dll
0x00007ffb80770000 - 0x00007ffb8077a000 	C:\windows\SYSTEM32\VERSION.dll
0x00007ffb6ad40000 - 0x00007ffb6ad67000 	C:\windows\SYSTEM32\WINMM.dll
0x00007ffb8efe0000 - 0x00007ffb8f04b000 	C:\windows\System32\WS2_32.dll
0x00007ffb83150000 - 0x00007ffb8315f000 	C:\Program Files\jmonkeyplatform\jdk\jre\bin\verify.dll
0x00007ffb72060000 - 0x00007ffb72088000 	C:\Program Files\jmonkeyplatform\jdk\jre\bin\java.dll
0x00007ffb84f80000 - 0x00007ffb84f8f000 	C:\Users\48793\AppData\Roaming\.jmonkeyplatform\v3.2.4-stable-sdk1\lib\deployed\jdk16\windows-amd64\profilerinterface.dll
0x00007ffb81340000 - 0x00007ffb81356000 	C:\Program Files\jmonkeyplatform\jdk\jre\bin\zip.dll
0x00007ffb8e4c0000 - 0x00007ffb8ec03000 	C:\windows\System32\SHELL32.dll
0x00007ffb8b270000 - 0x00007ffb8ba02000 	C:\windows\SYSTEM32\windows.storage.dll
0x00007ffb8f060000 - 0x00007ffb8f3b4000 	C:\windows\System32\combase.dll
0x00007ffb8d0d0000 - 0x00007ffb8d100000 	C:\windows\SYSTEM32\Wldp.dll
0x00007ffb8ee50000 - 0x00007ffb8eefd000 	C:\windows\System32\SHCORE.dll
0x00007ffb8ecc0000 - 0x00007ffb8ed15000 	C:\windows\System32\shlwapi.dll
0x00007ffb8d5b0000 - 0x00007ffb8d5cf000 	C:\windows\SYSTEM32\profapi.dll
0x00007ffb7b080000 - 0x00007ffb7b09a000 	C:\Program Files\jmonkeyplatform\jdk\jre\bin\net.dll
0x00007ffb736c0000 - 0x00007ffb738ad000 	C:\windows\SYSTEM32\urlmon.dll
0x00007ffb73400000 - 0x00007ffb736b1000 	C:\windows\SYSTEM32\iertutil.dll
0x00007ffb8cbe0000 - 0x00007ffb8cbec000 	C:\windows\SYSTEM32\netutils.dll
0x00007ffb74250000 - 0x00007ffb74278000 	C:\windows\SYSTEM32\srvcli.dll
0x00007ffb8ce30000 - 0x00007ffb8ce9a000 	C:\windows\system32\mswsock.dll
0x00007ffb82f80000 - 0x00007ffb82f8d000 	C:\Program Files\jmonkeyplatform\jdk\jre\bin\management.dll
0x00007ffb74b50000 - 0x00007ffb74b62000 	C:\Program Files\jmonkeyplatform\jdk\jre\bin\nio.dll
0x00007ffb8d030000 - 0x00007ffb8d048000 	C:\windows\SYSTEM32\CRYPTSP.dll
0x00007ffb8c6e0000 - 0x00007ffb8c714000 	C:\windows\system32\rsaenh.dll
0x00007ffb8df40000 - 0x00007ffb8df67000 	C:\windows\System32\bcrypt.dll
0x00007ffb8d570000 - 0x00007ffb8d59e000 	C:\windows\SYSTEM32\USERENV.dll
0x00007ffb8de40000 - 0x00007ffb8dec2000 	C:\windows\System32\bcryptprimitives.dll
0x00007ffb8d020000 - 0x00007ffb8d02c000 	C:\windows\SYSTEM32\CRYPTBASE.dll
0x00007ffb8cad0000 - 0x00007ffb8cb0b000 	C:\windows\SYSTEM32\IPHLPAPI.DLL
0x00007ffb8f620000 - 0x00007ffb8f628000 	C:\windows\System32\NSI.dll
0x00007ffb80430000 - 0x00007ffb80447000 	C:\windows\SYSTEM32\dhcpcsvc6.DLL
0x00007ffb80750000 - 0x00007ffb8076d000 	C:\windows\SYSTEM32\dhcpcsvc.DLL
0x00007ffb8cb10000 - 0x00007ffb8cbda000 	C:\windows\SYSTEM32\DNSAPI.dll
0x00007ffb3dcf0000 - 0x00007ffb3de85000 	C:\Program Files\jmonkeyplatform\jdk\jre\bin\awt.dll
0x00007ffb8dfd0000 - 0x00007ffb8e09d000 	C:\windows\System32\OLEAUT32.dll
0x00007ffb8a810000 - 0x00007ffb8a8a1000 	C:\windows\SYSTEM32\apphelp.dll
0x00007ffb8a9b0000 - 0x00007ffb8aa4e000 	C:\windows\system32\uxtheme.dll
0x00007ffb8e260000 - 0x00007ffb8e375000 	C:\windows\System32\MSCTF.dll
0x00007ffb8e0a0000 - 0x00007ffb8e1ca000 	C:\windows\System32\ole32.dll
0x00007ffb8c000000 - 0x00007ffb8c012000 	C:\windows\SYSTEM32\kernel.appcore.dll
0x00007ffb8abe0000 - 0x00007ffb8ac0f000 	C:\windows\system32\DWMAPI.DLL
0x00007ffb6ba00000 - 0x00007ffb6bb25000 	C:\windows\system32\opengl32.dll
0x00007ffb81460000 - 0x00007ffb8148c000 	C:\windows\SYSTEM32\GLU32.dll
0x00007ffb3f970000 - 0x00007ffb3fa03000 	C:\Program Files\jmonkeyplatform\jdk\jre\bin\freetype.dll
0x00007ffb3da60000 - 0x00007ffb3db1c000 	C:\Program Files\jmonkeyplatform\jdk\jre\bin\fontmanager.dll
0x00007ffb6b1a0000 - 0x00007ffb6b299000 	C:\windows\SYSTEM32\textinputframework.dll
0x00007ffb86ac0000 - 0x00007ffb86e1e000 	C:\windows\System32\CoreUIComponents.dll
0x00007ffb86e20000 - 0x00007ffb86f12000 	C:\windows\System32\CoreMessaging.dll
0x00007ffb86310000 - 0x00007ffb86464000 	C:\windows\SYSTEM32\wintypes.dll
0x00007ffb8c800000 - 0x00007ffb8c833000 	C:\windows\SYSTEM32\ntmarta.dll
0x00007ffb8ba10000 - 0x00007ffb8bbf4000 	C:\windows\SYSTEM32\dbghelp.dll

VM Arguments:
jvm_args: -Dfile.encoding=UTF-8 -agentpath:C:/Users/48793/AppData/Roaming/.jmonkeyplatform/v3.2.4-stable-sdk1/lib/deployed/jdk16/windows-amd64/profilerinterface.dll=C:\Users\48793\AppData\Roaming\.jmonkeyplatform\v3.2.4-stable-sdk1\lib,5140,10 -XX:+HeapDumpOnOutOfMemoryError -XX:HeapDumpPath=C:\Users\48793\Documents\BulletHeavenFPS\nbproject\private\profiler 
java_command: mygame.Main
java_class_path (initial): C:\Program Files\jmonkeyplatform\jmonkeyplatform\libs\jme3-jogg-3.2.4-stable.jar;C:\Program Files\jmonkeyplatform\jmonkeyplatform\libs\j-ogg-all-1.0.0.jar;C:\Program Files\jmonkeyplatform\jmonkeyplatform\libs\jme3-networking-3.2.4-stable.jar;C:\Program Files\jmonkeyplatform\jmonkeyplatform\libs\jme3-plugins-3.2.4-stable.jar;C:\Program Files\jmonkeyplatform\jmonkeyplatform\libs\gson-2.8.1.jar;C:\Program Files\jmonkeyplatform\jmonkeyplatform\libs\jme3-core-3.2.4-stable.jar;C:\Program Files\jmonkeyplatform\jmonkeyplatform\libs\jme3-desktop-3.2.4-stable.jar;C:\Program Files\jmonkeyplatform\jmonkeyplatform\libs\jme3-lwjgl-3.2.4-stable.jar;C:\Program Files\jmonkeyplatform\jmonkeyplatform\libs\lwjgl-2.9.3.jar;C:\Program Files\jmonkeyplatform\jmonkeyplatform\libs\jinput-2.0.5.jar;C:\Program Files\jmonkeyplatform\jmonkeyplatform\libs\jinput-platform-2.0.5-natives-linux.jar;C:\Program Files\jmonkeyplatform\jmonkeyplatform\libs\jinput-platform-2.0.5-natives-windows.jar;C:\Program Files\jmonkeyplatform\jmonkeyplatform\libs\jinput-platform-2.0.5-natives-osx.jar;C:\Program Files\jmonkeyplatform\jmonkeyplatform\libs\jutils-1.0.0.jar;C:\Program Files\jmonkeyplatform\jmonkeyplatform\libs\lwjgl-platform-2.9.3-natives-windows.jar;C:\Program Files\jmonkeyplatform\jmonkeyplatform\libs\lwjgl-platform-2.9.3-natives-linux.jar;C:\Program Files\jmonkeyplatform\jmonkeyplatform\libs\lwjgl-platform-2.9.3-natives-osx.jar;C:\Program Files\jmonkeyplatform\jmonkeyplatform\libs\jme3-effects-3.2.4-stable.jar;C:\Program Files\jmonkeyplatform\jmonkeyplatform\libs\jme3-terrain-3.2.4-stable.jar;C:\Program Files\jmonkeyplatform\jmonkeyplatform\libs\jme3-bullet-3.2.4-stable.jar;C:\Program Files\jmonkeyplatform\jmonkeyplatform\libs\jme3-bullet-native-3.2.4-stable.jar;C:\Program Files\jmonkeyplatform\jmonkeyplatform\libs\jme3-niftygui-3.2.4-stable.jar;C:\Program Files\jmonkeyplatform\jmonkeyplatform\libs\nifty-style-black-1.4.3.jar;C:\Program Files\jmonkeyplatform\jmonkeyplatform
Launcher Type: SUN_STANDARD

Environment Variables:
PATH=C:\Program Files (x86)\Common Files\Oracle\Java\javapath;C:\windows\system32;C:\windows;C:\windows\System32\Wbem;C:\windows\System32\WindowsPowerShell\v1.0\;C:\windows\System32\OpenSSH\;C:\Program Files\MATLAB\R2021b\bin;C:\Program Files\dotnet\;C:\Program Files\Git\cmd;C:\Program Files (x86)\Microsoft SQL Server\150\DTS\Binn\;C:\Program Files\Azure Data Studio\bin;C:\Program Files\Microsoft SQL Server\Client SDK\ODBC\170\Tools\Binn\;C:\Program Files (x86)\Microsoft SQL Server\150\Tools\Binn\;C:\Program Files\Microsoft SQL Server\150\Tools\Binn\;C:\Program Files\Microsoft SQL Server\150\DTS\Binn\;C:\Program Files\MySQL\MySQL Shell 8.0\bin\;C:\Users\48793\AppData\Local\Programs\Python\Python310\Scripts\;C:\Users\48793\AppData\Local\Programs\Python\Python310\;C:\Users\48793\AppData\Local\Microsoft\WindowsApps;;C:\Users\48793\AppData\Local\Programs\Microsoft VS Code\bin;C:\Users\48793\.dotnet\tools;C:\Program Files\Azure Data Studio\bin
USERNAME=48793
OS=Windows_NT
PROCESSOR_IDENTIFIER=Intel64 Family 6 Model 140 Stepping 1, GenuineIntel



---------------  S Y S T E M  ---------------

OS: Windows 10.0 , 64 bit Build 19041 (10.0.19041.2251)

CPU:total 8 (initial active 8) (4 cores per cpu, 2 threads per core) family 6 model 140 stepping 1, cmov, cx8, fxsr, mmx, sse, sse2, sse3, ssse3, sse4.1, sse4.2, popcnt, avx, avx2, aes, clmul, erms, 3dnowpref, lzcnt, ht, tsc, tscinvbit, bmi1, bmi2, adx

Memory: 4k page, physical 8148984k(1728016k free), swap 15655180k(4642968k free)

vm_info: OpenJDK 64-Bit Server VM (25.212-b04) for windows-amd64 JRE (1.8.0_212-b04), built on Jun  3 2019 21:11:11 by "jenkins" with MS VC++ 12.0 (VS2013)

time: Mon Dec 05 15:29:32 2022
timezone: ?rodkowoeuropejski czas stand.
elapsed time: 2 seconds (0d 0h 0m 2s)

