#
# A fatal error has been detected by the Java Runtime Environment:
#
#  EXCEPTION_ACCESS_VIOLATION (0xc0000005) at pc=0x0000000180011066, pid=7464, tid=0x00000000000073d0
#
# JRE version: OpenJDK Runtime Environment (8.0_212-b04) (build 1.8.0_212-b04)
# Java VM: OpenJDK 64-Bit Server VM (25.212-b04 mixed mode windows-amd64 compressed oops)
# Problematic frame:
# C  [OpenAL64.dll+0x11066]
#
# Failed to write core dump. Minidumps are not enabled by default on client versions of Windows
#
# If you would like to submit a bug report, please visit:
#   
# The crash happened outside the Java Virtual Machine in native code.
# See problematic frame for where to report the bug.
#

---------------  T H R E A D  ---------------

Current thread (0x000001ef9a38f000):  JavaThread "jME3 Main" [_thread_in_native, id=29648, stack(0x00000086b6700000,0x00000086b6800000)]

siginfo: ExceptionCode=0xc0000005, reading address 0x000001efa1afe004

Registers:
RAX=0x0000000000000004, RBX=0x000001efa37a0090, RCX=0x000001efa1afe008, RDX=0x000001efa1afe004
RSP=0x00000086b67fef20, RBP=0x00000000000000ff, RSI=0x000001efa1afd86c, RDI=0x0000000000000000
R8 =0x00000000000001e6, R9 =0x000001efa1afd86c, R10=0x000001ef83469c42, R11=0x000000006ecc11b0
R12=0x0000000000000001, R13=0x000001efa35ea128, R14=0x00000086b67ff0c0, R15=0x000001ef9a38f000
RIP=0x0000000180011066, EFLAGS=0x0000000000010202

Top of Stack: (sp=0x00000086b67fef20)
0x00000086b67fef20:   0000000000000000 0000000000000000
0x00000086b67fef30:   0000000000000000 000001ef9a38f000
0x00000086b67fef40:   00000086b67ff0c0 000001efa35ea128
0x00000086b67fef50:   000001ef9a38f000 000001ef9a385a30
0x00000086b67fef60:   000001efa35ea128 0000000000000000
0x00000086b67fef70:   000001ef9a37fe70 000000006eb66365
0x00000086b67fef80:   00000086b67ff890 000001ef9863dbe0
0x00000086b67fef90:   000001ef9a38f000 00000086b67ff0c0
0x00000086b67fefa0:   000001efa35ea128 0000000000000000
0x00000086b67fefb0:   000001efa1afd86c 0000000083b1bdc8
0x00000086b67fefc0:   00000086b67ff088 000000018001248f
0x00000086b67fefd0:   000001efa37a0090 000001efa37a0090
0x00000086b67fefe0:   000000000000ac44 000001ef00000004
0x00000086b67feff0:   0000000000000010 000001ef83469c6e
0x00000086b67ff000:   000001efa35ea128 00000086b67ff008
0x00000086b67ff010:   0000000000000010 000001ef8346997b 

Instructions: (pc=0x0000000180011066)
0x0000000180011046:   41 2b ec 81 3a 03 00 02 00 75 09 8b 01 89 84 24
0x0000000180011056:   c8 00 00 00 49 83 c0 02 48 83 c1 08 4a 8d 14 86
0x0000000180011066:   39 3a 75 af 4c 8d 84 24 c0 00 00 00 48 8d 15 d7
0x0000000180011076:   2b 03 00 33 c9 e8 58 5f 00 00 b8 40 1f 00 00 4c 


Register to memory mapping:

RAX=0x0000000000000004 is an unknown value
RBX=0x000001efa37a0090 is an unknown value
RCX=0x000001efa1afe008 is an unknown value
RDX=0x000001efa1afe004 is an unknown value
RSP=0x00000086b67fef20 is pointing into the stack for thread: 0x000001ef9a38f000
RBP=0x00000000000000ff is an unknown value
RSI=0x000001efa1afd86c is an unknown value
RDI=0x0000000000000000 is an unknown value
R8 =0x00000000000001e6 is an unknown value
R9 =0x000001efa1afd86c is an unknown value
R10=0x000001ef83469c42 is at code_begin+962 in an Interpreter codelet
method entry point (kind = native)  [0x000001ef83469880, 0x000001ef8346a320]  2720 bytes
R11=0x000000006ecc11b0 is an unknown value
R12=0x0000000000000001 is an unknown value
R13={method} {0x000001efa35ea130} 'nalcCreateContext' '(JJ)J' in 'org/lwjgl/openal/ALC10'
R14=0x00000086b67ff0c0 is pointing into the stack for thread: 0x000001ef9a38f000
R15=0x000001ef9a38f000 is a thread


Stack: [0x00000086b6700000,0x00000086b6800000],  sp=0x00000086b67fef20,  free space=1019k
Native frames: (J=compiled Java code, j=interpreted, Vv=VM code, C=native code)
C  [OpenAL64.dll+0x11066]
C  [OpenAL64.dll+0x1248f]
C  0x000001ef83469c6e

Java frames: (J=compiled Java code, j=interpreted, Vv=VM code)
j  org.lwjgl.openal.ALC10.nalcCreateContext(JJ)J+0
j  org.lwjgl.openal.ALC10.alcCreateContext(Lorg/lwjgl/openal/ALCdevice;Ljava/nio/IntBuffer;)Lorg/lwjgl/openal/ALCcontext;+8
j  org.lwjgl.openal.AL.init(Ljava/lang/String;IIZZ)V+69
j  org.lwjgl.openal.AL.create(Ljava/lang/String;IIZZ)V+246
j  org.lwjgl.openal.AL.create(Ljava/lang/String;IIZ)V+5
j  org.lwjgl.openal.AL.create()V+6
j  com.jme3.audio.lwjgl.LwjglALC.createALC()V+0
j  com.jme3.audio.openal.ALAudioRenderer.initOpenAL()V+16
j  com.jme3.audio.openal.ALAudioRenderer.initialize()V+21
j  com.jme3.app.LegacyApplication.initAudio()V+40
j  com.jme3.app.LegacyApplication.initialize()V+31
j  com.jme3.app.SimpleApplication.initialize()V+1
j  com.jme3.system.lwjgl.LwjglAbstractDisplay.initInThread()Z+90
j  com.jme3.system.lwjgl.LwjglAbstractDisplay.run()V+36
j  java.lang.Thread.run()V+11
v  ~StubRoutines::call_stub

---------------  P R O C E S S  ---------------

Java Threads: ( => current thread )
  0x000001ef81b3a800 JavaThread "DestroyJavaVM" [_thread_blocked, id=30272, stack(0x00000086b4d00000,0x00000086b4e00000)]
=>0x000001ef9a38f000 JavaThread "jME3 Main" [_thread_in_native, id=29648, stack(0x00000086b6700000,0x00000086b6800000)]
  0x000001ef9a2dc000 JavaThread "TimerQueue" daemon [_thread_blocked, id=30372, stack(0x00000086b6600000,0x00000086b6700000)]
  0x000001ef9a10b800 JavaThread "Image Fetcher 0" daemon [_thread_blocked, id=22280, stack(0x00000086b6500000,0x00000086b6600000)]
  0x000001ef99fdf000 JavaThread "AWT-EventQueue-0" [_thread_blocked, id=26540, stack(0x00000086b6400000,0x00000086b6500000)]
  0x000001ef99feb800 JavaThread "AWT-Windows" daemon [_thread_in_native, id=26760, stack(0x00000086b6300000,0x00000086b6400000)]
  0x000001ef99fe8800 JavaThread "AWT-Shutdown" [_thread_blocked, id=33384, stack(0x00000086b6200000,0x00000086b6300000)]
  0x000001ef99fe2000 JavaThread "Java2D Disposer" daemon [_thread_blocked, id=14956, stack(0x00000086b6100000,0x00000086b6200000)]
  0x000001ef999c8800 JavaThread "Service Thread" daemon [_thread_blocked, id=22776, stack(0x00000086b5f00000,0x00000086b6000000)]
  0x000001ef98601800 JavaThread "C1 CompilerThread3" daemon [_thread_blocked, id=31792, stack(0x00000086b5e00000,0x00000086b5f00000)]
  0x000001ef985ec000 JavaThread "C2 CompilerThread2" daemon [_thread_blocked, id=30828, stack(0x00000086b5d00000,0x00000086b5e00000)]
  0x000001ef985e2000 JavaThread "C2 CompilerThread1" daemon [_thread_blocked, id=28308, stack(0x00000086b5c00000,0x00000086b5d00000)]
  0x000001ef985e0800 JavaThread "C2 CompilerThread0" daemon [_thread_blocked, id=20864, stack(0x00000086b5b00000,0x00000086b5c00000)]
  0x000001ef985df800 JavaThread "Attach Listener" daemon [_thread_blocked, id=31420, stack(0x00000086b5a00000,0x00000086b5b00000)]
  0x000001ef985db800 JavaThread "Signal Dispatcher" daemon [_thread_blocked, id=32052, stack(0x00000086b5900000,0x00000086b5a00000)]
  0x000001ef985ae000 JavaThread "Finalizer" daemon [_thread_blocked, id=30564, stack(0x00000086b5800000,0x00000086b5900000)]
  0x000001ef985a7000 JavaThread "Reference Handler" daemon [_thread_blocked, id=21484, stack(0x00000086b5700000,0x00000086b5800000)]

Other Threads:
  0x000001ef979bd800 VMThread [stack: 0x00000086b5600000,0x00000086b5700000] [id=10140]
  0x000001ef999d1000 WatcherThread [stack: 0x00000086b6000000,0x00000086b6100000] [id=12596]

VM state:not at safepoint (normal execution)

VM Mutex/Monitor currently owned by a thread: None

heap address: 0x0000000083a00000, size: 1990 MB, Compressed Oops mode: 32-bit
Narrow klass base: 0x0000000000000000, Narrow klass shift: 3
Compressed class space size: 1073741824 Address: 0x0000000100000000

Heap:
 PSYoungGen      total 37888K, used 13310K [0x00000000d6900000, 0x00000000d9300000, 0x0000000100000000)
  eden space 32768K, 40% used [0x00000000d6900000,0x00000000d75ffa28,0x00000000d8900000)
  from space 5120K, 0% used [0x00000000d8e00000,0x00000000d8e00000,0x00000000d9300000)
  to   space 5120K, 0% used [0x00000000d8900000,0x00000000d8900000,0x00000000d8e00000)
 ParOldGen       total 86016K, used 4797K [0x0000000083a00000, 0x0000000088e00000, 0x00000000d6900000)
  object space 86016K, 5% used [0x0000000083a00000,0x0000000083eaf500,0x0000000088e00000)
 Metaspace       used 16357K, capacity 16565K, committed 16896K, reserved 1064960K
  class space    used 1899K, capacity 2010K, committed 2048K, reserved 1048576K

Card table byte_map: [0x000001ef92810000,0x000001ef92c00000] byte_map_base: 0x000001ef923f3000

Marking Bits: (ParMarkBitMap*) 0x000000006f251f50
 Begin Bits: [0x000001ef92ea0000, 0x000001ef94db8000)
 End Bits:   [0x000001ef94db8000, 0x000001ef96cd0000)

Polling page: 0x000001ef81af0000

CodeCache: size=245760Kb used=3713Kb max_used=3713Kb free=242046Kb
 bounds [0x000001ef83450000, 0x000001ef83800000, 0x000001ef92450000]
 total_blobs=1652 nmethods=1050 adapters=515
 compilation: enabled

Compilation events (10 events):
Event: 2.135 Thread 0x000001ef98601800 1046       3       java.util.zip.ZipFile$ZipFileInputStream::<init> (41 bytes)
Event: 2.136 Thread 0x000001ef98601800 nmethod 1046 0x000001ef837ed9d0 code [0x000001ef837edb60, 0x000001ef837edf00]
Event: 2.136 Thread 0x000001ef98601800 1047       3       java.util.zip.ZipFile::access$1100 (5 bytes)
Event: 2.136 Thread 0x000001ef98601800 nmethod 1047 0x000001ef837ed650 code [0x000001ef837ed7c0, 0x000001ef837ed930]
Event: 2.136 Thread 0x000001ef98601800 1048       3       java.util.zip.ZipFile::access$1200 (5 bytes)
Event: 2.136 Thread 0x000001ef98601800 nmethod 1048 0x000001ef837f0dd0 code [0x000001ef837f0f40, 0x000001ef837f10b0]
Event: 2.136 Thread 0x000001ef98601800 1049       3       java.util.zip.ZipFile$ZipFileInflaterInputStream::<init> (29 bytes)
Event: 2.136 Thread 0x000001ef98601800 nmethod 1049 0x000001ef837f1150 code [0x000001ef837f12c0, 0x000001ef837f14b0]
Event: 2.136 Thread 0x000001ef98601800 1050       3       java.util.ArrayDeque::pollFirst (42 bytes)
Event: 2.136 Thread 0x000001ef98601800 nmethod 1050 0x000001ef837f1550 code [0x000001ef837f16c0, 0x000001ef837f19f8]

GC Heap History (8 events):
Event: 1.437 GC heap before
{Heap before GC invocations=1 (full 0):
 PSYoungGen      total 37888K, used 13439K [0x00000000d6900000, 0x00000000d9300000, 0x0000000100000000)
  eden space 32768K, 41% used [0x00000000d6900000,0x00000000d761fc48,0x00000000d8900000)
  from space 5120K, 0% used [0x00000000d8e00000,0x00000000d8e00000,0x00000000d9300000)
  to   space 5120K, 0% used [0x00000000d8900000,0x00000000d8900000,0x00000000d8e00000)
 ParOldGen       total 86016K, used 0K [0x0000000083a00000, 0x0000000088e00000, 0x00000000d6900000)
  object space 86016K, 0% used [0x0000000083a00000,0x0000000083a00000,0x0000000088e00000)
 Metaspace       used 12822K, capacity 13040K, committed 13312K, reserved 1060864K
  class space    used 1642K, capacity 1720K, committed 1792K, reserved 1048576K
Event: 1.449 GC heap after
Heap after GC invocations=1 (full 0):
 PSYoungGen      total 37888K, used 5096K [0x00000000d6900000, 0x00000000d9300000, 0x0000000100000000)
  eden space 32768K, 0% used [0x00000000d6900000,0x00000000d6900000,0x00000000d8900000)
  from space 5120K, 99% used [0x00000000d8900000,0x00000000d8dfa030,0x00000000d8e00000)
  to   space 5120K, 0% used [0x00000000d8e00000,0x00000000d8e00000,0x00000000d9300000)
 ParOldGen       total 86016K, used 2437K [0x0000000083a00000, 0x0000000088e00000, 0x00000000d6900000)
  object space 86016K, 2% used [0x0000000083a00000,0x0000000083c61678,0x0000000088e00000)
 Metaspace       used 12822K, capacity 13040K, committed 13312K, reserved 1060864K
  class space    used 1642K, capacity 1720K, committed 1792K, reserved 1048576K
}
Event: 1.450 GC heap before
{Heap before GC invocations=2 (full 1):
 PSYoungGen      total 37888K, used 5096K [0x00000000d6900000, 0x00000000d9300000, 0x0000000100000000)
  eden space 32768K, 0% used [0x00000000d6900000,0x00000000d6900000,0x00000000d8900000)
  from space 5120K, 99% used [0x00000000d8900000,0x00000000d8dfa030,0x00000000d8e00000)
  to   space 5120K, 0% used [0x00000000d8e00000,0x00000000d8e00000,0x00000000d9300000)
 ParOldGen       total 86016K, used 2437K [0x0000000083a00000, 0x0000000088e00000, 0x00000000d6900000)
  object space 86016K, 2% used [0x0000000083a00000,0x0000000083c61678,0x0000000088e00000)
 Metaspace       used 12822K, capacity 13040K, committed 13312K, reserved 1060864K
  class space    used 1642K, capacity 1720K, committed 1792K, reserved 1048576K
Event: 1.469 GC heap after
Heap after GC invocations=2 (full 1):
 PSYoungGen      total 37888K, used 0K [0x00000000d6900000, 0x00000000d9300000, 0x0000000100000000)
  eden space 32768K, 0% used [0x00000000d6900000,0x00000000d6900000,0x00000000d8900000)
  from space 5120K, 0% used [0x00000000d8900000,0x00000000d8900000,0x00000000d8e00000)
  to   space 5120K, 0% used [0x00000000d8e00000,0x00000000d8e00000,0x00000000d9300000)
 ParOldGen       total 86016K, used 4797K [0x0000000083a00000, 0x0000000088e00000, 0x00000000d6900000)
  object space 86016K, 5% used [0x0000000083a00000,0x0000000083eaf448,0x0000000088e00000)
 Metaspace       used 12822K, capacity 13040K, committed 13312K, reserved 1060864K
  class space    used 1642K, capacity 1720K, committed 1792K, reserved 1048576K
}
Event: 1.470 GC heap before
{Heap before GC invocations=3 (full 1):
 PSYoungGen      total 37888K, used 655K [0x00000000d6900000, 0x00000000d9300000, 0x0000000100000000)
  eden space 32768K, 2% used [0x00000000d6900000,0x00000000d69a3de8,0x00000000d8900000)
  from space 5120K, 0% used [0x00000000d8900000,0x00000000d8900000,0x00000000d8e00000)
  to   space 5120K, 0% used [0x00000000d8e00000,0x00000000d8e00000,0x00000000d9300000)
 ParOldGen       total 86016K, used 4797K [0x0000000083a00000, 0x0000000088e00000, 0x00000000d6900000)
  object space 86016K, 5% used [0x0000000083a00000,0x0000000083eaf448,0x0000000088e00000)
 Metaspace       used 12822K, capacity 13040K, committed 13312K, reserved 1060864K
  class space    used 1642K, capacity 1720K, committed 1792K, reserved 1048576K
Event: 1.471 GC heap after
Heap after GC invocations=3 (full 1):
 PSYoungGen      total 37888K, used 96K [0x00000000d6900000, 0x00000000d9300000, 0x0000000100000000)
  eden space 32768K, 0% used [0x00000000d6900000,0x00000000d6900000,0x00000000d8900000)
  from space 5120K, 1% used [0x00000000d8e00000,0x00000000d8e18000,0x00000000d9300000)
  to   space 5120K, 0% used [0x00000000d8900000,0x00000000d8900000,0x00000000d8e00000)
 ParOldGen       total 86016K, used 4797K [0x0000000083a00000, 0x0000000088e00000, 0x00000000d6900000)
  object space 86016K, 5% used [0x0000000083a00000,0x0000000083eaf448,0x0000000088e00000)
 Metaspace       used 12822K, capacity 13040K, committed 13312K, reserved 1060864K
  class space    used 1642K, capacity 1720K, committed 1792K, reserved 1048576K
}
Event: 1.471 GC heap before
{Heap before GC invocations=4 (full 2):
 PSYoungGen      total 37888K, used 96K [0x00000000d6900000, 0x00000000d9300000, 0x0000000100000000)
  eden space 32768K, 0% used [0x00000000d6900000,0x00000000d6900000,0x00000000d8900000)
  from space 5120K, 1% used [0x00000000d8e00000,0x00000000d8e18000,0x00000000d9300000)
  to   space 5120K, 0% used [0x00000000d8900000,0x00000000d8900000,0x00000000d8e00000)
 ParOldGen       total 86016K, used 4797K [0x0000000083a00000, 0x0000000088e00000, 0x00000000d6900000)
  object space 86016K, 5% used [0x0000000083a00000,0x0000000083eaf448,0x0000000088e00000)
 Metaspace       used 12822K, capacity 13040K, committed 13312K, reserved 1060864K
  class space    used 1642K, capacity 1720K, committed 1792K, reserved 1048576K
Event: 1.485 GC heap after
Heap after GC invocations=4 (full 2):
 PSYoungGen      total 37888K, used 0K [0x00000000d6900000, 0x00000000d9300000, 0x0000000100000000)
  eden space 32768K, 0% used [0x00000000d6900000,0x00000000d6900000,0x00000000d8900000)
  from space 5120K, 0% used [0x00000000d8e00000,0x00000000d8e00000,0x00000000d9300000)
  to   space 5120K, 0% used [0x00000000d8900000,0x00000000d8900000,0x00000000d8e00000)
 ParOldGen       total 86016K, used 4797K [0x0000000083a00000, 0x0000000088e00000, 0x00000000d6900000)
  object space 86016K, 5% used [0x0000000083a00000,0x0000000083eaf500,0x0000000088e00000)
 Metaspace       used 12822K, capacity 13040K, committed 13312K, reserved 1060864K
  class space    used 1642K, capacity 1720K, committed 1792K, reserved 1048576K
}

Deoptimization events (4 events):
Event: 0.654 Thread 0x000001ef99fdf000 Uncommon trap: reason=class_check action=maybe_recompile pc=0x000001ef835f12e0 method=java.lang.String.equals(Ljava/lang/Object;)Z @ 8
Event: 0.654 Thread 0x000001ef99fdf000 Uncommon trap: reason=class_check action=maybe_recompile pc=0x000001ef835f12e0 method=java.lang.String.equals(Ljava/lang/Object;)Z @ 8
Event: 0.655 Thread 0x000001ef99fdf000 Uncommon trap: reason=class_check action=maybe_recompile pc=0x000001ef835f12e0 method=java.lang.String.equals(Ljava/lang/Object;)Z @ 8
Event: 0.657 Thread 0x000001ef99fdf000 Uncommon trap: reason=class_check action=maybe_recompile pc=0x000001ef835f12e0 method=java.lang.String.equals(Ljava/lang/Object;)Z @ 8

Classes redefined (0 events):
No events

Internal exceptions (10 events):
Event: 0.212 Thread 0x000001ef81b3a800 Exception <a 'java/lang/NoSuchFieldError': method resolution failed> (0x00000000d6cfa2b8) thrown at [C:\cygwin64\tmp\openjdk-jdk8u-windows-x64-hotspot\workspace\build\src\hotspot\src\share\vm\prims\methodHandles.cpp, line 1167]
Event: 0.243 Thread 0x000001ef81b3a800 Exception <a 'java/lang/ClassNotFoundException': sun/dc/DuctusRenderingEngine> (0x00000000d6d82b88) thrown at [C:\cygwin64\tmp\openjdk-jdk8u-windows-x64-hotspot\workspace\build\src\hotspot\src\share\vm\classfile\systemDictionary.cpp, line 210]
Event: 0.283 Thread 0x000001ef99fdf000 Exception <a 'java/io/FileNotFoundException'> (0x00000000d6ef0d20) thrown at [C:\cygwin64\tmp\openjdk-jdk8u-windows-x64-hotspot\workspace\build\src\hotspot\src\share\vm\prims\jni.cpp, line 710]
Event: 0.332 Thread 0x000001ef99fdf000 Exception <a 'java/lang/NoClassDefFoundError'> (0x00000000d6f8f448) thrown at [C:\cygwin64\tmp\openjdk-jdk8u-windows-x64-hotspot\workspace\build\src\hotspot\src\share\vm\prims\jvm.cpp, line 1506]
Event: 2.137 Thread 0x000001ef9a38f000 Exception <a 'java/security/PrivilegedActionException'> (0x00000000d75d2068) thrown at [C:\cygwin64\tmp\openjdk-jdk8u-windows-x64-hotspot\workspace\build\src\hotspot\src\share\vm\prims\jvm.cpp, line 1502]
Event: 2.137 Thread 0x000001ef9a38f000 Exception <a 'java/security/PrivilegedActionException'> (0x00000000d75d3bd8) thrown at [C:\cygwin64\tmp\openjdk-jdk8u-windows-x64-hotspot\workspace\build\src\hotspot\src\share\vm\prims\jvm.cpp, line 1502]
Event: 2.137 Thread 0x000001ef9a38f000 Exception <a 'java/security/PrivilegedActionException'> (0x00000000d75d4cf8) thrown at [C:\cygwin64\tmp\openjdk-jdk8u-windows-x64-hotspot\workspace\build\src\hotspot\src\share\vm\prims\jvm.cpp, line 1502]
Event: 2.138 Thread 0x000001ef9a38f000 Exception <a 'java/security/PrivilegedActionException'> (0x00000000d75d9e18) thrown at [C:\cygwin64\tmp\openjdk-jdk8u-windows-x64-hotspot\workspace\build\src\hotspot\src\share\vm\prims\jvm.cpp, line 1502]
Event: 2.138 Thread 0x000001ef9a38f000 Exception <a 'java/security/PrivilegedActionException'> (0x00000000d75daa70) thrown at [C:\cygwin64\tmp\openjdk-jdk8u-windows-x64-hotspot\workspace\build\src\hotspot\src\share\vm\prims\jvm.cpp, line 1502]
Event: 2.138 Thread 0x000001ef9a38f000 Exception <a 'java/security/PrivilegedActionException'> (0x00000000d75db698) thrown at [C:\cygwin64\tmp\openjdk-jdk8u-windows-x64-hotspot\workspace\build\src\hotspot\src\share\vm\prims\jvm.cpp, line 1502]

Events (10 events):
Event: 2.139 loading class org/lwjgl/openal/ALC10
Event: 2.139 loading class org/lwjgl/openal/ALC10 done
Event: 2.147 loading class org/lwjgl/openal/ALCdevice
Event: 2.147 loading class org/lwjgl/openal/ALCdevice done
Event: 2.148 loading class org/lwjgl/openal/ALCcontext
Event: 2.148 loading class org/lwjgl/openal/ALCcontext done
Event: 2.148 loading class org/lwjgl/openal/Util
Event: 2.148 loading class org/lwjgl/openal/Util done
Event: 2.148 loading class org/lwjgl/openal/OpenALException
Event: 2.148 loading class org/lwjgl/openal/OpenALException done


Dynamic libraries:
0x00007ff62ee00000 - 0x00007ff62ee3a000 	C:\Program Files\jmonkeyplatform\jdk\bin\java.exe
0x00007ffb8ff70000 - 0x00007ffb90168000 	C:\windows\SYSTEM32\ntdll.dll
0x00007ffb8fb40000 - 0x00007ffb8fbff000 	C:\windows\System32\KERNEL32.DLL
0x00007ffb8d8f0000 - 0x00007ffb8dbc2000 	C:\windows\System32\KERNELBASE.dll
0x00007ffb8ec10000 - 0x00007ffb8ecbe000 	C:\windows\System32\ADVAPI32.dll
0x00007ffb8faa0000 - 0x00007ffb8fb3e000 	C:\windows\System32\msvcrt.dll
0x00007ffb8e380000 - 0x00007ffb8e41c000 	C:\windows\System32\sechost.dll
0x00007ffb8ed20000 - 0x00007ffb8ee45000 	C:\windows\System32\RPCRT4.dll
0x00007ffb8fd30000 - 0x00007ffb8fecd000 	C:\windows\System32\USER32.dll
0x00007ffb8d8c0000 - 0x00007ffb8d8e2000 	C:\windows\System32\win32u.dll
0x00007ffb8e230000 - 0x00007ffb8e25b000 	C:\windows\System32\GDI32.dll
0x00007ffb8dd30000 - 0x00007ffb8de3f000 	C:\windows\System32\gdi32full.dll
0x00007ffb8d670000 - 0x00007ffb8d70d000 	C:\windows\System32\msvcp_win.dll
0x00007ffb8d710000 - 0x00007ffb8d810000 	C:\windows\System32\ucrtbase.dll
0x00007ffb7e090000 - 0x00007ffb7e32a000 	C:\windows\WinSxS\amd64_microsoft.windows.common-controls_6595b64144ccf1df_6.0.19041.1110_none_60b5254171f9507e\COMCTL32.dll
0x00007ffb8fc00000 - 0x00007ffb8fc32000 	C:\windows\System32\IMM32.DLL
0x00007ffb3c560000 - 0x00007ffb3c64f000 	C:\Program Files\jmonkeyplatform\jdk\jre\bin\msvcr120.dll
0x00007ffb47280000 - 0x00007ffb47326000 	C:\Program Files\jmonkeyplatform\jdk\jre\bin\msvcp120.dll
0x000000006ead0000 - 0x000000006f2cb000 	C:\Program Files\jmonkeyplatform\jdk\jre\bin\server\jvm.dll
0x00007ffb8f050000 - 0x00007ffb8f058000 	C:\windows\System32\PSAPI.DLL
0x00007ffb83040000 - 0x00007ffb83049000 	C:\windows\SYSTEM32\WSOCK32.dll
0x00007ffb80770000 - 0x00007ffb8077a000 	C:\windows\SYSTEM32\VERSION.dll
0x00007ffb8efe0000 - 0x00007ffb8f04b000 	C:\windows\System32\WS2_32.dll
0x00007ffb6ad40000 - 0x00007ffb6ad67000 	C:\windows\SYSTEM32\WINMM.dll
0x00007ffb84f90000 - 0x00007ffb84f9f000 	C:\Program Files\jmonkeyplatform\jdk\jre\bin\verify.dll
0x00007ffb6bf80000 - 0x00007ffb6bfa8000 	C:\Program Files\jmonkeyplatform\jdk\jre\bin\java.dll
0x00007ffb80370000 - 0x00007ffb80386000 	C:\Program Files\jmonkeyplatform\jdk\jre\bin\zip.dll
0x00007ffb8e4c0000 - 0x00007ffb8ec03000 	C:\windows\System32\SHELL32.dll
0x00007ffb8b270000 - 0x00007ffb8ba02000 	C:\windows\SYSTEM32\windows.storage.dll
0x00007ffb8f060000 - 0x00007ffb8f3b4000 	C:\windows\System32\combase.dll
0x00007ffb8d0d0000 - 0x00007ffb8d100000 	C:\windows\SYSTEM32\Wldp.dll
0x00007ffb8ee50000 - 0x00007ffb8eefd000 	C:\windows\System32\SHCORE.dll
0x00007ffb8ecc0000 - 0x00007ffb8ed15000 	C:\windows\System32\shlwapi.dll
0x00007ffb8d5b0000 - 0x00007ffb8d5cf000 	C:\windows\SYSTEM32\profapi.dll
0x00007ffb3a9f0000 - 0x00007ffb3ab85000 	C:\Program Files\jmonkeyplatform\jdk\jre\bin\awt.dll
0x00007ffb8dfd0000 - 0x00007ffb8e09d000 	C:\windows\System32\OLEAUT32.dll
0x00007ffb8a810000 - 0x00007ffb8a8a1000 	C:\windows\SYSTEM32\apphelp.dll
0x00007ffb8a9b0000 - 0x00007ffb8aa4e000 	C:\windows\system32\uxtheme.dll
0x00007ffb8e260000 - 0x00007ffb8e375000 	C:\windows\System32\MSCTF.dll
0x00007ffb8e0a0000 - 0x00007ffb8e1ca000 	C:\windows\System32\ole32.dll
0x00007ffb8c000000 - 0x00007ffb8c012000 	C:\windows\SYSTEM32\kernel.appcore.dll
0x00007ffb8de40000 - 0x00007ffb8dec2000 	C:\windows\System32\bcryptPrimitives.dll
0x00007ffb8abe0000 - 0x00007ffb8ac0f000 	C:\windows\system32\DWMAPI.DLL
0x00007ffb6ba00000 - 0x00007ffb6bb25000 	C:\windows\system32\opengl32.dll
0x00007ffb81460000 - 0x00007ffb8148c000 	C:\windows\SYSTEM32\GLU32.dll
0x00007ffb46390000 - 0x00007ffb46423000 	C:\Program Files\jmonkeyplatform\jdk\jre\bin\freetype.dll
0x00007ffb42960000 - 0x00007ffb42a1c000 	C:\Program Files\jmonkeyplatform\jdk\jre\bin\fontmanager.dll
0x00007ffb6b8b0000 - 0x00007ffb6b8ca000 	C:\Program Files\jmonkeyplatform\jdk\jre\bin\net.dll
0x00007ffb736c0000 - 0x00007ffb738ad000 	C:\windows\SYSTEM32\urlmon.dll
0x00007ffb73400000 - 0x00007ffb736b1000 	C:\windows\SYSTEM32\iertutil.dll
0x00007ffb74250000 - 0x00007ffb74278000 	C:\windows\SYSTEM32\srvcli.dll
0x00007ffb8cbe0000 - 0x00007ffb8cbec000 	C:\windows\SYSTEM32\netutils.dll
0x00007ffb8ce30000 - 0x00007ffb8ce9a000 	C:\windows\system32\mswsock.dll
0x00007ffb6b180000 - 0x00007ffb6b192000 	C:\Program Files\jmonkeyplatform\jdk\jre\bin\nio.dll
0x00007ffb6b1a0000 - 0x00007ffb6b299000 	C:\windows\SYSTEM32\textinputframework.dll
0x00007ffb86e20000 - 0x00007ffb86f12000 	C:\windows\System32\CoreMessaging.dll
0x00007ffb86ac0000 - 0x00007ffb86e1e000 	C:\windows\System32\CoreUIComponents.dll
0x00007ffb8c800000 - 0x00007ffb8c833000 	C:\windows\SYSTEM32\ntmarta.dll
0x00007ffb86310000 - 0x00007ffb86464000 	C:\windows\SYSTEM32\wintypes.dll
0x00007ffb30e30000 - 0x00007ffb31002000 	C:\Users\48793\Documents\BulletHeavenFPS\bulletjme.dll
0x0000000180000000 - 0x0000000180064000 	C:\Users\48793\Documents\BulletHeavenFPS\OpenAL64.dll
0x000001ef9c220000 - 0x000001ef9c273000 	C:\Users\48793\Documents\BulletHeavenFPS\lwjgl64.dll
0x00007ffb83800000 - 0x00007ffb838ae000 	C:\windows\SYSTEM32\mscms.dll
0x00007ffb837e0000 - 0x00007ffb837f1000 	C:\windows\SYSTEM32\ColorAdapterClient.dll
0x00007ffb8d570000 - 0x00007ffb8d59e000 	C:\windows\SYSTEM32\USERENV.dll
0x00007ffb8f3c0000 - 0x00007ffb8f46f000 	C:\windows\System32\clbcatq.dll
0x00007ffb81170000 - 0x00007ffb811b3000 	C:\Windows\System32\Windows.Internal.Graphics.Display.DisplayColorManagement.dll
0x00007ffb8df70000 - 0x00007ffb8dfbe000 	C:\windows\System32\cfgmgr32.dll
0x00007ffb80840000 - 0x00007ffb80937000 	C:\Windows\System32\AppXDeploymentClient.dll
0x00007ffb2a500000 - 0x00007ffb2b4cb000 	C:\windows\System32\DriverStore\FileRepository\iigd_dch.inf_amd64_5d4f0988fea137a7\igxelpicd64.dll
0x00007ffb8bf00000 - 0x00007ffb8bff3000 	C:\windows\system32\dxgi.dll
0x00007ffb31010000 - 0x00007ffb31497000 	C:\windows\System32\DriverStore\FileRepository\iigd_dch.inf_amd64_5d4f0988fea137a7\igdml64.dll
0x00007ffb7c200000 - 0x00007ffb7c5cd000 	C:\windows\System32\DriverStore\FileRepository\iigd_dch.inf_amd64_5d4f0988fea137a7\igdgmm64.dll
0x00007ffb697e0000 - 0x00007ffb69823000 	C:\windows\SYSTEM32\icm32.dll
0x00007ffb77540000 - 0x00007ffb7a287000 	C:\windows\System32\DriverStore\FileRepository\iigd_dch.inf_amd64_5d4f0988fea137a7\igc64.dll
0x00007ffb8cc40000 - 0x00007ffb8cc8b000 	C:\windows\SYSTEM32\powrprof.dll
0x00007ffb8cab0000 - 0x00007ffb8cac2000 	C:\windows\SYSTEM32\UMPDC.dll
0x00007ffb7b810000 - 0x00007ffb7b895000 	C:\windows\System32\MMDevApi.dll
0x00007ffb8d420000 - 0x00007ffb8d44c000 	C:\windows\System32\DEVOBJ.dll
0x00007ffb3fe00000 - 0x00007ffb3fe9c000 	C:\windows\SYSTEM32\dsound.dll
0x00007ffb67b80000 - 0x00007ffb67ba6000 	C:\windows\SYSTEM32\winmmbase.dll
0x00007ffb7b8a0000 - 0x00007ffb7ba22000 	C:\windows\SYSTEM32\AUDIOSES.DLL
0x00007ffb8ba10000 - 0x00007ffb8bbf4000 	C:\windows\SYSTEM32\dbghelp.dll

VM Arguments:
jvm_args: -Dfile.encoding=UTF-8 
java_command: mygame.Main
java_class_path (initial): C:\Program Files\jmonkeyplatform\jmonkeyplatform\libs\jme3-jogg-3.2.4-stable.jar;C:\Program Files\jmonkeyplatform\jmonkeyplatform\libs\j-ogg-all-1.0.0.jar;C:\Program Files\jmonkeyplatform\jmonkeyplatform\libs\jme3-networking-3.2.4-stable.jar;C:\Program Files\jmonkeyplatform\jmonkeyplatform\libs\jme3-plugins-3.2.4-stable.jar;C:\Program Files\jmonkeyplatform\jmonkeyplatform\libs\gson-2.8.1.jar;C:\Program Files\jmonkeyplatform\jmonkeyplatform\libs\jme3-core-3.2.4-stable.jar;C:\Program Files\jmonkeyplatform\jmonkeyplatform\libs\jme3-desktop-3.2.4-stable.jar;C:\Program Files\jmonkeyplatform\jmonkeyplatform\libs\jme3-lwjgl-3.2.4-stable.jar;C:\Program Files\jmonkeyplatform\jmonkeyplatform\libs\lwjgl-2.9.3.jar;C:\Program Files\jmonkeyplatform\jmonkeyplatform\libs\jinput-2.0.5.jar;C:\Program Files\jmonkeyplatform\jmonkeyplatform\libs\jinput-platform-2.0.5-natives-linux.jar;C:\Program Files\jmonkeyplatform\jmonkeyplatform\libs\jinput-platform-2.0.5-natives-windows.jar;C:\Program Files\jmonkeyplatform\jmonkeyplatform\libs\jinput-platform-2.0.5-natives-osx.jar;C:\Program Files\jmonkeyplatform\jmonkeyplatform\libs\jutils-1.0.0.jar;C:\Program Files\jmonkeyplatform\jmonkeyplatform\libs\lwjgl-platform-2.9.3-natives-windows.jar;C:\Program Files\jmonkeyplatform\jmonkeyplatform\libs\lwjgl-platform-2.9.3-natives-linux.jar;C:\Program Files\jmonkeyplatform\jmonkeyplatform\libs\lwjgl-platform-2.9.3-natives-osx.jar;C:\Program Files\jmonkeyplatform\jmonkeyplatform\libs\jme3-effects-3.2.4-stable.jar;C:\Program Files\jmonkeyplatform\jmonkeyplatform\libs\jme3-terrain-3.2.4-stable.jar;C:\Program Files\jmonkeyplatform\jmonkeyplatform\libs\jme3-bullet-3.2.4-stable.jar;C:\Program Files\jmonkeyplatform\jmonkeyplatform\libs\jme3-bullet-native-3.2.4-stable.jar;C:\Program Files\jmonkeyplatform\jmonkeyplatform\libs\jme3-niftygui-3.2.4-stable.jar;C:\Program Files\jmonkeyplatform\jmonkeyplatform\libs\nifty-style-black-1.4.3.jar;C:\Program Files\jmonkeyplatform\jmonkeyplatform
Launcher Type: SUN_STANDARD

Environment Variables:
PATH=C:\Program Files (x86)\Common Files\Oracle\Java\javapath;C:\windows\system32;C:\windows;C:\windows\System32\Wbem;C:\windows\System32\WindowsPowerShell\v1.0\;C:\windows\System32\OpenSSH\;C:\Program Files\MATLAB\R2021b\bin;C:\Program Files\dotnet\;C:\Program Files\Git\cmd;C:\Program Files (x86)\Microsoft SQL Server\150\DTS\Binn\;C:\Program Files\Azure Data Studio\bin;C:\Program Files\Microsoft SQL Server\Client SDK\ODBC\170\Tools\Binn\;C:\Program Files (x86)\Microsoft SQL Server\150\Tools\Binn\;C:\Program Files\Microsoft SQL Server\150\Tools\Binn\;C:\Program Files\Microsoft SQL Server\150\DTS\Binn\;C:\Program Files\MySQL\MySQL Shell 8.0\bin\;C:\Users\48793\AppData\Local\Programs\Python\Python310\Scripts\;C:\Users\48793\AppData\Local\Programs\Python\Python310\;C:\Users\48793\AppData\Local\Microsoft\WindowsApps;;C:\Users\48793\AppData\Local\Programs\Microsoft VS Code\bin;C:\Users\48793\.dotnet\tools;C:\Program Files\Azure Data Studio\bin
USERNAME=48793
OS=Windows_NT
PROCESSOR_IDENTIFIER=Intel64 Family 6 Model 140 Stepping 1, GenuineIntel



---------------  S Y S T E M  ---------------

OS: Windows 10.0 , 64 bit Build 19041 (10.0.19041.2251)

CPU:total 8 (initial active 8) (4 cores per cpu, 2 threads per core) family 6 model 140 stepping 1, cmov, cx8, fxsr, mmx, sse, sse2, sse3, ssse3, sse4.1, sse4.2, popcnt, avx, avx2, aes, clmul, erms, 3dnowpref, lzcnt, ht, tsc, tscinvbit, bmi1, bmi2, adx

Memory: 4k page, physical 8148984k(2494104k free), swap 15655180k(5476192k free)

vm_info: OpenJDK 64-Bit Server VM (25.212-b04) for windows-amd64 JRE (1.8.0_212-b04), built on Jun  3 2019 21:11:11 by "jenkins" with MS VC++ 12.0 (VS2013)

time: Tue Dec 06 10:27:13 2022
timezone: ?rodkowoeuropejski czas stand.
elapsed time: 2 seconds (0d 0h 0m 2s)

