#
# A fatal error has been detected by the Java Runtime Environment:
#
#  EXCEPTION_ACCESS_VIOLATION (0xc0000005) at pc=0x0000000180011066, pid=9832, tid=0x0000000000001150
#
# JRE version: OpenJDK Runtime Environment (8.0_212-b04) (build 1.8.0_212-b04)
# Java VM: OpenJDK 64-Bit Server VM (25.212-b04 mixed mode windows-amd64 compressed oops)
# Problematic frame:
# C  [OpenAL64.dll+0x11066]
#
# Failed to write core dump. Minidumps are not enabled by default on client versions of Windows
#
# If you would like to submit a bug report, please visit:
#   
# The crash happened outside the Java Virtual Machine in native code.
# See problematic frame for where to report the bug.
#

---------------  T H R E A D  ---------------

Current thread (0x000001246a2f7800):  JavaThread "jME3 Main" [_thread_in_native, id=4432, stack(0x000000232f900000,0x000000232fa00000)]

siginfo: ExceptionCode=0xc0000005, reading address 0x0000012471780004

Registers:
RAX=0x0000000000000004, RBX=0x00000124736a0090, RCX=0x0000012471780008, RDX=0x0000012471780004
RSP=0x000000232f9fec00, RBP=0x00000000000000ff, RSI=0x000001247177c77c, RDI=0x0000000000000000
R8 =0x0000000000000e22, R9 =0x000001247177c77c, R10=0x0000012453369c42, R11=0x0000000061d611b0
R12=0x0000000000000001, R13=0x000001247346dac8, R14=0x000000232f9feda0, R15=0x000001246a2f7800
RIP=0x0000000180011066, EFLAGS=0x0000000000010202

Top of Stack: (sp=0x000000232f9fec00)
0x000000232f9fec00:   0000000000000000 0000000000000000
0x000000232f9fec10:   0000000000000000 000001246a2f7800
0x000000232f9fec20:   000000232f9feda0 000001247346dac8
0x000000232f9fec30:   000001246a2f7800 000001246a310020
0x000000232f9fec40:   000001247346dac8 0000000000000000
0x000000232f9fec50:   000001246a302340 0000000061c06365
0x000000232f9fec60:   000000232f9ff570 000001246a0525a0
0x000000232f9fec70:   000001246a2f7800 000000232f9feda0
0x000000232f9fec80:   000001247346dac8 0000000000000000
0x000000232f9fec90:   000001247177c77c 0000000083ad2870
0x000000232f9feca0:   000000232f9fed68 000000018001248f
0x000000232f9fecb0:   00000124736a0090 00000124736a0090
0x000000232f9fecc0:   000000000000ac44 0000012400000004
0x000000232f9fecd0:   0000000000000010 0000012453369c6e
0x000000232f9fece0:   000001247346dac8 000000232f9fece8
0x000000232f9fecf0:   0000000000000010 000001245336997b 

Instructions: (pc=0x0000000180011066)
0x0000000180011046:   41 2b ec 81 3a 03 00 02 00 75 09 8b 01 89 84 24
0x0000000180011056:   c8 00 00 00 49 83 c0 02 48 83 c1 08 4a 8d 14 86
0x0000000180011066:   39 3a 75 af 4c 8d 84 24 c0 00 00 00 48 8d 15 d7
0x0000000180011076:   2b 03 00 33 c9 e8 58 5f 00 00 b8 40 1f 00 00 4c 


Register to memory mapping:

RAX=0x0000000000000004 is an unknown value
RBX=0x00000124736a0090 is an unknown value
RCX=0x0000012471780008 is an unknown value
RDX=0x0000012471780004 is an unknown value
RSP=0x000000232f9fec00 is pointing into the stack for thread: 0x000001246a2f7800
RBP=0x00000000000000ff is an unknown value
RSI=0x000001247177c77c is an unknown value
RDI=0x0000000000000000 is an unknown value
R8 =0x0000000000000e22 is an unknown value
R9 =0x000001247177c77c is an unknown value
R10=0x0000012453369c42 is at code_begin+962 in an Interpreter codelet
method entry point (kind = native)  [0x0000012453369880, 0x000001245336a320]  2720 bytes
R11=0x0000000061d611b0 is an unknown value
R12=0x0000000000000001 is an unknown value
R13={method} {0x000001247346dad0} 'nalcCreateContext' '(JJ)J' in 'org/lwjgl/openal/ALC10'
R14=0x000000232f9feda0 is pointing into the stack for thread: 0x000001246a2f7800
R15=0x000001246a2f7800 is a thread


Stack: [0x000000232f900000,0x000000232fa00000],  sp=0x000000232f9fec00,  free space=1019k
Native frames: (J=compiled Java code, j=interpreted, Vv=VM code, C=native code)
C  [OpenAL64.dll+0x11066]
C  [OpenAL64.dll+0x1248f]
C  0x0000012453369c6e

Java frames: (J=compiled Java code, j=interpreted, Vv=VM code)
j  org.lwjgl.openal.ALC10.nalcCreateContext(JJ)J+0
j  org.lwjgl.openal.ALC10.alcCreateContext(Lorg/lwjgl/openal/ALCdevice;Ljava/nio/IntBuffer;)Lorg/lwjgl/openal/ALCcontext;+8
j  org.lwjgl.openal.AL.init(Ljava/lang/String;IIZZ)V+69
j  org.lwjgl.openal.AL.create(Ljava/lang/String;IIZZ)V+246
j  org.lwjgl.openal.AL.create(Ljava/lang/String;IIZ)V+5
j  org.lwjgl.openal.AL.create()V+6
j  com.jme3.audio.lwjgl.LwjglALC.createALC()V+0
j  com.jme3.audio.openal.ALAudioRenderer.initOpenAL()V+16
j  com.jme3.audio.openal.ALAudioRenderer.initialize()V+21
j  com.jme3.app.LegacyApplication.initAudio()V+40
j  com.jme3.app.LegacyApplication.initialize()V+31
j  com.jme3.app.SimpleApplication.initialize()V+1
j  com.jme3.system.lwjgl.LwjglAbstractDisplay.initInThread()Z+90
j  com.jme3.system.lwjgl.LwjglAbstractDisplay.run()V+36
j  java.lang.Thread.run()V+11
v  ~StubRoutines::call_stub

---------------  P R O C E S S  ---------------

Java Threads: ( => current thread )
  0x00000124519fd000 JavaThread "DestroyJavaVM" [_thread_blocked, id=15416, stack(0x000000232df00000,0x000000232e000000)]
=>0x000001246a2f7800 JavaThread "jME3 Main" [_thread_in_native, id=4432, stack(0x000000232f900000,0x000000232fa00000)]
  0x000001246a175000 JavaThread "TimerQueue" daemon [_thread_blocked, id=5560, stack(0x000000232f800000,0x000000232f900000)]
  0x000001246a020800 JavaThread "Image Fetcher 0" daemon [_thread_blocked, id=9612, stack(0x000000232f700000,0x000000232f800000)]
  0x0000012469f28000 JavaThread "AWT-EventQueue-0" [_thread_blocked, id=17360, stack(0x000000232f600000,0x000000232f700000)]
  0x0000012469f31000 JavaThread "AWT-Windows" daemon [_thread_in_native, id=9268, stack(0x000000232f500000,0x000000232f600000)]
  0x0000012469f30800 JavaThread "AWT-Shutdown" [_thread_blocked, id=17528, stack(0x000000232f400000,0x000000232f500000)]
  0x0000012469f2f800 JavaThread "Java2D Disposer" daemon [_thread_blocked, id=2752, stack(0x000000232f300000,0x000000232f400000)]
  0x0000012469900800 JavaThread "Service Thread" daemon [_thread_blocked, id=9408, stack(0x000000232f100000,0x000000232f200000)]
  0x0000012468520000 JavaThread "C1 CompilerThread3" daemon [_thread_blocked, id=13544, stack(0x000000232f000000,0x000000232f100000)]
  0x000001246851c800 JavaThread "C2 CompilerThread2" daemon [_thread_blocked, id=3092, stack(0x000000232ef00000,0x000000232f000000)]
  0x000001246851c000 JavaThread "C2 CompilerThread1" daemon [_thread_blocked, id=19332, stack(0x000000232ee00000,0x000000232ef00000)]
  0x000001246851a000 JavaThread "C2 CompilerThread0" daemon [_thread_blocked, id=2664, stack(0x000000232ed00000,0x000000232ee00000)]
  0x0000012468519000 JavaThread "Attach Listener" daemon [_thread_blocked, id=14104, stack(0x000000232ec00000,0x000000232ed00000)]
  0x0000012468512000 JavaThread "Signal Dispatcher" daemon [_thread_blocked, id=13824, stack(0x000000232eb00000,0x000000232ec00000)]
  0x00000124684e4000 JavaThread "Finalizer" daemon [_thread_blocked, id=1220, stack(0x000000232ea00000,0x000000232eb00000)]
  0x00000124684da800 JavaThread "Reference Handler" daemon [_thread_blocked, id=15404, stack(0x000000232e900000,0x000000232ea00000)]

Other Threads:
  0x00000124684b2800 VMThread [stack: 0x000000232e800000,0x000000232e900000] [id=14484]
  0x000001246858b800 WatcherThread [stack: 0x000000232f200000,0x000000232f300000] [id=4300]

VM state:not at safepoint (normal execution)

VM Mutex/Monitor currently owned by a thread: None

heap address: 0x0000000083a00000, size: 1990 MB, Compressed Oops mode: 32-bit
Narrow klass base: 0x0000000000000000, Narrow klass shift: 3
Compressed class space size: 1073741824 Address: 0x0000000100000000

Heap:
 PSYoungGen      total 37888K, used 13321K [0x00000000d6900000, 0x00000000d9300000, 0x0000000100000000)
  eden space 32768K, 40% used [0x00000000d6900000,0x00000000d7602770,0x00000000d8900000)
  from space 5120K, 0% used [0x00000000d8e00000,0x00000000d8e00000,0x00000000d9300000)
  to   space 5120K, 0% used [0x00000000d8900000,0x00000000d8900000,0x00000000d8e00000)
 ParOldGen       total 86016K, used 4797K [0x0000000083a00000, 0x0000000088e00000, 0x00000000d6900000)
  object space 86016K, 5% used [0x0000000083a00000,0x0000000083eaf4a0,0x0000000088e00000)
 Metaspace       used 16337K, capacity 16597K, committed 16896K, reserved 1064960K
  class space    used 1898K, capacity 1978K, committed 2048K, reserved 1048576K

Card table byte_map: [0x0000012462710000,0x0000012462b00000] byte_map_base: 0x00000124622f3000

Marking Bits: (ParMarkBitMap*) 0x00000000622f1f50
 Begin Bits: [0x0000012462da0000, 0x0000012464cb8000)
 End Bits:   [0x0000012464cb8000, 0x0000012466bd0000)

Polling page: 0x0000012451b70000

CodeCache: size=245760Kb used=3658Kb max_used=3658Kb free=242101Kb
 bounds [0x0000012453350000, 0x00000124536f0000, 0x0000012462350000]
 total_blobs=1633 nmethods=1031 adapters=515
 compilation: enabled

Compilation events (10 events):
Event: 1.538 Thread 0x0000012468520000 1026       3       java.util.zip.ZipEntry::setExtra0 (360 bytes)
Event: 1.539 Thread 0x0000012468520000 nmethod 1026 0x00000124536e0150 code [0x00000124536e0400, 0x00000124536e1110]
Event: 1.539 Thread 0x0000012468520000 1028   !   3       java.util.zip.ZipFile::getInflater (56 bytes)
Event: 1.539 Thread 0x0000012468520000 nmethod 1028 0x00000124536e2910 code [0x00000124536e2b00, 0x00000124536e3700]
Event: 1.539 Thread 0x0000012468520000 1029       3       java.util.ArrayDeque::poll (5 bytes)
Event: 1.539 Thread 0x0000012468520000 nmethod 1029 0x00000124536dfd90 code [0x00000124536dff00, 0x00000124536e00b0]
Event: 1.539 Thread 0x0000012468520000 1030       3       java.util.ArrayDeque::pollFirst (42 bytes)
Event: 1.539 Thread 0x0000012468520000 nmethod 1030 0x00000124536df790 code [0x00000124536df900, 0x00000124536dfc38]
Event: 1.539 Thread 0x0000012468520000 1031       3       java.util.zip.ZipFile$ZipFileInflaterInputStream::<init> (29 bytes)
Event: 1.540 Thread 0x0000012468520000 nmethod 1031 0x00000124536df390 code [0x00000124536df500, 0x00000124536df6f0]

GC Heap History (8 events):
Event: 1.000 GC heap before
{Heap before GC invocations=1 (full 0):
 PSYoungGen      total 37888K, used 13457K [0x00000000d6900000, 0x00000000d9300000, 0x0000000100000000)
  eden space 32768K, 41% used [0x00000000d6900000,0x00000000d7624618,0x00000000d8900000)
  from space 5120K, 0% used [0x00000000d8e00000,0x00000000d8e00000,0x00000000d9300000)
  to   space 5120K, 0% used [0x00000000d8900000,0x00000000d8900000,0x00000000d8e00000)
 ParOldGen       total 86016K, used 0K [0x0000000083a00000, 0x0000000088e00000, 0x00000000d6900000)
  object space 86016K, 0% used [0x0000000083a00000,0x0000000083a00000,0x0000000088e00000)
 Metaspace       used 12744K, capacity 12944K, committed 13312K, reserved 1060864K
  class space    used 1629K, capacity 1688K, committed 1792K, reserved 1048576K
Event: 1.005 GC heap after
Heap after GC invocations=1 (full 0):
 PSYoungGen      total 37888K, used 5108K [0x00000000d6900000, 0x00000000d9300000, 0x0000000100000000)
  eden space 32768K, 0% used [0x00000000d6900000,0x00000000d6900000,0x00000000d8900000)
  from space 5120K, 99% used [0x00000000d8900000,0x00000000d8dfd050,0x00000000d8e00000)
  to   space 5120K, 0% used [0x00000000d8e00000,0x00000000d8e00000,0x00000000d9300000)
 ParOldGen       total 86016K, used 4403K [0x0000000083a00000, 0x0000000088e00000, 0x00000000d6900000)
  object space 86016K, 5% used [0x0000000083a00000,0x0000000083e4cf98,0x0000000088e00000)
 Metaspace       used 12744K, capacity 12944K, committed 13312K, reserved 1060864K
  class space    used 1629K, capacity 1688K, committed 1792K, reserved 1048576K
}
Event: 1.005 GC heap before
{Heap before GC invocations=2 (full 1):
 PSYoungGen      total 37888K, used 5108K [0x00000000d6900000, 0x00000000d9300000, 0x0000000100000000)
  eden space 32768K, 0% used [0x00000000d6900000,0x00000000d6900000,0x00000000d8900000)
  from space 5120K, 99% used [0x00000000d8900000,0x00000000d8dfd050,0x00000000d8e00000)
  to   space 5120K, 0% used [0x00000000d8e00000,0x00000000d8e00000,0x00000000d9300000)
 ParOldGen       total 86016K, used 4403K [0x0000000083a00000, 0x0000000088e00000, 0x00000000d6900000)
  object space 86016K, 5% used [0x0000000083a00000,0x0000000083e4cf98,0x0000000088e00000)
 Metaspace       used 12744K, capacity 12944K, committed 13312K, reserved 1060864K
  class space    used 1629K, capacity 1688K, committed 1792K, reserved 1048576K
Event: 1.020 GC heap after
Heap after GC invocations=2 (full 1):
 PSYoungGen      total 37888K, used 0K [0x00000000d6900000, 0x00000000d9300000, 0x0000000100000000)
  eden space 32768K, 0% used [0x00000000d6900000,0x00000000d6900000,0x00000000d8900000)
  from space 5120K, 0% used [0x00000000d8900000,0x00000000d8900000,0x00000000d8e00000)
  to   space 5120K, 0% used [0x00000000d8e00000,0x00000000d8e00000,0x00000000d9300000)
 ParOldGen       total 86016K, used 4797K [0x0000000083a00000, 0x0000000088e00000, 0x00000000d6900000)
  object space 86016K, 5% used [0x0000000083a00000,0x0000000083eaf4c0,0x0000000088e00000)
 Metaspace       used 12744K, capacity 12944K, committed 13312K, reserved 1060864K
  class space    used 1629K, capacity 1688K, committed 1792K, reserved 1048576K
}
Event: 1.020 GC heap before
{Heap before GC invocations=3 (full 1):
 PSYoungGen      total 37888K, used 0K [0x00000000d6900000, 0x00000000d9300000, 0x0000000100000000)
  eden space 32768K, 0% used [0x00000000d6900000,0x00000000d6900000,0x00000000d8900000)
  from space 5120K, 0% used [0x00000000d8900000,0x00000000d8900000,0x00000000d8e00000)
  to   space 5120K, 0% used [0x00000000d8e00000,0x00000000d8e00000,0x00000000d9300000)
 ParOldGen       total 86016K, used 4797K [0x0000000083a00000, 0x0000000088e00000, 0x00000000d6900000)
  object space 86016K, 5% used [0x0000000083a00000,0x0000000083eaf4c0,0x0000000088e00000)
 Metaspace       used 12744K, capacity 12944K, committed 13312K, reserved 1060864K
  class space    used 1629K, capacity 1688K, committed 1792K, reserved 1048576K
Event: 1.021 GC heap after
Heap after GC invocations=3 (full 1):
 PSYoungGen      total 37888K, used 0K [0x00000000d6900000, 0x00000000d9300000, 0x0000000100000000)
  eden space 32768K, 0% used [0x00000000d6900000,0x00000000d6900000,0x00000000d8900000)
  from space 5120K, 0% used [0x00000000d8e00000,0x00000000d8e00000,0x00000000d9300000)
  to   space 5120K, 0% used [0x00000000d8900000,0x00000000d8900000,0x00000000d8e00000)
 ParOldGen       total 86016K, used 4797K [0x0000000083a00000, 0x0000000088e00000, 0x00000000d6900000)
  object space 86016K, 5% used [0x0000000083a00000,0x0000000083eaf4c0,0x0000000088e00000)
 Metaspace       used 12744K, capacity 12944K, committed 13312K, reserved 1060864K
  class space    used 1629K, capacity 1688K, committed 1792K, reserved 1048576K
}
Event: 1.021 GC heap before
{Heap before GC invocations=4 (full 2):
 PSYoungGen      total 37888K, used 0K [0x00000000d6900000, 0x00000000d9300000, 0x0000000100000000)
  eden space 32768K, 0% used [0x00000000d6900000,0x00000000d6900000,0x00000000d8900000)
  from space 5120K, 0% used [0x00000000d8e00000,0x00000000d8e00000,0x00000000d9300000)
  to   space 5120K, 0% used [0x00000000d8900000,0x00000000d8900000,0x00000000d8e00000)
 ParOldGen       total 86016K, used 4797K [0x0000000083a00000, 0x0000000088e00000, 0x00000000d6900000)
  object space 86016K, 5% used [0x0000000083a00000,0x0000000083eaf4c0,0x0000000088e00000)
 Metaspace       used 12744K, capacity 12944K, committed 13312K, reserved 1060864K
  class space    used 1629K, capacity 1688K, committed 1792K, reserved 1048576K
Event: 1.036 GC heap after
Heap after GC invocations=4 (full 2):
 PSYoungGen      total 37888K, used 0K [0x00000000d6900000, 0x00000000d9300000, 0x0000000100000000)
  eden space 32768K, 0% used [0x00000000d6900000,0x00000000d6900000,0x00000000d8900000)
  from space 5120K, 0% used [0x00000000d8e00000,0x00000000d8e00000,0x00000000d9300000)
  to   space 5120K, 0% used [0x00000000d8900000,0x00000000d8900000,0x00000000d8e00000)
 ParOldGen       total 86016K, used 4797K [0x0000000083a00000, 0x0000000088e00000, 0x00000000d6900000)
  object space 86016K, 5% used [0x0000000083a00000,0x0000000083eaf4a0,0x0000000088e00000)
 Metaspace       used 12744K, capacity 12944K, committed 13312K, reserved 1060864K
  class space    used 1629K, capacity 1688K, committed 1792K, reserved 1048576K
}

Deoptimization events (4 events):
Event: 0.451 Thread 0x0000012469f28000 Uncommon trap: reason=class_check action=maybe_recompile pc=0x00000124534d0160 method=java.lang.String.equals(Ljava/lang/Object;)Z @ 8
Event: 0.451 Thread 0x0000012469f28000 Uncommon trap: reason=class_check action=maybe_recompile pc=0x00000124534d0160 method=java.lang.String.equals(Ljava/lang/Object;)Z @ 8
Event: 0.451 Thread 0x0000012469f28000 Uncommon trap: reason=class_check action=maybe_recompile pc=0x00000124534d0160 method=java.lang.String.equals(Ljava/lang/Object;)Z @ 8
Event: 0.452 Thread 0x0000012469f28000 Uncommon trap: reason=class_check action=maybe_recompile pc=0x00000124534d0160 method=java.lang.String.equals(Ljava/lang/Object;)Z @ 8

Classes redefined (0 events):
No events

Internal exceptions (10 events):
Event: 0.141 Thread 0x00000124519fd000 Exception <a 'java/lang/NoSuchFieldError': method resolution failed> (0x00000000d6d0e6d0) thrown at [C:\cygwin64\tmp\openjdk-jdk8u-windows-x64-hotspot\workspace\build\src\hotspot\src\share\vm\prims\methodHandles.cpp, line 1167]
Event: 0.162 Thread 0x00000124519fd000 Exception <a 'java/lang/ClassNotFoundException': sun/dc/DuctusRenderingEngine> (0x00000000d6d96f80) thrown at [C:\cygwin64\tmp\openjdk-jdk8u-windows-x64-hotspot\workspace\build\src\hotspot\src\share\vm\classfile\systemDictionary.cpp, line 210]
Event: 0.195 Thread 0x0000012469f28000 Exception <a 'java/io/FileNotFoundException'> (0x00000000d6ef5390) thrown at [C:\cygwin64\tmp\openjdk-jdk8u-windows-x64-hotspot\workspace\build\src\hotspot\src\share\vm\prims\jni.cpp, line 710]
Event: 0.224 Thread 0x0000012469f28000 Exception <a 'java/lang/NoClassDefFoundError'> (0x00000000d6f93ab8) thrown at [C:\cygwin64\tmp\openjdk-jdk8u-windows-x64-hotspot\workspace\build\src\hotspot\src\share\vm\prims\jvm.cpp, line 1506]
Event: 1.541 Thread 0x000001246a2f7800 Exception <a 'java/security/PrivilegedActionException'> (0x00000000d75c03e8) thrown at [C:\cygwin64\tmp\openjdk-jdk8u-windows-x64-hotspot\workspace\build\src\hotspot\src\share\vm\prims\jvm.cpp, line 1502]
Event: 1.541 Thread 0x000001246a2f7800 Exception <a 'java/security/PrivilegedActionException'> (0x00000000d75c1f58) thrown at [C:\cygwin64\tmp\openjdk-jdk8u-windows-x64-hotspot\workspace\build\src\hotspot\src\share\vm\prims\jvm.cpp, line 1502]
Event: 1.541 Thread 0x000001246a2f7800 Exception <a 'java/security/PrivilegedActionException'> (0x00000000d75c3078) thrown at [C:\cygwin64\tmp\openjdk-jdk8u-windows-x64-hotspot\workspace\build\src\hotspot\src\share\vm\prims\jvm.cpp, line 1502]
Event: 1.541 Thread 0x000001246a2f7800 Exception <a 'java/security/PrivilegedActionException'> (0x00000000d75c8198) thrown at [C:\cygwin64\tmp\openjdk-jdk8u-windows-x64-hotspot\workspace\build\src\hotspot\src\share\vm\prims\jvm.cpp, line 1502]
Event: 1.541 Thread 0x000001246a2f7800 Exception <a 'java/security/PrivilegedActionException'> (0x00000000d75c8df0) thrown at [C:\cygwin64\tmp\openjdk-jdk8u-windows-x64-hotspot\workspace\build\src\hotspot\src\share\vm\prims\jvm.cpp, line 1502]
Event: 1.541 Thread 0x000001246a2f7800 Exception <a 'java/security/PrivilegedActionException'> (0x00000000d75c9a18) thrown at [C:\cygwin64\tmp\openjdk-jdk8u-windows-x64-hotspot\workspace\build\src\hotspot\src\share\vm\prims\jvm.cpp, line 1502]

Events (10 events):
Event: 1.542 loading class org/lwjgl/openal/ALC10
Event: 1.542 loading class org/lwjgl/openal/ALC10 done
Event: 1.550 loading class org/lwjgl/openal/ALCdevice
Event: 1.550 loading class org/lwjgl/openal/ALCdevice done
Event: 1.551 loading class org/lwjgl/openal/ALCcontext
Event: 1.551 loading class org/lwjgl/openal/ALCcontext done
Event: 1.551 loading class org/lwjgl/openal/Util
Event: 1.551 loading class org/lwjgl/openal/Util done
Event: 1.551 loading class org/lwjgl/openal/OpenALException
Event: 1.551 loading class org/lwjgl/openal/OpenALException done


Dynamic libraries:
0x00007ff7a61a0000 - 0x00007ff7a61da000 	C:\Program Files\jmonkeyplatform\jdk\bin\java.exe
0x00007ff848b50000 - 0x00007ff848d48000 	C:\windows\SYSTEM32\ntdll.dll
0x00007ff846dd0000 - 0x00007ff846e8f000 	C:\windows\System32\KERNEL32.DLL
0x00007ff846710000 - 0x00007ff8469e2000 	C:\windows\System32\KERNELBASE.dll
0x00007ff8471d0000 - 0x00007ff84727e000 	C:\windows\System32\ADVAPI32.dll
0x00007ff847c90000 - 0x00007ff847d2e000 	C:\windows\System32\msvcrt.dll
0x00007ff8472e0000 - 0x00007ff84737c000 	C:\windows\System32\sechost.dll
0x00007ff847d30000 - 0x00007ff847e55000 	C:\windows\System32\RPCRT4.dll
0x00007ff846ea0000 - 0x00007ff847041000 	C:\windows\System32\USER32.dll
0x00007ff846240000 - 0x00007ff846262000 	C:\windows\System32\win32u.dll
0x00007ff848490000 - 0x00007ff8484bb000 	C:\windows\System32\GDI32.dll
0x00007ff8469f0000 - 0x00007ff846aff000 	C:\windows\System32\gdi32full.dll
0x00007ff846520000 - 0x00007ff8465bd000 	C:\windows\System32\msvcp_win.dll
0x00007ff8465c0000 - 0x00007ff8466c0000 	C:\windows\System32\ucrtbase.dll
0x00007ff845730000 - 0x00007ff8459ca000 	C:\windows\WinSxS\amd64_microsoft.windows.common-controls_6595b64144ccf1df_6.0.19041.1110_none_60b5254171f9507e\COMCTL32.dll
0x00007ff846c80000 - 0x00007ff846cb2000 	C:\windows\System32\IMM32.DLL
0x00007ff826b60000 - 0x00007ff826c4f000 	C:\Program Files\jmonkeyplatform\jdk\jre\bin\msvcr120.dll
0x00007ffffd9d0000 - 0x00007ffffda76000 	C:\Program Files\jmonkeyplatform\jdk\jre\bin\msvcp120.dll
0x0000000061b70000 - 0x000000006236b000 	C:\Program Files\jmonkeyplatform\jdk\jre\bin\server\jvm.dll
0x00007ff846b90000 - 0x00007ff846b98000 	C:\windows\System32\PSAPI.DLL
0x00007ff842b90000 - 0x00007ff842b9a000 	C:\windows\SYSTEM32\VERSION.dll
0x00007ff81a990000 - 0x00007ff81a9b7000 	C:\windows\SYSTEM32\WINMM.dll
0x00007ff82ad10000 - 0x00007ff82ad19000 	C:\windows\SYSTEM32\WSOCK32.dll
0x00007ff848aa0000 - 0x00007ff848b0b000 	C:\windows\System32\WS2_32.dll
0x00007ff82a870000 - 0x00007ff82a87f000 	C:\Program Files\jmonkeyplatform\jdk\jre\bin\verify.dll
0x00007ff826b10000 - 0x00007ff826b38000 	C:\Program Files\jmonkeyplatform\jdk\jre\bin\java.dll
0x00007ff8297b0000 - 0x00007ff8297c6000 	C:\Program Files\jmonkeyplatform\jdk\jre\bin\zip.dll
0x00007ff847490000 - 0x00007ff847bd4000 	C:\windows\System32\SHELL32.dll
0x00007ff8434e0000 - 0x00007ff843c72000 	C:\windows\SYSTEM32\windows.storage.dll
0x00007ff848740000 - 0x00007ff848a95000 	C:\windows\System32\combase.dll
0x00007ff8455a0000 - 0x00007ff8455d0000 	C:\windows\SYSTEM32\Wldp.dll
0x00007ff8473e0000 - 0x00007ff84748d000 	C:\windows\System32\SHCORE.dll
0x00007ff847170000 - 0x00007ff8471c5000 	C:\windows\System32\shlwapi.dll
0x00007ff846180000 - 0x00007ff84619f000 	C:\windows\SYSTEM32\profapi.dll
0x00007ffff9770000 - 0x00007ffff9905000 	C:\Program Files\jmonkeyplatform\jdk\jre\bin\awt.dll
0x00007ff8484c0000 - 0x00007ff84858d000 	C:\windows\System32\OLEAUT32.dll
0x00007ff842890000 - 0x00007ff842921000 	C:\windows\SYSTEM32\apphelp.dll
0x00007ff842a30000 - 0x00007ff842ace000 	C:\windows\system32\uxtheme.dll
0x00007ff847050000 - 0x00007ff847165000 	C:\windows\System32\MSCTF.dll
0x00007ff848590000 - 0x00007ff8486ba000 	C:\windows\System32\ole32.dll
0x00007ff843c80000 - 0x00007ff843c92000 	C:\windows\SYSTEM32\kernel.appcore.dll
0x00007ff846b00000 - 0x00007ff846b82000 	C:\windows\System32\bcryptPrimitives.dll
0x00007ff842b60000 - 0x00007ff842b8f000 	C:\windows\system32\DWMAPI.DLL
0x00007ff82c4e0000 - 0x00007ff82c605000 	C:\windows\system32\opengl32.dll
0x00007ff83b600000 - 0x00007ff83b62c000 	C:\windows\SYSTEM32\GLU32.dll
0x00007ffffabe0000 - 0x00007ffffac73000 	C:\Program Files\jmonkeyplatform\jdk\jre\bin\freetype.dll
0x00007ffffab20000 - 0x00007ffffabdc000 	C:\Program Files\jmonkeyplatform\jdk\jre\bin\fontmanager.dll
0x00007ff829cf0000 - 0x00007ff829d0a000 	C:\Program Files\jmonkeyplatform\jdk\jre\bin\net.dll
0x00007ff82ab20000 - 0x00007ff82ad0d000 	C:\windows\SYSTEM32\urlmon.dll
0x00007ff82ae50000 - 0x00007ff82b101000 	C:\windows\SYSTEM32\iertutil.dll
0x00007ff82aaf0000 - 0x00007ff82ab18000 	C:\windows\SYSTEM32\srvcli.dll
0x00007ff8454e0000 - 0x00007ff8454ec000 	C:\windows\SYSTEM32\netutils.dll
0x00007ff8453b0000 - 0x00007ff84541a000 	C:\windows\system32\mswsock.dll
0x00007ff8249b0000 - 0x00007ff8249c2000 	C:\Program Files\jmonkeyplatform\jdk\jre\bin\nio.dll
0x00007ff82c3c0000 - 0x00007ff82c4b9000 	C:\windows\SYSTEM32\textinputframework.dll
0x00007ff83ec40000 - 0x00007ff83ef9e000 	C:\windows\System32\CoreUIComponents.dll
0x00007ff8446e0000 - 0x00007ff8447d2000 	C:\windows\System32\CoreMessaging.dll
0x00007ff83de50000 - 0x00007ff83dfa4000 	C:\windows\SYSTEM32\wintypes.dll
0x00007ff845f90000 - 0x00007ff845fc3000 	C:\windows\SYSTEM32\ntmarta.dll
0x00007ffff2570000 - 0x00007ffff2742000 	C:\Users\48793\Documents\BulletHeavenFPS\bulletjme.dll
0x0000000180000000 - 0x0000000180064000 	C:\Users\48793\Documents\BulletHeavenFPS\OpenAL64.dll
0x000001246c170000 - 0x000001246c1c3000 	C:\Users\48793\Documents\BulletHeavenFPS\lwjgl64.dll
0x00007ff83c0e0000 - 0x00007ff83c18e000 	C:\windows\SYSTEM32\mscms.dll
0x00007ff83c070000 - 0x00007ff83c081000 	C:\windows\SYSTEM32\ColorAdapterClient.dll
0x00007ff846100000 - 0x00007ff84612e000 	C:\windows\SYSTEM32\USERENV.dll
0x00007ff847be0000 - 0x00007ff847c8f000 	C:\windows\System32\clbcatq.dll
0x00007ff83a5b0000 - 0x00007ff83a5f3000 	C:\Windows\System32\Windows.Internal.Graphics.Display.DisplayColorManagement.dll
0x00007ff8466c0000 - 0x00007ff84670e000 	C:\windows\System32\cfgmgr32.dll
0x00007ff839040000 - 0x00007ff839137000 	C:\Windows\System32\AppXDeploymentClient.dll
0x00007ffff2810000 - 0x00007ffff37db000 	C:\windows\System32\DriverStore\FileRepository\iigd_dch.inf_amd64_5d4f0988fea137a7\igxelpicd64.dll
0x00007ff843cf0000 - 0x00007ff843de3000 	C:\windows\system32\dxgi.dll
0x00007ffff4620000 - 0x00007ffff4aa7000 	C:\windows\System32\DriverStore\FileRepository\iigd_dch.inf_amd64_5d4f0988fea137a7\igdml64.dll
0x00007ff838bd0000 - 0x00007ff838f9d000 	C:\windows\System32\DriverStore\FileRepository\iigd_dch.inf_amd64_5d4f0988fea137a7\igdgmm64.dll
0x00007ff81a0f0000 - 0x00007ff81a133000 	C:\windows\SYSTEM32\icm32.dll
0x00007ff830b80000 - 0x00007ff8338c7000 	C:\windows\System32\DriverStore\FileRepository\iigd_dch.inf_amd64_5d4f0988fea137a7\igc64.dll
0x00007ff845e60000 - 0x00007ff845eab000 	C:\windows\SYSTEM32\powrprof.dll
0x00007ff8459f0000 - 0x00007ff845a02000 	C:\windows\SYSTEM32\UMPDC.dll
0x00007ff834810000 - 0x00007ff834895000 	C:\windows\System32\MMDevApi.dll
0x00007ff845ff0000 - 0x00007ff84601c000 	C:\windows\System32\DEVOBJ.dll
0x00007ffffa130000 - 0x00007ffffa1cc000 	C:\windows\SYSTEM32\dsound.dll
0x00007ff824710000 - 0x00007ff824736000 	C:\windows\SYSTEM32\winmmbase.dll
0x00007ff8348a0000 - 0x00007ff834a22000 	C:\windows\SYSTEM32\AUDIOSES.DLL
0x00007ff845c70000 - 0x00007ff845e54000 	C:\windows\SYSTEM32\dbghelp.dll

VM Arguments:
jvm_args: -Dfile.encoding=UTF-8 
java_command: mygame.Main
java_class_path (initial): C:\Program Files\jmonkeyplatform\jmonkeyplatform\libs\jme3-jogg-3.2.4-stable.jar;C:\Program Files\jmonkeyplatform\jmonkeyplatform\libs\j-ogg-all-1.0.0.jar;C:\Program Files\jmonkeyplatform\jmonkeyplatform\libs\jme3-networking-3.2.4-stable.jar;C:\Program Files\jmonkeyplatform\jmonkeyplatform\libs\jme3-plugins-3.2.4-stable.jar;C:\Program Files\jmonkeyplatform\jmonkeyplatform\libs\gson-2.8.1.jar;C:\Program Files\jmonkeyplatform\jmonkeyplatform\libs\jme3-core-3.2.4-stable.jar;C:\Program Files\jmonkeyplatform\jmonkeyplatform\libs\jme3-desktop-3.2.4-stable.jar;C:\Program Files\jmonkeyplatform\jmonkeyplatform\libs\jme3-lwjgl-3.2.4-stable.jar;C:\Program Files\jmonkeyplatform\jmonkeyplatform\libs\lwjgl-2.9.3.jar;C:\Program Files\jmonkeyplatform\jmonkeyplatform\libs\jinput-2.0.5.jar;C:\Program Files\jmonkeyplatform\jmonkeyplatform\libs\jinput-platform-2.0.5-natives-linux.jar;C:\Program Files\jmonkeyplatform\jmonkeyplatform\libs\jinput-platform-2.0.5-natives-windows.jar;C:\Program Files\jmonkeyplatform\jmonkeyplatform\libs\jinput-platform-2.0.5-natives-osx.jar;C:\Program Files\jmonkeyplatform\jmonkeyplatform\libs\jutils-1.0.0.jar;C:\Program Files\jmonkeyplatform\jmonkeyplatform\libs\lwjgl-platform-2.9.3-natives-windows.jar;C:\Program Files\jmonkeyplatform\jmonkeyplatform\libs\lwjgl-platform-2.9.3-natives-linux.jar;C:\Program Files\jmonkeyplatform\jmonkeyplatform\libs\lwjgl-platform-2.9.3-natives-osx.jar;C:\Program Files\jmonkeyplatform\jmonkeyplatform\libs\jme3-effects-3.2.4-stable.jar;C:\Program Files\jmonkeyplatform\jmonkeyplatform\libs\jme3-terrain-3.2.4-stable.jar;C:\Program Files\jmonkeyplatform\jmonkeyplatform\libs\jme3-bullet-3.2.4-stable.jar;C:\Program Files\jmonkeyplatform\jmonkeyplatform\libs\jme3-bullet-native-3.2.4-stable.jar;C:\Program Files\jmonkeyplatform\jmonkeyplatform\libs\jme3-niftygui-3.2.4-stable.jar;C:\Program Files\jmonkeyplatform\jmonkeyplatform\libs\nifty-style-black-1.4.3.jar;C:\Program Files\jmonkeyplatform\jmonkeyplatform
Launcher Type: SUN_STANDARD

Environment Variables:
PATH=C:\Program Files (x86)\Common Files\Oracle\Java\javapath;C:\windows\system32;C:\windows;C:\windows\System32\Wbem;C:\windows\System32\WindowsPowerShell\v1.0\;C:\windows\System32\OpenSSH\;C:\Program Files\MATLAB\R2021b\bin;C:\Program Files\dotnet\;C:\Program Files\Git\cmd;C:\Program Files (x86)\Microsoft SQL Server\150\DTS\Binn\;C:\Program Files\Azure Data Studio\bin;C:\Program Files\Microsoft SQL Server\Client SDK\ODBC\170\Tools\Binn\;C:\Program Files (x86)\Microsoft SQL Server\150\Tools\Binn\;C:\Program Files\Microsoft SQL Server\150\Tools\Binn\;C:\Program Files\Microsoft SQL Server\150\DTS\Binn\;C:\Program Files\MySQL\MySQL Shell 8.0\bin\;C:\Users\48793\AppData\Local\Programs\Python\Python310\Scripts\;C:\Users\48793\AppData\Local\Programs\Python\Python310\;C:\Users\48793\AppData\Local\Microsoft\WindowsApps;;C:\Users\48793\AppData\Local\Programs\Microsoft VS Code\bin;C:\Users\48793\.dotnet\tools;C:\Program Files\Azure Data Studio\bin
USERNAME=48793
OS=Windows_NT
PROCESSOR_IDENTIFIER=Intel64 Family 6 Model 140 Stepping 1, GenuineIntel



---------------  S Y S T E M  ---------------

OS: Windows 10.0 , 64 bit Build 19041 (10.0.19041.2364)

CPU:total 8 (initial active 8) (4 cores per cpu, 2 threads per core) family 6 model 140 stepping 1, cmov, cx8, fxsr, mmx, sse, sse2, sse3, ssse3, sse4.1, sse4.2, popcnt, avx, avx2, aes, clmul, erms, 3dnowpref, lzcnt, ht, tsc, tscinvbit, bmi1, bmi2, adx

Memory: 4k page, physical 8148984k(3128756k free), swap 13916152k(6655228k free)

vm_info: OpenJDK 64-Bit Server VM (25.212-b04) for windows-amd64 JRE (1.8.0_212-b04), built on Jun  3 2019 21:11:11 by "jenkins" with MS VC++ 12.0 (VS2013)

time: Wed Jan 18 11:51:04 2023
timezone: ?rodkowoeuropejski czas stand.
elapsed time: 1 seconds (0d 0h 0m 1s)

