#
# A fatal error has been detected by the Java Runtime Environment:
#
#  EXCEPTION_ACCESS_VIOLATION (0xc0000005) at pc=0x0000000180011066, pid=25024, tid=0x00000000000053a8
#
# JRE version: OpenJDK Runtime Environment (8.0_212-b04) (build 1.8.0_212-b04)
# Java VM: OpenJDK 64-Bit Server VM (25.212-b04 mixed mode windows-amd64 compressed oops)
# Problematic frame:
# C  [OpenAL64.dll+0x11066]
#
# Failed to write core dump. Minidumps are not enabled by default on client versions of Windows
#
# If you would like to submit a bug report, please visit:
#   
# The crash happened outside the Java Virtual Machine in native code.
# See problematic frame for where to report the bug.
#

---------------  T H R E A D  ---------------

Current thread (0x000001f418c8e800):  JavaThread "jME3 Main" [_thread_in_native, id=21416, stack(0x000000e76e800000,0x000000e76e900000)]

siginfo: ExceptionCode=0xc0000005, reading address 0x000001f42013a004

Registers:
RAX=0x0000000000000004, RBX=0x000001f422050090, RCX=0x000001f42013a008, RDX=0x000001f42013a004
RSP=0x000000e76e8feda0, RBP=0x00000000000000ff, RSI=0x000001f420139e9c, RDI=0x0000000000000000
R8 =0x000000000000005a, R9 =0x000001f420139e9c, R10=0x000001f401d19c42, R11=0x000000006ecc11b0
R12=0x0000000000000001, R13=0x000001f421e19e78, R14=0x000000e76e8fef40, R15=0x000001f418c8e800
RIP=0x0000000180011066, EFLAGS=0x0000000000010202

Top of Stack: (sp=0x000000e76e8feda0)
0x000000e76e8feda0:   0000000000000000 0000000000000000
0x000000e76e8fedb0:   0000000000000000 000001f418c8e800
0x000000e76e8fedc0:   000000e76e8fef40 000001f421e19e78
0x000000e76e8fedd0:   000001f418c8e800 000001f418c9a540
0x000000e76e8fede0:   000001f421e19e78 0000000000000000
0x000000e76e8fedf0:   000001f418c94bd0 000000006eb66365
0x000000e76e8fee00:   000000e76e8ff710 000001f416f16460
0x000000e76e8fee10:   000001f418c8e800 000000e76e8fef40
0x000000e76e8fee20:   000001f421e19e78 0000000000000000
0x000000e76e8fee30:   000001f420139e9c 0000000083a37428
0x000000e76e8fee40:   000000e76e8fef08 000000018001248f
0x000000e76e8fee50:   000001f422050090 000001f422050090
0x000000e76e8fee60:   000000000000ac44 000001f400000004
0x000000e76e8fee70:   0000000000000010 000001f401d19c6e
0x000000e76e8fee80:   000001f421e19e78 000000e76e8fee88
0x000000e76e8fee90:   0000000000000010 000001f401d1997b 

Instructions: (pc=0x0000000180011066)
0x0000000180011046:   41 2b ec 81 3a 03 00 02 00 75 09 8b 01 89 84 24
0x0000000180011056:   c8 00 00 00 49 83 c0 02 48 83 c1 08 4a 8d 14 86
0x0000000180011066:   39 3a 75 af 4c 8d 84 24 c0 00 00 00 48 8d 15 d7
0x0000000180011076:   2b 03 00 33 c9 e8 58 5f 00 00 b8 40 1f 00 00 4c 


Register to memory mapping:

RAX=0x0000000000000004 is an unknown value
RBX=0x000001f422050090 is an unknown value
RCX=0x000001f42013a008 is an unknown value
RDX=0x000001f42013a004 is an unknown value
RSP=0x000000e76e8feda0 is pointing into the stack for thread: 0x000001f418c8e800
RBP=0x00000000000000ff is an unknown value
RSI=0x000001f420139e9c is an unknown value
RDI=0x0000000000000000 is an unknown value
R8 =0x000000000000005a is an unknown value
R9 =0x000001f420139e9c is an unknown value
R10=0x000001f401d19c42 is at code_begin+962 in an Interpreter codelet
method entry point (kind = native)  [0x000001f401d19880, 0x000001f401d1a320]  2720 bytes
R11=0x000000006ecc11b0 is an unknown value
R12=0x0000000000000001 is an unknown value
R13={method} {0x000001f421e19e80} 'nalcCreateContext' '(JJ)J' in 'org/lwjgl/openal/ALC10'
R14=0x000000e76e8fef40 is pointing into the stack for thread: 0x000001f418c8e800
R15=0x000001f418c8e800 is a thread


Stack: [0x000000e76e800000,0x000000e76e900000],  sp=0x000000e76e8feda0,  free space=1019k
Native frames: (J=compiled Java code, j=interpreted, Vv=VM code, C=native code)
C  [OpenAL64.dll+0x11066]
C  [OpenAL64.dll+0x1248f]
C  0x000001f401d19c6e

Java frames: (J=compiled Java code, j=interpreted, Vv=VM code)
j  org.lwjgl.openal.ALC10.nalcCreateContext(JJ)J+0
j  org.lwjgl.openal.ALC10.alcCreateContext(Lorg/lwjgl/openal/ALCdevice;Ljava/nio/IntBuffer;)Lorg/lwjgl/openal/ALCcontext;+8
j  org.lwjgl.openal.AL.init(Ljava/lang/String;IIZZ)V+69
j  org.lwjgl.openal.AL.create(Ljava/lang/String;IIZZ)V+246
j  org.lwjgl.openal.AL.create(Ljava/lang/String;IIZ)V+5
j  org.lwjgl.openal.AL.create()V+6
j  com.jme3.audio.lwjgl.LwjglALC.createALC()V+0
j  com.jme3.audio.openal.ALAudioRenderer.initOpenAL()V+16
j  com.jme3.audio.openal.ALAudioRenderer.initialize()V+21
j  com.jme3.app.LegacyApplication.initAudio()V+40
j  com.jme3.app.LegacyApplication.initialize()V+31
j  com.jme3.app.SimpleApplication.initialize()V+1
j  com.jme3.system.lwjgl.LwjglAbstractDisplay.initInThread()Z+90
j  com.jme3.system.lwjgl.LwjglAbstractDisplay.run()V+36
j  java.lang.Thread.run()V+11
v  ~StubRoutines::call_stub

---------------  P R O C E S S  ---------------

Java Threads: ( => current thread )
  0x000001f40044a800 JavaThread "DestroyJavaVM" [_thread_blocked, id=25260, stack(0x000000e76ce00000,0x000000e76cf00000)]
=>0x000001f418c8e800 JavaThread "jME3 Main" [_thread_in_native, id=21416, stack(0x000000e76e800000,0x000000e76e900000)]
  0x000001f418b56800 JavaThread "TimerQueue" daemon [_thread_blocked, id=12248, stack(0x000000e76e700000,0x000000e76e800000)]
  0x000001f4189cb000 JavaThread "Image Fetcher 0" daemon [_thread_blocked, id=27612, stack(0x000000e76e600000,0x000000e76e700000)]
  0x000001f4188cd000 JavaThread "AWT-EventQueue-0" [_thread_blocked, id=2872, stack(0x000000e76e500000,0x000000e76e600000)]
  0x000001f4188e4800 JavaThread "AWT-Windows" daemon [_thread_in_native, id=5920, stack(0x000000e76e400000,0x000000e76e500000)]
  0x000001f4188e3800 JavaThread "AWT-Shutdown" [_thread_blocked, id=16596, stack(0x000000e76e300000,0x000000e76e400000)]
  0x000001f4188e3000 JavaThread "Java2D Disposer" daemon [_thread_blocked, id=11552, stack(0x000000e76e200000,0x000000e76e300000)]
  0x000001f4182b8800 JavaThread "Service Thread" daemon [_thread_blocked, id=28324, stack(0x000000e76e000000,0x000000e76e100000)]
  0x000001f416ece000 JavaThread "C1 CompilerThread3" daemon [_thread_blocked, id=19188, stack(0x000000e76df00000,0x000000e76e000000)]
  0x000001f416ec6800 JavaThread "C2 CompilerThread2" daemon [_thread_blocked, id=18928, stack(0x000000e76de00000,0x000000e76df00000)]
  0x000001f416ec5800 JavaThread "C2 CompilerThread1" daemon [_thread_blocked, id=33632, stack(0x000000e76dd00000,0x000000e76de00000)]
  0x000001f416ec4000 JavaThread "C2 CompilerThread0" daemon [_thread_blocked, id=32444, stack(0x000000e76dc00000,0x000000e76dd00000)]
  0x000001f416ec3000 JavaThread "Attach Listener" daemon [_thread_blocked, id=21456, stack(0x000000e76db00000,0x000000e76dc00000)]
  0x000001f416ebe000 JavaThread "Signal Dispatcher" daemon [_thread_blocked, id=6668, stack(0x000000e76da00000,0x000000e76db00000)]
  0x000001f416e8f800 JavaThread "Finalizer" daemon [_thread_blocked, id=31420, stack(0x000000e76d900000,0x000000e76da00000)]
  0x000001f41629e000 JavaThread "Reference Handler" daemon [_thread_blocked, id=9140, stack(0x000000e76d800000,0x000000e76d900000)]

Other Threads:
  0x000001f416e62800 VMThread [stack: 0x000000e76d700000,0x000000e76d800000] [id=8548]
  0x000001f416f3c000 WatcherThread [stack: 0x000000e76e100000,0x000000e76e200000] [id=31264]

VM state:not at safepoint (normal execution)

VM Mutex/Monitor currently owned by a thread: None

heap address: 0x0000000083a00000, size: 1990 MB, Compressed Oops mode: 32-bit
Narrow klass base: 0x0000000000000000, Narrow klass shift: 3
Compressed class space size: 1073741824 Address: 0x0000000100000000

Heap:
 PSYoungGen      total 37888K, used 13253K [0x00000000d6900000, 0x00000000d9300000, 0x0000000100000000)
  eden space 32768K, 40% used [0x00000000d6900000,0x00000000d75f1680,0x00000000d8900000)
  from space 5120K, 0% used [0x00000000d8e00000,0x00000000d8e00000,0x00000000d9300000)
  to   space 5120K, 0% used [0x00000000d8900000,0x00000000d8900000,0x00000000d8e00000)
 ParOldGen       total 86016K, used 4746K [0x0000000083a00000, 0x0000000088e00000, 0x00000000d6900000)
  object space 86016K, 5% used [0x0000000083a00000,0x0000000083ea28a8,0x0000000088e00000)
 Metaspace       used 16306K, capacity 16533K, committed 16896K, reserved 1064960K
  class space    used 1884K, capacity 1978K, committed 2048K, reserved 1048576K

Card table byte_map: [0x000001f4110c0000,0x000001f4114b0000] byte_map_base: 0x000001f410ca3000

Marking Bits: (ParMarkBitMap*) 0x000000006f251f50
 Begin Bits: [0x000001f411750000, 0x000001f413668000)
 End Bits:   [0x000001f413668000, 0x000001f415580000)

Polling page: 0x000001f401cd0000

CodeCache: size=245760Kb used=3630Kb max_used=3630Kb free=242129Kb
 bounds [0x000001f401d00000, 0x000001f402090000, 0x000001f410d00000]
 total_blobs=1601 nmethods=999 adapters=515
 compilation: enabled

Compilation events (10 events):
Event: 1.298 Thread 0x000001f416ece000  995       3       java.util.zip.ZipFile$ZipFileInputStream::<init> (41 bytes)
Event: 1.298 Thread 0x000001f416ece000 nmethod 995 0x000001f4020894d0 code [0x000001f402089660, 0x000001f402089a00]
Event: 1.298 Thread 0x000001f416ece000  996       3       java.util.zip.ZipFile::access$1100 (5 bytes)
Event: 1.298 Thread 0x000001f416ece000 nmethod 996 0x000001f402089150 code [0x000001f4020892c0, 0x000001f402089430]
Event: 1.298 Thread 0x000001f416ece000  997       3       java.util.zip.ZipFile::access$1200 (5 bytes)
Event: 1.298 Thread 0x000001f416ece000 nmethod 997 0x000001f402088dd0 code [0x000001f402088f40, 0x000001f4020890b0]
Event: 1.298 Thread 0x000001f416ece000  998       3       java.util.ArrayDeque::poll (5 bytes)
Event: 1.298 Thread 0x000001f416ece000 nmethod 998 0x000001f40208c4d0 code [0x000001f40208c640, 0x000001f40208c7f0]
Event: 1.298 Thread 0x000001f416ece000  999       3       java.util.ArrayDeque::pollFirst (42 bytes)
Event: 1.298 Thread 0x000001f416ece000 nmethod 999 0x000001f40208c890 code [0x000001f40208ca00, 0x000001f40208cd38]

GC Heap History (8 events):
Event: 0.840 GC heap before
{Heap before GC invocations=1 (full 0):
 PSYoungGen      total 37888K, used 13439K [0x00000000d6900000, 0x00000000d9300000, 0x0000000100000000)
  eden space 32768K, 41% used [0x00000000d6900000,0x00000000d761fd50,0x00000000d8900000)
  from space 5120K, 0% used [0x00000000d8e00000,0x00000000d8e00000,0x00000000d9300000)
  to   space 5120K, 0% used [0x00000000d8900000,0x00000000d8900000,0x00000000d8e00000)
 ParOldGen       total 86016K, used 0K [0x0000000083a00000, 0x0000000088e00000, 0x00000000d6900000)
  object space 86016K, 0% used [0x0000000083a00000,0x0000000083a00000,0x0000000088e00000)
 Metaspace       used 12684K, capacity 12880K, committed 13056K, reserved 1060864K
  class space    used 1613K, capacity 1688K, committed 1792K, reserved 1048576K
Event: 0.846 GC heap after
Heap after GC invocations=1 (full 0):
 PSYoungGen      total 37888K, used 4918K [0x00000000d6900000, 0x00000000d9300000, 0x0000000100000000)
  eden space 32768K, 0% used [0x00000000d6900000,0x00000000d6900000,0x00000000d8900000)
  from space 5120K, 96% used [0x00000000d8900000,0x00000000d8dcd828,0x00000000d8e00000)
  to   space 5120K, 0% used [0x00000000d8e00000,0x00000000d8e00000,0x00000000d9300000)
 ParOldGen       total 86016K, used 16K [0x0000000083a00000, 0x0000000088e00000, 0x00000000d6900000)
  object space 86016K, 0% used [0x0000000083a00000,0x0000000083a04000,0x0000000088e00000)
 Metaspace       used 12684K, capacity 12880K, committed 13056K, reserved 1060864K
  class space    used 1613K, capacity 1688K, committed 1792K, reserved 1048576K
}
Event: 0.846 GC heap before
{Heap before GC invocations=2 (full 1):
 PSYoungGen      total 37888K, used 4918K [0x00000000d6900000, 0x00000000d9300000, 0x0000000100000000)
  eden space 32768K, 0% used [0x00000000d6900000,0x00000000d6900000,0x00000000d8900000)
  from space 5120K, 96% used [0x00000000d8900000,0x00000000d8dcd828,0x00000000d8e00000)
  to   space 5120K, 0% used [0x00000000d8e00000,0x00000000d8e00000,0x00000000d9300000)
 ParOldGen       total 86016K, used 16K [0x0000000083a00000, 0x0000000088e00000, 0x00000000d6900000)
  object space 86016K, 0% used [0x0000000083a00000,0x0000000083a04000,0x0000000088e00000)
 Metaspace       used 12684K, capacity 12880K, committed 13056K, reserved 1060864K
  class space    used 1613K, capacity 1688K, committed 1792K, reserved 1048576K
Event: 0.855 GC heap after
Heap after GC invocations=2 (full 1):
 PSYoungGen      total 37888K, used 0K [0x00000000d6900000, 0x00000000d9300000, 0x0000000100000000)
  eden space 32768K, 0% used [0x00000000d6900000,0x00000000d6900000,0x00000000d8900000)
  from space 5120K, 0% used [0x00000000d8900000,0x00000000d8900000,0x00000000d8e00000)
  to   space 5120K, 0% used [0x00000000d8e00000,0x00000000d8e00000,0x00000000d9300000)
 ParOldGen       total 86016K, used 4746K [0x0000000083a00000, 0x0000000088e00000, 0x00000000d6900000)
  object space 86016K, 5% used [0x0000000083a00000,0x0000000083ea28c8,0x0000000088e00000)
 Metaspace       used 12684K, capacity 12880K, committed 13056K, reserved 1060864K
  class space    used 1613K, capacity 1688K, committed 1792K, reserved 1048576K
}
Event: 0.855 GC heap before
{Heap before GC invocations=3 (full 1):
 PSYoungGen      total 37888K, used 0K [0x00000000d6900000, 0x00000000d9300000, 0x0000000100000000)
  eden space 32768K, 0% used [0x00000000d6900000,0x00000000d6900000,0x00000000d8900000)
  from space 5120K, 0% used [0x00000000d8900000,0x00000000d8900000,0x00000000d8e00000)
  to   space 5120K, 0% used [0x00000000d8e00000,0x00000000d8e00000,0x00000000d9300000)
 ParOldGen       total 86016K, used 4746K [0x0000000083a00000, 0x0000000088e00000, 0x00000000d6900000)
  object space 86016K, 5% used [0x0000000083a00000,0x0000000083ea28c8,0x0000000088e00000)
 Metaspace       used 12684K, capacity 12880K, committed 13056K, reserved 1060864K
  class space    used 1613K, capacity 1688K, committed 1792K, reserved 1048576K
Event: 0.855 GC heap after
Heap after GC invocations=3 (full 1):
 PSYoungGen      total 37888K, used 0K [0x00000000d6900000, 0x00000000d9300000, 0x0000000100000000)
  eden space 32768K, 0% used [0x00000000d6900000,0x00000000d6900000,0x00000000d8900000)
  from space 5120K, 0% used [0x00000000d8e00000,0x00000000d8e00000,0x00000000d9300000)
  to   space 5120K, 0% used [0x00000000d8900000,0x00000000d8900000,0x00000000d8e00000)
 ParOldGen       total 86016K, used 4746K [0x0000000083a00000, 0x0000000088e00000, 0x00000000d6900000)
  object space 86016K, 5% used [0x0000000083a00000,0x0000000083ea28c8,0x0000000088e00000)
 Metaspace       used 12684K, capacity 12880K, committed 13056K, reserved 1060864K
  class space    used 1613K, capacity 1688K, committed 1792K, reserved 1048576K
}
Event: 0.855 GC heap before
{Heap before GC invocations=4 (full 2):
 PSYoungGen      total 37888K, used 0K [0x00000000d6900000, 0x00000000d9300000, 0x0000000100000000)
  eden space 32768K, 0% used [0x00000000d6900000,0x00000000d6900000,0x00000000d8900000)
  from space 5120K, 0% used [0x00000000d8e00000,0x00000000d8e00000,0x00000000d9300000)
  to   space 5120K, 0% used [0x00000000d8900000,0x00000000d8900000,0x00000000d8e00000)
 ParOldGen       total 86016K, used 4746K [0x0000000083a00000, 0x0000000088e00000, 0x00000000d6900000)
  object space 86016K, 5% used [0x0000000083a00000,0x0000000083ea28c8,0x0000000088e00000)
 Metaspace       used 12684K, capacity 12880K, committed 13056K, reserved 1060864K
  class space    used 1613K, capacity 1688K, committed 1792K, reserved 1048576K
Event: 0.863 GC heap after
Heap after GC invocations=4 (full 2):
 PSYoungGen      total 37888K, used 0K [0x00000000d6900000, 0x00000000d9300000, 0x0000000100000000)
  eden space 32768K, 0% used [0x00000000d6900000,0x00000000d6900000,0x00000000d8900000)
  from space 5120K, 0% used [0x00000000d8e00000,0x00000000d8e00000,0x00000000d9300000)
  to   space 5120K, 0% used [0x00000000d8900000,0x00000000d8900000,0x00000000d8e00000)
 ParOldGen       total 86016K, used 4746K [0x0000000083a00000, 0x0000000088e00000, 0x00000000d6900000)
  object space 86016K, 5% used [0x0000000083a00000,0x0000000083ea28a8,0x0000000088e00000)
 Metaspace       used 12684K, capacity 12880K, committed 13056K, reserved 1060864K
  class space    used 1613K, capacity 1688K, committed 1792K, reserved 1048576K
}

Deoptimization events (4 events):
Event: 0.341 Thread 0x000001f4188cd000 Uncommon trap: reason=class_check action=maybe_recompile pc=0x000001f401e916a0 method=java.lang.String.equals(Ljava/lang/Object;)Z @ 8
Event: 0.341 Thread 0x000001f4188cd000 Uncommon trap: reason=class_check action=maybe_recompile pc=0x000001f401e916a0 method=java.lang.String.equals(Ljava/lang/Object;)Z @ 8
Event: 0.341 Thread 0x000001f4188cd000 Uncommon trap: reason=class_check action=maybe_recompile pc=0x000001f401e916a0 method=java.lang.String.equals(Ljava/lang/Object;)Z @ 8
Event: 0.342 Thread 0x000001f4188cd000 Uncommon trap: reason=class_check action=maybe_recompile pc=0x000001f401e916a0 method=java.lang.String.equals(Ljava/lang/Object;)Z @ 8

Classes redefined (0 events):
No events

Internal exceptions (10 events):
Event: 0.115 Thread 0x000001f40044a800 Exception <a 'java/lang/NoSuchFieldError': method resolution failed> (0x00000000d6cfa248) thrown at [C:\cygwin64\tmp\openjdk-jdk8u-windows-x64-hotspot\workspace\build\src\hotspot\src\share\vm\prims\methodHandles.cpp, line 1167]
Event: 0.131 Thread 0x000001f40044a800 Exception <a 'java/lang/ClassNotFoundException': sun/dc/DuctusRenderingEngine> (0x00000000d6d82b38) thrown at [C:\cygwin64\tmp\openjdk-jdk8u-windows-x64-hotspot\workspace\build\src\hotspot\src\share\vm\classfile\systemDictionary.cpp, line 210]
Event: 0.160 Thread 0x000001f4188cd000 Exception <a 'java/io/FileNotFoundException'> (0x00000000d6ef0df0) thrown at [C:\cygwin64\tmp\openjdk-jdk8u-windows-x64-hotspot\workspace\build\src\hotspot\src\share\vm\prims\jni.cpp, line 710]
Event: 0.184 Thread 0x000001f4188cd000 Exception <a 'java/lang/NoClassDefFoundError'> (0x00000000d6f8f518) thrown at [C:\cygwin64\tmp\openjdk-jdk8u-windows-x64-hotspot\workspace\build\src\hotspot\src\share\vm\prims\jvm.cpp, line 1506]
Event: 1.299 Thread 0x000001f418c8e800 Exception <a 'java/security/PrivilegedActionException'> (0x00000000d75c1820) thrown at [C:\cygwin64\tmp\openjdk-jdk8u-windows-x64-hotspot\workspace\build\src\hotspot\src\share\vm\prims\jvm.cpp, line 1502]
Event: 1.299 Thread 0x000001f418c8e800 Exception <a 'java/security/PrivilegedActionException'> (0x00000000d75c3390) thrown at [C:\cygwin64\tmp\openjdk-jdk8u-windows-x64-hotspot\workspace\build\src\hotspot\src\share\vm\prims\jvm.cpp, line 1502]
Event: 1.299 Thread 0x000001f418c8e800 Exception <a 'java/security/PrivilegedActionException'> (0x00000000d75c44b0) thrown at [C:\cygwin64\tmp\openjdk-jdk8u-windows-x64-hotspot\workspace\build\src\hotspot\src\share\vm\prims\jvm.cpp, line 1502]
Event: 1.300 Thread 0x000001f418c8e800 Exception <a 'java/security/PrivilegedActionException'> (0x00000000d75c95f0) thrown at [C:\cygwin64\tmp\openjdk-jdk8u-windows-x64-hotspot\workspace\build\src\hotspot\src\share\vm\prims\jvm.cpp, line 1502]
Event: 1.300 Thread 0x000001f418c8e800 Exception <a 'java/security/PrivilegedActionException'> (0x00000000d75ca248) thrown at [C:\cygwin64\tmp\openjdk-jdk8u-windows-x64-hotspot\workspace\build\src\hotspot\src\share\vm\prims\jvm.cpp, line 1502]
Event: 1.300 Thread 0x000001f418c8e800 Exception <a 'java/security/PrivilegedActionException'> (0x00000000d75cae70) thrown at [C:\cygwin64\tmp\openjdk-jdk8u-windows-x64-hotspot\workspace\build\src\hotspot\src\share\vm\prims\jvm.cpp, line 1502]

Events (10 events):
Event: 1.300 loading class org/lwjgl/openal/ALC10
Event: 1.300 loading class org/lwjgl/openal/ALC10 done
Event: 1.306 loading class org/lwjgl/openal/ALCdevice
Event: 1.306 loading class org/lwjgl/openal/ALCdevice done
Event: 1.306 loading class org/lwjgl/openal/ALCcontext
Event: 1.306 loading class org/lwjgl/openal/ALCcontext done
Event: 1.306 loading class org/lwjgl/openal/Util
Event: 1.306 loading class org/lwjgl/openal/Util done
Event: 1.306 loading class org/lwjgl/openal/OpenALException
Event: 1.306 loading class org/lwjgl/openal/OpenALException done


Dynamic libraries:
0x00007ff68ab60000 - 0x00007ff68ab9a000 	C:\Program Files\jmonkeyplatform\jdk\bin\java.exe
0x00007ffb8ff70000 - 0x00007ffb90168000 	C:\windows\SYSTEM32\ntdll.dll
0x00007ffb8fb40000 - 0x00007ffb8fbff000 	C:\windows\System32\KERNEL32.DLL
0x00007ffb8d8f0000 - 0x00007ffb8dbc2000 	C:\windows\System32\KERNELBASE.dll
0x00007ffb8ec10000 - 0x00007ffb8ecbe000 	C:\windows\System32\ADVAPI32.dll
0x00007ffb8faa0000 - 0x00007ffb8fb3e000 	C:\windows\System32\msvcrt.dll
0x00007ffb8e380000 - 0x00007ffb8e41c000 	C:\windows\System32\sechost.dll
0x00007ffb8ed20000 - 0x00007ffb8ee45000 	C:\windows\System32\RPCRT4.dll
0x00007ffb8fd30000 - 0x00007ffb8fecd000 	C:\windows\System32\USER32.dll
0x00007ffb8d8c0000 - 0x00007ffb8d8e2000 	C:\windows\System32\win32u.dll
0x00007ffb8e230000 - 0x00007ffb8e25b000 	C:\windows\System32\GDI32.dll
0x00007ffb8dd30000 - 0x00007ffb8de3f000 	C:\windows\System32\gdi32full.dll
0x00007ffb8d670000 - 0x00007ffb8d70d000 	C:\windows\System32\msvcp_win.dll
0x00007ffb8d710000 - 0x00007ffb8d810000 	C:\windows\System32\ucrtbase.dll
0x00007ffb7e090000 - 0x00007ffb7e32a000 	C:\windows\WinSxS\amd64_microsoft.windows.common-controls_6595b64144ccf1df_6.0.19041.1110_none_60b5254171f9507e\COMCTL32.dll
0x00007ffb8fc00000 - 0x00007ffb8fc32000 	C:\windows\System32\IMM32.DLL
0x00007ffb42930000 - 0x00007ffb42a1f000 	C:\Program Files\jmonkeyplatform\jdk\jre\bin\msvcr120.dll
0x00007ffb3e450000 - 0x00007ffb3e4f6000 	C:\Program Files\jmonkeyplatform\jdk\jre\bin\msvcp120.dll
0x000000006ead0000 - 0x000000006f2cb000 	C:\Program Files\jmonkeyplatform\jdk\jre\bin\server\jvm.dll
0x00007ffb8f050000 - 0x00007ffb8f058000 	C:\windows\System32\PSAPI.DLL
0x00007ffb84fa0000 - 0x00007ffb84fa9000 	C:\windows\SYSTEM32\WSOCK32.dll
0x00007ffb80770000 - 0x00007ffb8077a000 	C:\windows\SYSTEM32\VERSION.dll
0x00007ffb6ad40000 - 0x00007ffb6ad67000 	C:\windows\SYSTEM32\WINMM.dll
0x00007ffb8efe0000 - 0x00007ffb8f04b000 	C:\windows\System32\WS2_32.dll
0x00007ffb83150000 - 0x00007ffb8315f000 	C:\Program Files\jmonkeyplatform\jdk\jre\bin\verify.dll
0x00007ffb72060000 - 0x00007ffb72088000 	C:\Program Files\jmonkeyplatform\jdk\jre\bin\java.dll
0x00007ffb81340000 - 0x00007ffb81356000 	C:\Program Files\jmonkeyplatform\jdk\jre\bin\zip.dll
0x00007ffb8e4c0000 - 0x00007ffb8ec03000 	C:\windows\System32\SHELL32.dll
0x00007ffb8b270000 - 0x00007ffb8ba02000 	C:\windows\SYSTEM32\windows.storage.dll
0x00007ffb8f060000 - 0x00007ffb8f3b4000 	C:\windows\System32\combase.dll
0x00007ffb8d0d0000 - 0x00007ffb8d100000 	C:\windows\SYSTEM32\Wldp.dll
0x00007ffb8ee50000 - 0x00007ffb8eefd000 	C:\windows\System32\SHCORE.dll
0x00007ffb8ecc0000 - 0x00007ffb8ed15000 	C:\windows\System32\shlwapi.dll
0x00007ffb8d5b0000 - 0x00007ffb8d5cf000 	C:\windows\SYSTEM32\profapi.dll
0x00007ffb3dcf0000 - 0x00007ffb3de85000 	C:\Program Files\jmonkeyplatform\jdk\jre\bin\awt.dll
0x00007ffb8dfd0000 - 0x00007ffb8e09d000 	C:\windows\System32\OLEAUT32.dll
0x00007ffb8a810000 - 0x00007ffb8a8a1000 	C:\windows\SYSTEM32\apphelp.dll
0x00007ffb8a9b0000 - 0x00007ffb8aa4e000 	C:\windows\system32\uxtheme.dll
0x00007ffb8e260000 - 0x00007ffb8e375000 	C:\windows\System32\MSCTF.dll
0x00007ffb8e0a0000 - 0x00007ffb8e1ca000 	C:\windows\System32\ole32.dll
0x00007ffb8c000000 - 0x00007ffb8c012000 	C:\windows\SYSTEM32\kernel.appcore.dll
0x00007ffb8de40000 - 0x00007ffb8dec2000 	C:\windows\System32\bcryptPrimitives.dll
0x00007ffb8abe0000 - 0x00007ffb8ac0f000 	C:\windows\system32\DWMAPI.DLL
0x00007ffb6ba00000 - 0x00007ffb6bb25000 	C:\windows\system32\opengl32.dll
0x00007ffb81460000 - 0x00007ffb8148c000 	C:\windows\SYSTEM32\GLU32.dll
0x00007ffb3f970000 - 0x00007ffb3fa03000 	C:\Program Files\jmonkeyplatform\jdk\jre\bin\freetype.dll
0x00007ffb3da60000 - 0x00007ffb3db1c000 	C:\Program Files\jmonkeyplatform\jdk\jre\bin\fontmanager.dll
0x00007ffb7b080000 - 0x00007ffb7b09a000 	C:\Program Files\jmonkeyplatform\jdk\jre\bin\net.dll
0x00007ffb736c0000 - 0x00007ffb738ad000 	C:\windows\SYSTEM32\urlmon.dll
0x00007ffb73400000 - 0x00007ffb736b1000 	C:\windows\SYSTEM32\iertutil.dll
0x00007ffb8cbe0000 - 0x00007ffb8cbec000 	C:\windows\SYSTEM32\netutils.dll
0x00007ffb74250000 - 0x00007ffb74278000 	C:\windows\SYSTEM32\srvcli.dll
0x00007ffb8ce30000 - 0x00007ffb8ce9a000 	C:\windows\system32\mswsock.dll
0x00007ffb74b50000 - 0x00007ffb74b62000 	C:\Program Files\jmonkeyplatform\jdk\jre\bin\nio.dll
0x00007ffb6b1a0000 - 0x00007ffb6b299000 	C:\windows\SYSTEM32\textinputframework.dll
0x00007ffb86e20000 - 0x00007ffb86f12000 	C:\windows\System32\CoreMessaging.dll
0x00007ffb86ac0000 - 0x00007ffb86e1e000 	C:\windows\System32\CoreUIComponents.dll
0x00007ffb8c800000 - 0x00007ffb8c833000 	C:\windows\SYSTEM32\ntmarta.dll
0x00007ffb86310000 - 0x00007ffb86464000 	C:\windows\SYSTEM32\wintypes.dll
0x00007ffb38770000 - 0x00007ffb38942000 	C:\Users\48793\Documents\BulletHeavenFPS\bulletjme.dll
0x0000000180000000 - 0x0000000180064000 	C:\Users\48793\Documents\BulletHeavenFPS\OpenAL64.dll
0x000001f41ab10000 - 0x000001f41ab63000 	C:\Users\48793\Documents\BulletHeavenFPS\lwjgl64.dll
0x00007ffb83800000 - 0x00007ffb838ae000 	C:\windows\SYSTEM32\mscms.dll
0x00007ffb8d570000 - 0x00007ffb8d59e000 	C:\windows\SYSTEM32\USERENV.dll
0x00007ffb837e0000 - 0x00007ffb837f1000 	C:\windows\SYSTEM32\ColorAdapterClient.dll
0x00007ffb8f3c0000 - 0x00007ffb8f46f000 	C:\windows\System32\clbcatq.dll
0x00007ffb81170000 - 0x00007ffb811b3000 	C:\Windows\System32\Windows.Internal.Graphics.Display.DisplayColorManagement.dll
0x00007ffb8df70000 - 0x00007ffb8dfbe000 	C:\windows\System32\cfgmgr32.dll
0x00007ffb80840000 - 0x00007ffb80937000 	C:\Windows\System32\AppXDeploymentClient.dll
0x00007ffb302d0000 - 0x00007ffb3129b000 	C:\windows\System32\DriverStore\FileRepository\iigd_dch.inf_amd64_5d4f0988fea137a7\igxelpicd64.dll
0x00007ffb8bf00000 - 0x00007ffb8bff3000 	C:\windows\system32\dxgi.dll
0x00007ffb35fa0000 - 0x00007ffb36427000 	C:\windows\System32\DriverStore\FileRepository\iigd_dch.inf_amd64_5d4f0988fea137a7\igdml64.dll
0x00007ffb7c200000 - 0x00007ffb7c5cd000 	C:\windows\System32\DriverStore\FileRepository\iigd_dch.inf_amd64_5d4f0988fea137a7\igdgmm64.dll
0x00007ffb697e0000 - 0x00007ffb69823000 	C:\windows\SYSTEM32\icm32.dll
0x00007ffb77540000 - 0x00007ffb7a287000 	C:\windows\System32\DriverStore\FileRepository\iigd_dch.inf_amd64_5d4f0988fea137a7\igc64.dll
0x00007ffb8cc40000 - 0x00007ffb8cc8b000 	C:\windows\SYSTEM32\powrprof.dll
0x00007ffb8cab0000 - 0x00007ffb8cac2000 	C:\windows\SYSTEM32\UMPDC.dll
0x00007ffb7b810000 - 0x00007ffb7b895000 	C:\windows\System32\MMDevApi.dll
0x00007ffb8d420000 - 0x00007ffb8d44c000 	C:\windows\System32\DEVOBJ.dll
0x00007ffb3dc50000 - 0x00007ffb3dcec000 	C:\windows\SYSTEM32\dsound.dll
0x00007ffb67b80000 - 0x00007ffb67ba6000 	C:\windows\SYSTEM32\winmmbase.dll
0x00007ffb7b8a0000 - 0x00007ffb7ba22000 	C:\windows\SYSTEM32\AUDIOSES.DLL
0x00007ffb8ba10000 - 0x00007ffb8bbf4000 	C:\windows\SYSTEM32\dbghelp.dll

VM Arguments:
jvm_args: -Dfile.encoding=UTF-8 
java_command: mygame.Main
java_class_path (initial): C:\Program Files\jmonkeyplatform\jmonkeyplatform\libs\jme3-jogg-3.2.4-stable.jar;C:\Program Files\jmonkeyplatform\jmonkeyplatform\libs\j-ogg-all-1.0.0.jar;C:\Program Files\jmonkeyplatform\jmonkeyplatform\libs\jme3-networking-3.2.4-stable.jar;C:\Program Files\jmonkeyplatform\jmonkeyplatform\libs\jme3-plugins-3.2.4-stable.jar;C:\Program Files\jmonkeyplatform\jmonkeyplatform\libs\gson-2.8.1.jar;C:\Program Files\jmonkeyplatform\jmonkeyplatform\libs\jme3-core-3.2.4-stable.jar;C:\Program Files\jmonkeyplatform\jmonkeyplatform\libs\jme3-desktop-3.2.4-stable.jar;C:\Program Files\jmonkeyplatform\jmonkeyplatform\libs\jme3-lwjgl-3.2.4-stable.jar;C:\Program Files\jmonkeyplatform\jmonkeyplatform\libs\lwjgl-2.9.3.jar;C:\Program Files\jmonkeyplatform\jmonkeyplatform\libs\jinput-2.0.5.jar;C:\Program Files\jmonkeyplatform\jmonkeyplatform\libs\jinput-platform-2.0.5-natives-linux.jar;C:\Program Files\jmonkeyplatform\jmonkeyplatform\libs\jinput-platform-2.0.5-natives-windows.jar;C:\Program Files\jmonkeyplatform\jmonkeyplatform\libs\jinput-platform-2.0.5-natives-osx.jar;C:\Program Files\jmonkeyplatform\jmonkeyplatform\libs\jutils-1.0.0.jar;C:\Program Files\jmonkeyplatform\jmonkeyplatform\libs\lwjgl-platform-2.9.3-natives-windows.jar;C:\Program Files\jmonkeyplatform\jmonkeyplatform\libs\lwjgl-platform-2.9.3-natives-linux.jar;C:\Program Files\jmonkeyplatform\jmonkeyplatform\libs\lwjgl-platform-2.9.3-natives-osx.jar;C:\Program Files\jmonkeyplatform\jmonkeyplatform\libs\jme3-effects-3.2.4-stable.jar;C:\Program Files\jmonkeyplatform\jmonkeyplatform\libs\jme3-terrain-3.2.4-stable.jar;C:\Program Files\jmonkeyplatform\jmonkeyplatform\libs\jme3-bullet-3.2.4-stable.jar;C:\Program Files\jmonkeyplatform\jmonkeyplatform\libs\jme3-bullet-native-3.2.4-stable.jar;C:\Program Files\jmonkeyplatform\jmonkeyplatform\libs\jme3-niftygui-3.2.4-stable.jar;C:\Program Files\jmonkeyplatform\jmonkeyplatform\libs\nifty-style-black-1.4.3.jar;C:\Program Files\jmonkeyplatform\jmonkeyplatform
Launcher Type: SUN_STANDARD

Environment Variables:
PATH=C:\Program Files (x86)\Common Files\Oracle\Java\javapath;C:\windows\system32;C:\windows;C:\windows\System32\Wbem;C:\windows\System32\WindowsPowerShell\v1.0\;C:\windows\System32\OpenSSH\;C:\Program Files\MATLAB\R2021b\bin;C:\Program Files\dotnet\;C:\Program Files\Git\cmd;C:\Program Files (x86)\Microsoft SQL Server\150\DTS\Binn\;C:\Program Files\Azure Data Studio\bin;C:\Program Files\Microsoft SQL Server\Client SDK\ODBC\170\Tools\Binn\;C:\Program Files (x86)\Microsoft SQL Server\150\Tools\Binn\;C:\Program Files\Microsoft SQL Server\150\Tools\Binn\;C:\Program Files\Microsoft SQL Server\150\DTS\Binn\;C:\Program Files\MySQL\MySQL Shell 8.0\bin\;C:\Users\48793\AppData\Local\Programs\Python\Python310\Scripts\;C:\Users\48793\AppData\Local\Programs\Python\Python310\;C:\Users\48793\AppData\Local\Microsoft\WindowsApps;;C:\Users\48793\AppData\Local\Programs\Microsoft VS Code\bin;C:\Users\48793\.dotnet\tools;C:\Program Files\Azure Data Studio\bin
USERNAME=48793
OS=Windows_NT
PROCESSOR_IDENTIFIER=Intel64 Family 6 Model 140 Stepping 1, GenuineIntel



---------------  S Y S T E M  ---------------

OS: Windows 10.0 , 64 bit Build 19041 (10.0.19041.2251)

CPU:total 8 (initial active 8) (4 cores per cpu, 2 threads per core) family 6 model 140 stepping 1, cmov, cx8, fxsr, mmx, sse, sse2, sse3, ssse3, sse4.1, sse4.2, popcnt, avx, avx2, aes, clmul, erms, 3dnowpref, lzcnt, ht, tsc, tscinvbit, bmi1, bmi2, adx

Memory: 4k page, physical 8148984k(2346560k free), swap 15655180k(5830176k free)

vm_info: OpenJDK 64-Bit Server VM (25.212-b04) for windows-amd64 JRE (1.8.0_212-b04), built on Jun  3 2019 21:11:11 by "jenkins" with MS VC++ 12.0 (VS2013)

time: Mon Dec 05 01:09:02 2022
timezone: ?rodkowoeuropejski czas stand.
elapsed time: 1 seconds (0d 0h 0m 1s)

